<?xml version="1.0" encoding="UTF-8"?>
<!-- Generated by org.testng.reporters.JUnitXMLReporter -->
<testsuite ignored="0" hostname="LAPTOP-6HTOKEIU" failures="0" tests="8" name="Command line test" time="62.939" errors="0" timestamp="2022-01-19T16:52:42 CET">
  <testcase classname="org.selenium.pom.tests.AddToCartTest" name="addToCartFromStorePage" time="3.437"/>
  <testcase classname="org.selenium.pom.tests.CheckoutTest" name="guestCheckoutUsingDirectBankTransfer" time="8.978"/>
  <testcase classname="org.selenium.pom.tests.CheckoutTest" name="loginAndCheckoutUsingDirectBankTransfer" time="8.041"/>
  <testcase classname="org.selenium.pom.tests.LoginTest" name="loginDuringCheckout" time="8.374"/>
  <testcase classname="org.selenium.pom.tests.MyFirstTestCase" name="guestCheckoutUsingDirectBankTransfer" time="8.941"/>
  <testcase classname="org.selenium.pom.tests.MyFirstTestCase" name="loginAndCheckoutUsingDirectBankTransfer" time="11.085"/>
  <testcase classname="org.selenium.pom.tests.NavigationTest" name="navigateFromHomeToStoreUsingMainMenu" time="1.752"/>
  <testcase classname="org.selenium.pom.tests.SearchTest" name="searchWithPartialMatch" time="2.203"/>
</testsuite> <!-- Command line test -->
