<!DOCTYPE html>

<html>
  <head>
  <meta charset='utf-8'>
  <title>TestNG reports</title>

    <link type="text/css" href="testng-reports1.css" rel="stylesheet" id="ultra" />
    <link type="text/css" href="testng-reports.css" rel="stylesheet" id="retro" disabled="false"/>
    <script type="text/javascript" src="jquery.min.js"></script>
    <script type="text/javascript" src="testng-reports.js"></script>
    <script type="text/javascript" src="https://www.google.com/jsapi"></script>
    <script type='text/javascript'>
      google.load('visualization', '1', {packages:['table']});
      google.setOnLoadCallback(drawTable);
      var suiteTableInitFunctions = new Array();
      var suiteTableData = new Array();
    </script>
    <!--
      <script type="text/javascript" src="jquery-ui/js/jquery-ui-1.8.16.custom.min.js"></script>
     -->
  </head>

  <body>
    <div class="top-banner-root">
      <span class="top-banner-title-font">Test results</span>
      <button id="button" class="button">Switch Retro Theme</button> <!-- button -->
      <br/>
      <span class="top-banner-font-1">1 suite, 4 failed tests</span>
    </div> <!-- top-banner-root -->
    <div class="navigator-root">
      <div class="navigator-suite-header">
        <span>All suites</span>
        <a href="#" title="Collapse/expand all the suites" class="collapse-all-link">
          <img src="collapseall.gif" class="collapse-all-icon">
          </img> <!-- collapse-all-icon -->
        </a> <!-- collapse-all-link -->
      </div> <!-- navigator-suite-header -->
      <div class="suite">
        <div class="rounded-window">
          <div class="suite-header light-rounded-window-top">
            <a href="#" panel-name="suite-Default_Suite" class="navigator-link">
              <span class="suite-name border-failed">Default Suite</span>
            </a> <!-- navigator-link -->
          </div> <!-- suite-header light-rounded-window-top -->
          <div class="navigator-suite-content">
            <div class="suite-section-title">
              <span>Info</span>
            </div> <!-- suite-section-title -->
            <div class="suite-section-content">
              <ul>
                <li>
                  <a href="#" panel-name="test-xml-Default_Suite" class="navigator-link ">
                    <span>C:\Users\Rafał\Documents\kod\MasterSeleniumFramework\testng\testng.xml</span>
                  </a> <!-- navigator-link  -->
                </li>
                <li>
                  <a href="#" panel-name="testlist-Default_Suite" class="navigator-link ">
                    <span class="test-stats">2 tests</span>
                  </a> <!-- navigator-link  -->
                </li>
                <li>
                  <a href="#" panel-name="group-Default_Suite" class="navigator-link ">
                    <span>0 groups</span>
                  </a> <!-- navigator-link  -->
                </li>
                <li>
                  <a href="#" panel-name="times-Default_Suite" class="navigator-link ">
                    <span>Times</span>
                  </a> <!-- navigator-link  -->
                </li>
                <li>
                  <a href="#" panel-name="reporter-Default_Suite" class="navigator-link ">
                    <span>Reporter output</span>
                  </a> <!-- navigator-link  -->
                </li>
                <li>
                  <a href="#" panel-name="ignored-methods-Default_Suite" class="navigator-link ">
                    <span>Ignored methods</span>
                  </a> <!-- navigator-link  -->
                </li>
                <li>
                  <a href="#" panel-name="chronological-Default_Suite" class="navigator-link ">
                    <span>Chronological view</span>
                  </a> <!-- navigator-link  -->
                </li>
              </ul>
            </div> <!-- suite-section-content -->
            <div class="result-section">
              <div class="suite-section-title">
                <span>Results</span>
              </div> <!-- suite-section-title -->
              <div class="suite-section-content">
                <ul>
                  <li>
                    <span class="method-stats">48 methods, 4 failed,  1 skipped,  43 passed</span>
                  </li>
                  <li>
                    <span class="method-list-title failed">Failed methods</span>
                    <span class="show-or-hide-methods failed">
                      <a href="#" panel-name="suite-Default_Suite" class="hide-methods failed suite-Default_Suite"> (hide)</a> <!-- hide-methods failed suite-Default_Suite -->
                      <a href="#" panel-name="suite-Default_Suite" class="show-methods failed suite-Default_Suite"> (show)</a> <!-- show-methods failed suite-Default_Suite -->
                    </span>
                    <div class="method-list-content failed suite-Default_Suite">
                      <span>
                        <img src="failed.png" width="3%"/>
                        <a href="#" panel-name="suite-Default_Suite" title="org.selenium.pom.tests.CheckoutTest" class="method navigator-link" hash-for-method="guestCheckoutUsingDirectBankTransfer(org.selenium.pom.objects.BillingAddress@395e0f1d)">guestCheckoutUsingDirectBankTransfer(org.selenium.pom.objects.BillingAddress@395e0f1d)</a> <!-- method navigator-link -->
                      </span>
                      <br/>
                      <span>
                        <img src="failed.png" width="3%"/>
                        <a href="#" panel-name="suite-Default_Suite" title="org.selenium.pom.tests.MyFirstTestCase" class="method navigator-link" hash-for-method="loginAndCheckoutUsingDirectBankTransfer">loginAndCheckoutUsingDirectBankTransfer</a> <!-- method navigator-link -->
                      </span>
                      <br/>
                      <span>
                        <img src="failed.png" width="3%"/>
                        <a href="#" panel-name="suite-Default_Suite" title="org.selenium.pom.tests.CheckoutTest" class="method navigator-link" hash-for-method="loginAndCheckoutUsingDirectBankTransfer(org.selenium.pom.objects.BillingAddress@5e4ba29)">loginAndCheckoutUsingDirectBankTransfer(org.selenium.pom.objects.BillingAddress@5e4ba29)</a> <!-- method navigator-link -->
                      </span>
                      <br/>
                      <span>
                        <img src="failed.png" width="3%"/>
                        <a href="#" panel-name="suite-Default_Suite" title="org.selenium.pom.tests.NavigationTest" class="method navigator-link" hash-for-method="navigateFromStoreToProductPage">navigateFromStoreToProductPage</a> <!-- method navigator-link -->
                      </span>
                      <br/>
                    </div> <!-- method-list-content failed suite-Default_Suite -->
                  </li>
                  <li>
                    <span class="method-list-title skipped">Skipped methods</span>
                    <span class="show-or-hide-methods skipped">
                      <a href="#" panel-name="suite-Default_Suite" class="hide-methods skipped suite-Default_Suite"> (hide)</a> <!-- hide-methods skipped suite-Default_Suite -->
                      <a href="#" panel-name="suite-Default_Suite" class="show-methods skipped suite-Default_Suite"> (show)</a> <!-- show-methods skipped suite-Default_Suite -->
                    </span>
                    <div class="method-list-content skipped suite-Default_Suite">
                      <span>
                        <img src="skipped.png" width="3%"/>
                        <a href="#" panel-name="suite-Default_Suite" title="org.selenium.pom.tests.LoginTest" class="method navigator-link" hash-for-method="loginDuringCheckout">loginDuringCheckout</a> <!-- method navigator-link -->
                      </span>
                      <br/>
                    </div> <!-- method-list-content skipped suite-Default_Suite -->
                  </li>
                  <li>
                    <span class="method-list-title passed">Passed methods</span>
                    <span class="show-or-hide-methods passed">
                      <a href="#" panel-name="suite-Default_Suite" class="hide-methods passed suite-Default_Suite"> (hide)</a> <!-- hide-methods passed suite-Default_Suite -->
                      <a href="#" panel-name="suite-Default_Suite" class="show-methods passed suite-Default_Suite"> (show)</a> <!-- show-methods passed suite-Default_Suite -->
                    </span>
                    <div class="method-list-content passed suite-Default_Suite">
                      <span>
                        <img src="passed.png" width="3%"/>
                        <a href="#" panel-name="suite-Default_Suite" title="org.selenium.pom.tests.AddToCartTest" class="method navigator-link" hash-for-method="addToCartBraceletsFromStorePage(org.selenium.pom.objects.Product@388ace84)">addToCartBraceletsFromStorePage(org.selenium.pom.objects.Product@388ace84)</a> <!-- method navigator-link -->
                      </span>
                      <br/>
                      <span>
                        <img src="passed.png" width="3%"/>
                        <a href="#" panel-name="suite-Default_Suite" title="org.selenium.pom.tests.AddToCartTest" class="method navigator-link" hash-for-method="addToCartBraceletsFromStorePage(org.selenium.pom.objects.Product@ccfaee1)">addToCartBraceletsFromStorePage(org.selenium.pom.objects.Product@ccfaee1)</a> <!-- method navigator-link -->
                      </span>
                      <br/>
                      <span>
                        <img src="passed.png" width="3%"/>
                        <a href="#" panel-name="suite-Default_Suite" title="org.selenium.pom.tests.AddToCartTest" class="method navigator-link" hash-for-method="addToCartBraceletsFromStorePage(org.selenium.pom.objects.Product@f993fb)">addToCartBraceletsFromStorePage(org.selenium.pom.objects.Product@f993fb)</a> <!-- method navigator-link -->
                      </span>
                      <br/>
                      <span>
                        <img src="passed.png" width="3%"/>
                        <a href="#" panel-name="suite-Default_Suite" title="org.selenium.pom.tests.AddToCartTest" class="method navigator-link" hash-for-method="addToCartBraceletsFromStorePage(org.selenium.pom.objects.Product@715e9e9d)">addToCartBraceletsFromStorePage(org.selenium.pom.objects.Product@715e9e9d)</a> <!-- method navigator-link -->
                      </span>
                      <br/>
                      <span>
                        <img src="passed.png" width="3%"/>
                        <a href="#" panel-name="suite-Default_Suite" title="org.selenium.pom.tests.AddToCartTest" class="method navigator-link" hash-for-method="addToCartFeaturedProducts(org.selenium.pom.objects.Product@55b22d2)">addToCartFeaturedProducts(org.selenium.pom.objects.Product@55b22d2)</a> <!-- method navigator-link -->
                      </span>
                      <br/>
                      <span>
                        <img src="passed.png" width="3%"/>
                        <a href="#" panel-name="suite-Default_Suite" title="org.selenium.pom.tests.AddToCartTest" class="method navigator-link" hash-for-method="addToCartFeaturedProducts(org.selenium.pom.objects.Product@6e586cb2)">addToCartFeaturedProducts(org.selenium.pom.objects.Product@6e586cb2)</a> <!-- method navigator-link -->
                      </span>
                      <br/>
                      <span>
                        <img src="passed.png" width="3%"/>
                        <a href="#" panel-name="suite-Default_Suite" title="org.selenium.pom.tests.AddToCartTest" class="method navigator-link" hash-for-method="addToCartFeaturedProducts(org.selenium.pom.objects.Product@613167da)">addToCartFeaturedProducts(org.selenium.pom.objects.Product@613167da)</a> <!-- method navigator-link -->
                      </span>
                      <br/>
                      <span>
                        <img src="passed.png" width="3%"/>
                        <a href="#" panel-name="suite-Default_Suite" title="org.selenium.pom.tests.AddToCartTest" class="method navigator-link" hash-for-method="addToCartFeaturedProducts(org.selenium.pom.objects.Product@164fb91e)">addToCartFeaturedProducts(org.selenium.pom.objects.Product@164fb91e)</a> <!-- method navigator-link -->
                      </span>
                      <br/>
                      <span>
                        <img src="passed.png" width="3%"/>
                        <a href="#" panel-name="suite-Default_Suite" title="org.selenium.pom.tests.AddToCartTest" class="method navigator-link" hash-for-method="addToCartFeaturedProducts(org.selenium.pom.objects.Product@3a3f5dd4)">addToCartFeaturedProducts(org.selenium.pom.objects.Product@3a3f5dd4)</a> <!-- method navigator-link -->
                      </span>
                      <br/>
                      <span>
                        <img src="passed.png" width="3%"/>
                        <a href="#" panel-name="suite-Default_Suite" title="org.selenium.pom.tests.AddToCartTest" class="method navigator-link" hash-for-method="addToCartFeaturedProducts(org.selenium.pom.objects.Product@792b83d9)">addToCartFeaturedProducts(org.selenium.pom.objects.Product@792b83d9)</a> <!-- method navigator-link -->
                      </span>
                      <br/>
                      <span>
                        <img src="passed.png" width="3%"/>
                        <a href="#" panel-name="suite-Default_Suite" title="org.selenium.pom.tests.AddToCartTest" class="method navigator-link" hash-for-method="addToCartFeaturedProducts(org.selenium.pom.objects.Product@4ef7c085)">addToCartFeaturedProducts(org.selenium.pom.objects.Product@4ef7c085)</a> <!-- method navigator-link -->
                      </span>
                      <br/>
                      <span>
                        <img src="passed.png" width="3%"/>
                        <a href="#" panel-name="suite-Default_Suite" title="org.selenium.pom.tests.AddToCartTest" class="method navigator-link" hash-for-method="addToCartFeaturedProducts(org.selenium.pom.objects.Product@5066ba4e)">addToCartFeaturedProducts(org.selenium.pom.objects.Product@5066ba4e)</a> <!-- method navigator-link -->
                      </span>
                      <br/>
                      <span>
                        <img src="passed.png" width="3%"/>
                        <a href="#" panel-name="suite-Default_Suite" title="org.selenium.pom.tests.AddToCartTest" class="method navigator-link" hash-for-method="addToCartFeaturedProducts(org.selenium.pom.objects.Product@32376fa)">addToCartFeaturedProducts(org.selenium.pom.objects.Product@32376fa)</a> <!-- method navigator-link -->
                      </span>
                      <br/>
                      <span>
                        <img src="passed.png" width="3%"/>
                        <a href="#" panel-name="suite-Default_Suite" title="org.selenium.pom.tests.AddToCartTest" class="method navigator-link" hash-for-method="addToCartFeaturedProducts(org.selenium.pom.objects.Product@2092199b)">addToCartFeaturedProducts(org.selenium.pom.objects.Product@2092199b)</a> <!-- method navigator-link -->
                      </span>
                      <br/>
                      <span>
                        <img src="passed.png" width="3%"/>
                        <a href="#" panel-name="suite-Default_Suite" title="org.selenium.pom.tests.AddToCartTest" class="method navigator-link" hash-for-method="addToCartFromStorePage">addToCartFromStorePage</a> <!-- method navigator-link -->
                      </span>
                      <br/>
                      <span>
                        <img src="passed.png" width="3%"/>
                        <a href="#" panel-name="suite-Default_Suite" title="org.selenium.pom.tests.AddToCartTest" class="method navigator-link" hash-for-method="addToCartFromStorePage">addToCartFromStorePage</a> <!-- method navigator-link -->
                      </span>
                      <br/>
                      <span>
                        <img src="passed.png" width="3%"/>
                        <a href="#" panel-name="suite-Default_Suite" title="org.selenium.pom.tests.MyFirstTestCase" class="method navigator-link" hash-for-method="guestCheckoutUsingDirectBankTransfer">guestCheckoutUsingDirectBankTransfer</a> <!-- method navigator-link -->
                      </span>
                      <br/>
                      <span>
                        <img src="passed.png" width="3%"/>
                        <a href="#" panel-name="suite-Default_Suite" title="org.selenium.pom.tests.CheckoutTest" class="method navigator-link" hash-for-method="guestCheckoutUsingDirectBankTransfer(org.selenium.pom.objects.BillingAddress@3a4d861)">guestCheckoutUsingDirectBankTransfer(org.selenium.pom.objects.BillingAddress@3a4d861)</a> <!-- method navigator-link -->
                      </span>
                      <br/>
                      <span>
                        <img src="passed.png" width="3%"/>
                        <a href="#" panel-name="suite-Default_Suite" title="org.selenium.pom.tests.CheckoutTest" class="method navigator-link" hash-for-method="guestCheckoutUsingDirectBankTransfer(org.selenium.pom.objects.BillingAddress@24fcf5e5)">guestCheckoutUsingDirectBankTransfer(org.selenium.pom.objects.BillingAddress@24fcf5e5)</a> <!-- method navigator-link -->
                      </span>
                      <br/>
                      <span>
                        <img src="passed.png" width="3%"/>
                        <a href="#" panel-name="suite-Default_Suite" title="org.selenium.pom.tests.CheckoutTest" class="method navigator-link" hash-for-method="guestCheckoutUsingDirectBankTransfer(org.selenium.pom.objects.BillingAddress@64a89926)">guestCheckoutUsingDirectBankTransfer(org.selenium.pom.objects.BillingAddress@64a89926)</a> <!-- method navigator-link -->
                      </span>
                      <br/>
                      <span>
                        <img src="passed.png" width="3%"/>
                        <a href="#" panel-name="suite-Default_Suite" title="org.selenium.pom.tests.CheckoutTest" class="method navigator-link" hash-for-method="guestCheckoutUsingDirectBankTransfer(org.selenium.pom.objects.BillingAddress@7a08ae00)">guestCheckoutUsingDirectBankTransfer(org.selenium.pom.objects.BillingAddress@7a08ae00)</a> <!-- method navigator-link -->
                      </span>
                      <br/>
                      <span>
                        <img src="passed.png" width="3%"/>
                        <a href="#" panel-name="suite-Default_Suite" title="org.selenium.pom.tests.CheckoutTest" class="method navigator-link" hash-for-method="guestCheckoutUsingDirectBankTransfer(org.selenium.pom.objects.BillingAddress@70b102c2)">guestCheckoutUsingDirectBankTransfer(org.selenium.pom.objects.BillingAddress@70b102c2)</a> <!-- method navigator-link -->
                      </span>
                      <br/>
                      <span>
                        <img src="passed.png" width="3%"/>
                        <a href="#" panel-name="suite-Default_Suite" title="org.selenium.pom.tests.MyFirstTestCase" class="method navigator-link" hash-for-method="guestCheckoutUsingDirectBankTransfer">guestCheckoutUsingDirectBankTransfer</a> <!-- method navigator-link -->
                      </span>
                      <br/>
                      <span>
                        <img src="passed.png" width="3%"/>
                        <a href="#" panel-name="suite-Default_Suite" title="org.selenium.pom.tests.LoginTest" class="method navigator-link" hash-for-method="login">login</a> <!-- method navigator-link -->
                      </span>
                      <br/>
                      <span>
                        <img src="passed.png" width="3%"/>
                        <a href="#" panel-name="suite-Default_Suite" title="org.selenium.pom.tests.LoginTest" class="method navigator-link" hash-for-method="login">login</a> <!-- method navigator-link -->
                      </span>
                      <br/>
                      <span>
                        <img src="passed.png" width="3%"/>
                        <a href="#" panel-name="suite-Default_Suite" title="org.selenium.pom.tests.CheckoutTest" class="method navigator-link" hash-for-method="loginAndCheckoutUsingDirectBankTransfer(org.selenium.pom.objects.BillingAddress@18c5cef3)">loginAndCheckoutUsingDirectBankTransfer(org.selenium.pom.objects.BillingAddress@18c5cef3)</a> <!-- method navigator-link -->
                      </span>
                      <br/>
                      <span>
                        <img src="passed.png" width="3%"/>
                        <a href="#" panel-name="suite-Default_Suite" title="org.selenium.pom.tests.CheckoutTest" class="method navigator-link" hash-for-method="loginAndCheckoutUsingDirectBankTransfer(org.selenium.pom.objects.BillingAddress@5497a622)">loginAndCheckoutUsingDirectBankTransfer(org.selenium.pom.objects.BillingAddress@5497a622)</a> <!-- method navigator-link -->
                      </span>
                      <br/>
                      <span>
                        <img src="passed.png" width="3%"/>
                        <a href="#" panel-name="suite-Default_Suite" title="org.selenium.pom.tests.CheckoutTest" class="method navigator-link" hash-for-method="loginAndCheckoutUsingDirectBankTransfer(org.selenium.pom.objects.BillingAddress@6540c038)">loginAndCheckoutUsingDirectBankTransfer(org.selenium.pom.objects.BillingAddress@6540c038)</a> <!-- method navigator-link -->
                      </span>
                      <br/>
                      <span>
                        <img src="passed.png" width="3%"/>
                        <a href="#" panel-name="suite-Default_Suite" title="org.selenium.pom.tests.CheckoutTest" class="method navigator-link" hash-for-method="loginAndCheckoutUsingDirectBankTransfer(org.selenium.pom.objects.BillingAddress@58d4ab3e)">loginAndCheckoutUsingDirectBankTransfer(org.selenium.pom.objects.BillingAddress@58d4ab3e)</a> <!-- method navigator-link -->
                      </span>
                      <br/>
                      <span>
                        <img src="passed.png" width="3%"/>
                        <a href="#" panel-name="suite-Default_Suite" title="org.selenium.pom.tests.CheckoutTest" class="method navigator-link" hash-for-method="loginAndCheckoutUsingDirectBankTransfer(org.selenium.pom.objects.BillingAddress@41313cb7)">loginAndCheckoutUsingDirectBankTransfer(org.selenium.pom.objects.BillingAddress@41313cb7)</a> <!-- method navigator-link -->
                      </span>
                      <br/>
                      <span>
                        <img src="passed.png" width="3%"/>
                        <a href="#" panel-name="suite-Default_Suite" title="org.selenium.pom.tests.MyFirstTestCase" class="method navigator-link" hash-for-method="loginAndCheckoutUsingDirectBankTransfer">loginAndCheckoutUsingDirectBankTransfer</a> <!-- method navigator-link -->
                      </span>
                      <br/>
                      <span>
                        <img src="passed.png" width="3%"/>
                        <a href="#" panel-name="suite-Default_Suite" title="org.selenium.pom.tests.LoginTest" class="method navigator-link" hash-for-method="loginDuringCheckout">loginDuringCheckout</a> <!-- method navigator-link -->
                      </span>
                      <br/>
                      <span>
                        <img src="passed.png" width="3%"/>
                        <a href="#" panel-name="suite-Default_Suite" title="org.selenium.pom.tests.NavigationTest" class="method navigator-link" hash-for-method="navigateFromHomeToFeaturedProductPage">navigateFromHomeToFeaturedProductPage</a> <!-- method navigator-link -->
                      </span>
                      <br/>
                      <span>
                        <img src="passed.png" width="3%"/>
                        <a href="#" panel-name="suite-Default_Suite" title="org.selenium.pom.tests.NavigationTest" class="method navigator-link" hash-for-method="navigateFromHomeToFeaturedProductPage">navigateFromHomeToFeaturedProductPage</a> <!-- method navigator-link -->
                      </span>
                      <br/>
                      <span>
                        <img src="passed.png" width="3%"/>
                        <a href="#" panel-name="suite-Default_Suite" title="org.selenium.pom.tests.NavigationTest" class="method navigator-link" hash-for-method="navigateFromHomeToStoreUsingMainMenu">navigateFromHomeToStoreUsingMainMenu</a> <!-- method navigator-link -->
                      </span>
                      <br/>
                      <span>
                        <img src="passed.png" width="3%"/>
                        <a href="#" panel-name="suite-Default_Suite" title="org.selenium.pom.tests.NavigationTest" class="method navigator-link" hash-for-method="navigateFromHomeToStoreUsingMainMenu">navigateFromHomeToStoreUsingMainMenu</a> <!-- method navigator-link -->
                      </span>
                      <br/>
                      <span>
                        <img src="passed.png" width="3%"/>
                        <a href="#" panel-name="suite-Default_Suite" title="org.selenium.pom.tests.NavigationTest" class="method navigator-link" hash-for-method="navigateFromStoreToProductPage">navigateFromStoreToProductPage</a> <!-- method navigator-link -->
                      </span>
                      <br/>
                      <span>
                        <img src="passed.png" width="3%"/>
                        <a href="#" panel-name="suite-Default_Suite" title="org.selenium.pom.tests.SearchTest" class="method navigator-link" hash-for-method="searchNotExistingProduct">searchNotExistingProduct</a> <!-- method navigator-link -->
                      </span>
                      <br/>
                      <span>
                        <img src="passed.png" width="3%"/>
                        <a href="#" panel-name="suite-Default_Suite" title="org.selenium.pom.tests.SearchTest" class="method navigator-link" hash-for-method="searchNotExistingProduct">searchNotExistingProduct</a> <!-- method navigator-link -->
                      </span>
                      <br/>
                      <span>
                        <img src="passed.png" width="3%"/>
                        <a href="#" panel-name="suite-Default_Suite" title="org.selenium.pom.tests.SearchTest" class="method navigator-link" hash-for-method="searchWithExactMatch">searchWithExactMatch</a> <!-- method navigator-link -->
                      </span>
                      <br/>
                      <span>
                        <img src="passed.png" width="3%"/>
                        <a href="#" panel-name="suite-Default_Suite" title="org.selenium.pom.tests.SearchTest" class="method navigator-link" hash-for-method="searchWithExactMatch">searchWithExactMatch</a> <!-- method navigator-link -->
                      </span>
                      <br/>
                      <span>
                        <img src="passed.png" width="3%"/>
                        <a href="#" panel-name="suite-Default_Suite" title="org.selenium.pom.tests.SearchTest" class="method navigator-link" hash-for-method="searchWithPartialMatch">searchWithPartialMatch</a> <!-- method navigator-link -->
                      </span>
                      <br/>
                      <span>
                        <img src="passed.png" width="3%"/>
                        <a href="#" panel-name="suite-Default_Suite" title="org.selenium.pom.tests.SearchTest" class="method navigator-link" hash-for-method="searchWithPartialMatch">searchWithPartialMatch</a> <!-- method navigator-link -->
                      </span>
                      <br/>
                    </div> <!-- method-list-content passed suite-Default_Suite -->
                  </li>
                </ul>
              </div> <!-- suite-section-content -->
            </div> <!-- result-section -->
          </div> <!-- navigator-suite-content -->
        </div> <!-- rounded-window -->
      </div> <!-- suite -->
    </div> <!-- navigator-root -->
    <div class="wrapper">
      <div class="main-panel-root">
        <div panel-name="suite-Default_Suite" class="panel Default_Suite">
          <div class="suite-Default_Suite-class-failed">
            <div class="main-panel-header rounded-window-top">
              <img src="failed.png"/>
              <span class="class-name">org.selenium.pom.tests.NavigationTest</span>
            </div> <!-- main-panel-header rounded-window-top -->
            <div class="main-panel-content rounded-window-bottom">
              <div class="method">
                <div class="method-content">
                  <a name="navigateFromStoreToProductPage">
                  </a> <!-- navigateFromStoreToProductPage -->
                  <span class="method-name">navigateFromStoreToProductPage</span>
                  <div class="stack-trace">org.openqa.selenium.ElementNotInteractableException: Element &lt;a class=&quot;ast-loop-product__link&quot; href=&quot;https://askomdch.com/product/blue-shoes/&quot;&gt; could not be scrolled into view
Build info: version: &apos;4.1.1&apos;, revision: &apos;e8fcc2cecf&apos;
System info: host: &apos;LAPTOP-6HTOKEIU&apos;, ip: &apos;169.254.38.81&apos;, os.name: &apos;Windows 10&apos;, os.arch: &apos;amd64&apos;, os.version: &apos;10.0&apos;, java.version: &apos;17&apos;
Driver info: org.openqa.selenium.firefox.FirefoxDriver
Command: [cd83a614-7395-486a-8906-fc9930d06c71, clickElement {id=67936c7d-958c-4e5f-a73c-51b9f261f04e}]
Capabilities {acceptInsecureCerts: true, browserName: firefox, browserVersion: 96.0.1, javascriptEnabled: true, moz:accessibilityChecks: false, moz:buildID: 20220113185450, moz:debuggerAddress: localhost:49989, moz:geckodriverVersion: 0.30.0, moz:headless: false, moz:processID: 19908, moz:profile: C:\Users\Rafał\AppData\Loca..., moz:shutdownTimeout: 60000, moz:useNonSpecCompliantPointerOrigin: false, moz:webdriverClick: true, pageLoadStrategy: normal, platform: WINDOWS, platformName: WINDOWS, platformVersion: 10.0, proxy: Proxy(), se:cdp: ws://localhost:49989/devtoo..., se:cdpVersion: 85, setWindowRect: true, strictFileInteractability: false, timeouts: {implicit: 0, pageLoad: 300000, script: 30000}, unhandledPromptBehavior: dismiss and notify}
Element: [[FirefoxDriver: firefox on WINDOWS (cd83a614-7395-486a-8906-fc9930d06c71)] -&gt; partial link text: Blue Shoes]
Session ID: cd83a614-7395-486a-8906-fc9930d06c71
	at org.openqa.selenium.remote.codec.w3c.W3CHttpResponseCodec.createException(W3CHttpResponseCodec.java:200)
	at org.openqa.selenium.remote.codec.w3c.W3CHttpResponseCodec.decode(W3CHttpResponseCodec.java:133)
	at org.openqa.selenium.remote.codec.w3c.W3CHttpResponseCodec.decode(W3CHttpResponseCodec.java:53)
	at org.openqa.selenium.remote.HttpCommandExecutor.execute(HttpCommandExecutor.java:184)
	at org.openqa.selenium.remote.service.DriverCommandExecutor.invokeExecute(DriverCommandExecutor.java:167)
	at org.openqa.selenium.remote.service.DriverCommandExecutor.execute(DriverCommandExecutor.java:142)
	at org.openqa.selenium.remote.RemoteWebDriver.execute(RemoteWebDriver.java:543)
	at org.openqa.selenium.remote.RemoteWebElement.execute(RemoteWebElement.java:251)
	at org.openqa.selenium.remote.RemoteWebElement.click(RemoteWebElement.java:77)
	at org.selenium.pom.pages.StorePage.clickProductByName(StorePage.java:80)
	at org.selenium.pom.tests.NavigationTest.navigateFromStoreToProductPage(NavigationTest.java:34)
	at java.base/java.util.concurrent.ThreadPoolExecutor.runWorker(ThreadPoolExecutor.java:1136)
	at java.base/java.util.concurrent.ThreadPoolExecutor$Worker.run(ThreadPoolExecutor.java:635)
	at java.base/java.lang.Thread.run(Thread.java:833)
... Removed 17 stack frames
</div> <!-- stack-trace -->
                </div> <!-- method-content -->
              </div> <!-- method -->
            </div> <!-- main-panel-content rounded-window-bottom -->
          </div> <!-- suite-Default_Suite-class-failed -->
          <div class="suite-Default_Suite-class-failed">
            <div class="main-panel-header rounded-window-top">
              <img src="failed.png"/>
              <span class="class-name">org.selenium.pom.tests.CheckoutTest</span>
            </div> <!-- main-panel-header rounded-window-top -->
            <div class="main-panel-content rounded-window-bottom">
              <div class="method">
                <div class="method-content">
                  <a name="guestCheckoutUsingDirectBankTransfer(org.selenium.pom.objects.BillingAddress@395e0f1d)">
                  </a> <!-- guestCheckoutUsingDirectBankTransfer(org.selenium.pom.objects.BillingAddress@395e0f1d) -->
                  <span class="method-name">guestCheckoutUsingDirectBankTransfer</span>
                  <span class="parameters">(org.selenium.pom.objects.BillingAddress@395e0f1d)</span>
                  <div class="stack-trace">org.openqa.selenium.TimeoutException: Expected condition failed: waiting for visibility of Proxy element for: DefaultElementLocator &apos;By.cssSelector: .woocommerce-notice&apos; (tried for 15 second(s) with 500 milliseconds interval)
	at org.openqa.selenium.support.ui.WebDriverWait.timeoutException(WebDriverWait.java:138)
	at org.openqa.selenium.support.ui.FluentWait.until(FluentWait.java:231)
	at org.selenium.pom.base.BasePage.getVisibleElement(BasePage.java:43)
	at org.selenium.pom.pages.CheckoutPage.getNotice(CheckoutPage.java:234)
	at org.selenium.pom.tests.CheckoutTest.guestCheckoutUsingDirectBankTransfer(CheckoutTest.java:35)
	at java.base/java.util.concurrent.FutureTask.run(FutureTask.java:264)
	at java.base/java.util.concurrent.Executors$RunnableAdapter.call(Executors.java:539)
	at java.base/java.util.concurrent.FutureTask.run(FutureTask.java:264)
	at java.base/java.util.concurrent.ThreadPoolExecutor.runWorker(ThreadPoolExecutor.java:1136)
	at java.base/java.util.concurrent.ThreadPoolExecutor$Worker.run(ThreadPoolExecutor.java:635)
	at java.base/java.lang.Thread.run(Thread.java:833)
Caused by: org.openqa.selenium.NoSuchElementException: Unable to locate element: .woocommerce-notice
For documentation on this error, please visit: https://selenium.dev/exceptions/#no_such_element
Build info: version: &apos;4.1.1&apos;, revision: &apos;e8fcc2cecf&apos;
System info: host: &apos;LAPTOP-6HTOKEIU&apos;, ip: &apos;169.254.38.81&apos;, os.name: &apos;Windows 10&apos;, os.arch: &apos;amd64&apos;, os.version: &apos;10.0&apos;, java.version: &apos;17&apos;
Driver info: org.openqa.selenium.firefox.FirefoxDriver
Command: [d975336d-22ab-4c30-9e01-47fdcf6e387d, findElement {using=css selector, value=.woocommerce-notice}]
Capabilities {acceptInsecureCerts: true, browserName: firefox, browserVersion: 96.0.1, javascriptEnabled: true, moz:accessibilityChecks: false, moz:buildID: 20220113185450, moz:debuggerAddress: localhost:49346, moz:geckodriverVersion: 0.30.0, moz:headless: false, moz:processID: 18512, moz:profile: C:\Users\Rafał\AppData\Loca..., moz:shutdownTimeout: 60000, moz:useNonSpecCompliantPointerOrigin: false, moz:webdriverClick: true, pageLoadStrategy: normal, platform: WINDOWS, platformName: WINDOWS, platformVersion: 10.0, proxy: Proxy(), se:cdp: ws://localhost:49346/devtoo..., se:cdpVersion: 85, setWindowRect: true, strictFileInteractability: false, timeouts: {implicit: 0, pageLoad: 300000, script: 30000}, unhandledPromptBehavior: dismiss and notify}
Session ID: d975336d-22ab-4c30-9e01-47fdcf6e387d
	at org.openqa.selenium.remote.codec.w3c.W3CHttpResponseCodec.createException(W3CHttpResponseCodec.java:200)
	at org.openqa.selenium.remote.codec.w3c.W3CHttpResponseCodec.decode(W3CHttpResponseCodec.java:133)
	at org.openqa.selenium.remote.codec.w3c.W3CHttpResponseCodec.decode(W3CHttpResponseCodec.java:53)
	at org.openqa.selenium.remote.HttpCommandExecutor.execute(HttpCommandExecutor.java:184)
	at org.openqa.selenium.remote.service.DriverCommandExecutor.invokeExecute(DriverCommandExecutor.java:167)
	at org.openqa.selenium.remote.service.DriverCommandExecutor.execute(DriverCommandExecutor.java:142)
	at org.openqa.selenium.remote.RemoteWebDriver.execute(RemoteWebDriver.java:543)
	at org.openqa.selenium.remote.ElementLocation$ElementFinder$2.findElement(ElementLocation.java:162)
	at org.openqa.selenium.remote.ElementLocation.findElement(ElementLocation.java:60)
	at org.openqa.selenium.remote.RemoteWebDriver.findElement(RemoteWebDriver.java:367)
	at org.openqa.selenium.remote.RemoteWebDriver.findElement(RemoteWebDriver.java:359)
	at org.openqa.selenium.support.pagefactory.DefaultElementLocator.findElement(DefaultElementLocator.java:70)
	at org.openqa.selenium.support.pagefactory.internal.LocatingElementHandler.invoke(LocatingElementHandler.java:39)
	at jdk.proxy2/jdk.proxy2.$Proxy21.isDisplayed(Unknown Source)
	at org.openqa.selenium.support.ui.ExpectedConditions.elementIfVisible(ExpectedConditions.java:307)
	at org.openqa.selenium.support.ui.ExpectedConditions.access$000(ExpectedConditions.java:40)
	at org.openqa.selenium.support.ui.ExpectedConditions$10.apply(ExpectedConditions.java:293)
	at org.openqa.selenium.support.ui.ExpectedConditions$10.apply(ExpectedConditions.java:290)
	at org.openqa.selenium.support.ui.FluentWait.until(FluentWait.java:208)
	... 18 more
... Removed 13 stack frames
</div> <!-- stack-trace -->
                </div> <!-- method-content -->
              </div> <!-- method -->
              <div class="method">
                <div class="method-content">
                  <a name="loginAndCheckoutUsingDirectBankTransfer(org.selenium.pom.objects.BillingAddress@5e4ba29)">
                  </a> <!-- loginAndCheckoutUsingDirectBankTransfer(org.selenium.pom.objects.BillingAddress@5e4ba29) -->
                  <span class="method-name">loginAndCheckoutUsingDirectBankTransfer</span>
                  <span class="parameters">(org.selenium.pom.objects.BillingAddress@5e4ba29)</span>
                  <div class="stack-trace">org.openqa.selenium.TimeoutException: Expected condition failed: waiting for visibility of Proxy element for: DefaultElementLocator &apos;By.cssSelector: .woocommerce-notice&apos; (tried for 15 second(s) with 500 milliseconds interval)
	at org.openqa.selenium.support.ui.WebDriverWait.timeoutException(WebDriverWait.java:138)
	at org.openqa.selenium.support.ui.FluentWait.until(FluentWait.java:231)
	at org.selenium.pom.base.BasePage.getVisibleElement(BasePage.java:43)
	at org.selenium.pom.pages.CheckoutPage.getNotice(CheckoutPage.java:234)
	at org.selenium.pom.tests.CheckoutTest.loginAndCheckoutUsingDirectBankTransfer(CheckoutTest.java:60)
	at java.base/java.util.concurrent.FutureTask.run(FutureTask.java:264)
	at java.base/java.util.concurrent.Executors$RunnableAdapter.call(Executors.java:539)
	at java.base/java.util.concurrent.FutureTask.run(FutureTask.java:264)
	at java.base/java.util.concurrent.ThreadPoolExecutor.runWorker(ThreadPoolExecutor.java:1136)
	at java.base/java.util.concurrent.ThreadPoolExecutor$Worker.run(ThreadPoolExecutor.java:635)
	at java.base/java.lang.Thread.run(Thread.java:833)
Caused by: org.openqa.selenium.NoSuchElementException: Unable to locate element: .woocommerce-notice
For documentation on this error, please visit: https://selenium.dev/exceptions/#no_such_element
Build info: version: &apos;4.1.1&apos;, revision: &apos;e8fcc2cecf&apos;
System info: host: &apos;LAPTOP-6HTOKEIU&apos;, ip: &apos;169.254.38.81&apos;, os.name: &apos;Windows 10&apos;, os.arch: &apos;amd64&apos;, os.version: &apos;10.0&apos;, java.version: &apos;17&apos;
Driver info: org.openqa.selenium.firefox.FirefoxDriver
Command: [6e6fba52-8692-4b2a-ab51-dd1b4d55f3d6, findElement {using=css selector, value=.woocommerce-notice}]
Capabilities {acceptInsecureCerts: true, browserName: firefox, browserVersion: 96.0.1, javascriptEnabled: true, moz:accessibilityChecks: false, moz:buildID: 20220113185450, moz:debuggerAddress: localhost:57331, moz:geckodriverVersion: 0.30.0, moz:headless: false, moz:processID: 17100, moz:profile: C:\Users\Rafał\AppData\Loca..., moz:shutdownTimeout: 60000, moz:useNonSpecCompliantPointerOrigin: false, moz:webdriverClick: true, pageLoadStrategy: normal, platform: WINDOWS, platformName: WINDOWS, platformVersion: 10.0, proxy: Proxy(), se:cdp: ws://localhost:57331/devtoo..., se:cdpVersion: 85, setWindowRect: true, strictFileInteractability: false, timeouts: {implicit: 0, pageLoad: 300000, script: 30000}, unhandledPromptBehavior: dismiss and notify}
Session ID: 6e6fba52-8692-4b2a-ab51-dd1b4d55f3d6
	at org.openqa.selenium.remote.codec.w3c.W3CHttpResponseCodec.createException(W3CHttpResponseCodec.java:200)
	at org.openqa.selenium.remote.codec.w3c.W3CHttpResponseCodec.decode(W3CHttpResponseCodec.java:133)
	at org.openqa.selenium.remote.codec.w3c.W3CHttpResponseCodec.decode(W3CHttpResponseCodec.java:53)
	at org.openqa.selenium.remote.HttpCommandExecutor.execute(HttpCommandExecutor.java:184)
	at org.openqa.selenium.remote.service.DriverCommandExecutor.invokeExecute(DriverCommandExecutor.java:167)
	at org.openqa.selenium.remote.service.DriverCommandExecutor.execute(DriverCommandExecutor.java:142)
	at org.openqa.selenium.remote.RemoteWebDriver.execute(RemoteWebDriver.java:543)
	at org.openqa.selenium.remote.ElementLocation$ElementFinder$2.findElement(ElementLocation.java:162)
	at org.openqa.selenium.remote.ElementLocation.findElement(ElementLocation.java:60)
	at org.openqa.selenium.remote.RemoteWebDriver.findElement(RemoteWebDriver.java:367)
	at org.openqa.selenium.remote.RemoteWebDriver.findElement(RemoteWebDriver.java:359)
	at org.openqa.selenium.support.pagefactory.DefaultElementLocator.findElement(DefaultElementLocator.java:70)
	at org.openqa.selenium.support.pagefactory.internal.LocatingElementHandler.invoke(LocatingElementHandler.java:39)
	at jdk.proxy2/jdk.proxy2.$Proxy21.isDisplayed(Unknown Source)
	at org.openqa.selenium.support.ui.ExpectedConditions.elementIfVisible(ExpectedConditions.java:307)
	at org.openqa.selenium.support.ui.ExpectedConditions.access$000(ExpectedConditions.java:40)
	at org.openqa.selenium.support.ui.ExpectedConditions$10.apply(ExpectedConditions.java:293)
	at org.openqa.selenium.support.ui.ExpectedConditions$10.apply(ExpectedConditions.java:290)
	at org.openqa.selenium.support.ui.FluentWait.until(FluentWait.java:208)
	... 18 more
... Removed 13 stack frames
</div> <!-- stack-trace -->
                </div> <!-- method-content -->
              </div> <!-- method -->
            </div> <!-- main-panel-content rounded-window-bottom -->
          </div> <!-- suite-Default_Suite-class-failed -->
          <div class="suite-Default_Suite-class-failed">
            <div class="main-panel-header rounded-window-top">
              <img src="failed.png"/>
              <span class="class-name">org.selenium.pom.tests.MyFirstTestCase</span>
            </div> <!-- main-panel-header rounded-window-top -->
            <div class="main-panel-content rounded-window-bottom">
              <div class="method">
                <div class="method-content">
                  <a name="loginAndCheckoutUsingDirectBankTransfer">
                  </a> <!-- loginAndCheckoutUsingDirectBankTransfer -->
                  <span class="method-name">loginAndCheckoutUsingDirectBankTransfer</span>
                  <div class="stack-trace">org.openqa.selenium.StaleElementReferenceException: stale element reference: element is not attached to the page document
  (Session info: chrome=97.0.4692.71)
For documentation on this error, please visit: https://selenium.dev/exceptions/#stale_element_reference
Build info: version: &apos;4.1.1&apos;, revision: &apos;e8fcc2cecf&apos;
System info: host: &apos;LAPTOP-6HTOKEIU&apos;, ip: &apos;169.254.38.81&apos;, os.name: &apos;Windows 10&apos;, os.arch: &apos;amd64&apos;, os.version: &apos;10.0&apos;, java.version: &apos;17&apos;
Driver info: org.openqa.selenium.chrome.ChromeDriver
Command: [d1d275c59a97d116597ee1ea69272472, isElementDisplayed {id=f7c765bc-c524-4cd0-a183-eff99d331a5d}]
Capabilities {acceptInsecureCerts: false, browserName: chrome, browserVersion: 97.0.4692.71, chrome: {chromedriverVersion: 97.0.4692.71 (adefa7837d02a..., userDataDir: C:\Users\RAFA~1\AppData\Loc...}, goog:chromeOptions: {debuggerAddress: localhost:49767}, javascriptEnabled: true, networkConnectionEnabled: false, pageLoadStrategy: normal, platform: WINDOWS, platformName: WINDOWS, proxy: Proxy(), se:cdp: ws://localhost:49767/devtoo..., se:cdpVersion: 97.0.4692.71, setWindowRect: true, strictFileInteractability: false, timeouts: {implicit: 0, pageLoad: 300000, script: 30000}, unhandledPromptBehavior: dismiss and notify, webauthn:extension:credBlob: true, webauthn:extension:largeBlob: true, webauthn:virtualAuthenticators: true}
Element: [[ChromeDriver: chrome on WINDOWS (d1d275c59a97d116597ee1ea69272472)] -&gt; id: billing_first_name]
Session ID: d1d275c59a97d116597ee1ea69272472
	at org.openqa.selenium.remote.codec.w3c.W3CHttpResponseCodec.createException(W3CHttpResponseCodec.java:200)
	at org.openqa.selenium.remote.codec.w3c.W3CHttpResponseCodec.decode(W3CHttpResponseCodec.java:133)
	at org.openqa.selenium.remote.codec.w3c.W3CHttpResponseCodec.decode(W3CHttpResponseCodec.java:53)
	at org.openqa.selenium.remote.HttpCommandExecutor.execute(HttpCommandExecutor.java:184)
	at org.openqa.selenium.remote.service.DriverCommandExecutor.invokeExecute(DriverCommandExecutor.java:167)
	at org.openqa.selenium.remote.service.DriverCommandExecutor.execute(DriverCommandExecutor.java:142)
	at org.openqa.selenium.remote.RemoteWebDriver.execute(RemoteWebDriver.java:543)
	at org.openqa.selenium.remote.RemoteWebElement.execute(RemoteWebElement.java:251)
	at org.openqa.selenium.remote.RemoteWebElement.isDisplayed(RemoteWebElement.java:307)
	at org.openqa.selenium.support.pagefactory.internal.LocatingElementHandler.invoke(LocatingElementHandler.java:52)
	at jdk.proxy2/jdk.proxy2.$Proxy21.isDisplayed(Unknown Source)
	at org.openqa.selenium.support.ui.ExpectedConditions.elementIfVisible(ExpectedConditions.java:307)
	at org.openqa.selenium.support.ui.ExpectedConditions.access$000(ExpectedConditions.java:40)
	at org.openqa.selenium.support.ui.ExpectedConditions$10.apply(ExpectedConditions.java:293)
	at org.openqa.selenium.support.ui.ExpectedConditions$10.apply(ExpectedConditions.java:290)
	at org.openqa.selenium.support.ui.FluentWait.until(FluentWait.java:208)
	at org.selenium.pom.base.BasePage.getVisibleElement(BasePage.java:43)
	at org.selenium.pom.pages.CheckoutPage.enterFirstName(CheckoutPage.java:139)
	at org.selenium.pom.pages.CheckoutPage.setBillingAddress(CheckoutPage.java:216)
	at org.selenium.pom.tests.MyFirstTestCase.loginAndCheckoutUsingDirectBankTransfer(MyFirstTestCase.java:83)
	at java.base/java.util.concurrent.ThreadPoolExecutor.runWorker(ThreadPoolExecutor.java:1136)
	at java.base/java.util.concurrent.ThreadPoolExecutor$Worker.run(ThreadPoolExecutor.java:635)
	at java.base/java.lang.Thread.run(Thread.java:833)
... Removed 19 stack frames
</div> <!-- stack-trace -->
                </div> <!-- method-content -->
              </div> <!-- method -->
            </div> <!-- main-panel-content rounded-window-bottom -->
          </div> <!-- suite-Default_Suite-class-failed -->
          <div class="suite-Default_Suite-class-skipped">
            <div class="main-panel-header rounded-window-top">
              <img src="skipped.png"/>
              <span class="class-name">org.selenium.pom.tests.LoginTest</span>
            </div> <!-- main-panel-header rounded-window-top -->
            <div class="main-panel-content rounded-window-bottom">
              <div class="method">
                <div class="method-content">
                  <a name="loginDuringCheckout">
                  </a> <!-- loginDuringCheckout -->
                  <span class="method-name">loginDuringCheckout</span>
                  <div class="stack-trace">org.openqa.selenium.WebDriverException: Timed out waiting for driver server to stop.
Build info: version: &apos;4.1.1&apos;, revision: &apos;e8fcc2cecf&apos;
System info: host: &apos;LAPTOP-6HTOKEIU&apos;, ip: &apos;169.254.38.81&apos;, os.name: &apos;Windows 10&apos;, os.arch: &apos;amd64&apos;, os.version: &apos;10.0&apos;, java.version: &apos;17&apos;
Driver info: org.openqa.selenium.chrome.ChromeDriver
Command: [df3e1b98f98b913b47ccdc196ba29217, quit {}]
Capabilities {acceptInsecureCerts: false, browserName: chrome, browserVersion: 97.0.4692.71, chrome: {chromedriverVersion: 97.0.4692.71 (adefa7837d02a..., userDataDir: C:\Users\RAFA~1\AppData\Loc...}, goog:chromeOptions: {debuggerAddress: localhost:63660}, javascriptEnabled: true, networkConnectionEnabled: false, pageLoadStrategy: normal, platform: WINDOWS, platformName: WINDOWS, proxy: Proxy(), se:cdp: ws://localhost:63660/devtoo..., se:cdpVersion: 97.0.4692.71, setWindowRect: true, strictFileInteractability: false, timeouts: {implicit: 0, pageLoad: 300000, script: 30000}, unhandledPromptBehavior: dismiss and notify, webauthn:extension:credBlob: true, webauthn:extension:largeBlob: true, webauthn:virtualAuthenticators: true}
Session ID: df3e1b98f98b913b47ccdc196ba29217
	at org.openqa.selenium.remote.service.DriverCommandExecutor.execute(DriverCommandExecutor.java:132)
	at org.openqa.selenium.remote.RemoteWebDriver.execute(RemoteWebDriver.java:543)
	at org.openqa.selenium.remote.RemoteWebDriver.execute(RemoteWebDriver.java:598)
	at org.openqa.selenium.remote.RemoteWebDriver.execute(RemoteWebDriver.java:602)
	at org.openqa.selenium.remote.RemoteWebDriver.quit(RemoteWebDriver.java:439)
	at org.openqa.selenium.chromium.ChromiumDriver.quit(ChromiumDriver.java:287)
	at org.selenium.pom.base.BaseTest.stopDriver(BaseTest.java:62)
	at java.base/java.util.concurrent.ThreadPoolExecutor.runWorker(ThreadPoolExecutor.java:1136)
	at java.base/java.util.concurrent.ThreadPoolExecutor$Worker.run(ThreadPoolExecutor.java:635)
	at java.base/java.lang.Thread.run(Thread.java:833)
Caused by: java.util.concurrent.ExecutionException: org.openqa.selenium.TimeoutException: Process timed out after waiting for 20000 ms.
Build info: version: &apos;4.1.1&apos;, revision: &apos;e8fcc2cecf&apos;
System info: host: &apos;LAPTOP-6HTOKEIU&apos;, ip: &apos;169.254.38.81&apos;, os.name: &apos;Windows 10&apos;, os.arch: &apos;amd64&apos;, os.version: &apos;10.0&apos;, java.version: &apos;17&apos;
Driver info: driver.version: unknown
	at java.base/java.util.concurrent.CompletableFuture.reportGet(CompletableFuture.java:396)
	at java.base/java.util.concurrent.CompletableFuture.get(CompletableFuture.java:2096)
	at org.openqa.selenium.remote.service.DriverCommandExecutor.execute(DriverCommandExecutor.java:128)
	... 26 more
Caused by: org.openqa.selenium.TimeoutException: Process timed out after waiting for 20000 ms.
Build info: version: &apos;4.1.1&apos;, revision: &apos;e8fcc2cecf&apos;
System info: host: &apos;LAPTOP-6HTOKEIU&apos;, ip: &apos;169.254.38.81&apos;, os.name: &apos;Windows 10&apos;, os.arch: &apos;amd64&apos;, os.version: &apos;10.0&apos;, java.version: &apos;17&apos;
Driver info: driver.version: unknown
	at org.openqa.selenium.os.OsProcess.waitFor(OsProcess.java:174)
	at org.openqa.selenium.os.CommandLine.waitFor(CommandLine.java:127)
	at org.openqa.selenium.remote.service.DriverCommandExecutor.lambda$execute$2(DriverCommandExecutor.java:122)
	at java.base/java.util.concurrent.CompletableFuture$AsyncSupply.run(CompletableFuture.java:1768)
	... 3 more
... Removed 17 stack frames
</div> <!-- stack-trace -->
                </div> <!-- method-content -->
              </div> <!-- method -->
            </div> <!-- main-panel-content rounded-window-bottom -->
          </div> <!-- suite-Default_Suite-class-skipped -->
          <div class="suite-Default_Suite-class-passed">
            <div class="main-panel-header rounded-window-top">
              <img src="passed.png"/>
              <span class="class-name">org.selenium.pom.tests.NavigationTest</span>
            </div> <!-- main-panel-header rounded-window-top -->
            <div class="main-panel-content rounded-window-bottom">
              <div class="method">
                <div class="method-content">
                  <a name="navigateFromHomeToFeaturedProductPage">
                  </a> <!-- navigateFromHomeToFeaturedProductPage -->
                  <span class="method-name">navigateFromHomeToFeaturedProductPage</span>
                </div> <!-- method-content -->
              </div> <!-- method -->
              <div class="method">
                <div class="method-content">
                  <a name="navigateFromHomeToFeaturedProductPage">
                  </a> <!-- navigateFromHomeToFeaturedProductPage -->
                  <span class="method-name">navigateFromHomeToFeaturedProductPage</span>
                </div> <!-- method-content -->
              </div> <!-- method -->
              <div class="method">
                <div class="method-content">
                  <a name="navigateFromHomeToStoreUsingMainMenu">
                  </a> <!-- navigateFromHomeToStoreUsingMainMenu -->
                  <span class="method-name">navigateFromHomeToStoreUsingMainMenu</span>
                </div> <!-- method-content -->
              </div> <!-- method -->
              <div class="method">
                <div class="method-content">
                  <a name="navigateFromHomeToStoreUsingMainMenu">
                  </a> <!-- navigateFromHomeToStoreUsingMainMenu -->
                  <span class="method-name">navigateFromHomeToStoreUsingMainMenu</span>
                </div> <!-- method-content -->
              </div> <!-- method -->
              <div class="method">
                <div class="method-content">
                  <a name="navigateFromStoreToProductPage">
                  </a> <!-- navigateFromStoreToProductPage -->
                  <span class="method-name">navigateFromStoreToProductPage</span>
                </div> <!-- method-content -->
              </div> <!-- method -->
            </div> <!-- main-panel-content rounded-window-bottom -->
          </div> <!-- suite-Default_Suite-class-passed -->
          <div class="suite-Default_Suite-class-passed">
            <div class="main-panel-header rounded-window-top">
              <img src="passed.png"/>
              <span class="class-name">org.selenium.pom.tests.LoginTest</span>
            </div> <!-- main-panel-header rounded-window-top -->
            <div class="main-panel-content rounded-window-bottom">
              <div class="method">
                <div class="method-content">
                  <a name="login">
                  </a> <!-- login -->
                  <span class="method-name">login</span>
                </div> <!-- method-content -->
              </div> <!-- method -->
              <div class="method">
                <div class="method-content">
                  <a name="login">
                  </a> <!-- login -->
                  <span class="method-name">login</span>
                </div> <!-- method-content -->
              </div> <!-- method -->
              <div class="method">
                <div class="method-content">
                  <a name="loginDuringCheckout">
                  </a> <!-- loginDuringCheckout -->
                  <span class="method-name">loginDuringCheckout</span>
                </div> <!-- method-content -->
              </div> <!-- method -->
            </div> <!-- main-panel-content rounded-window-bottom -->
          </div> <!-- suite-Default_Suite-class-passed -->
          <div class="suite-Default_Suite-class-passed">
            <div class="main-panel-header rounded-window-top">
              <img src="passed.png"/>
              <span class="class-name">org.selenium.pom.tests.MyFirstTestCase</span>
            </div> <!-- main-panel-header rounded-window-top -->
            <div class="main-panel-content rounded-window-bottom">
              <div class="method">
                <div class="method-content">
                  <a name="guestCheckoutUsingDirectBankTransfer">
                  </a> <!-- guestCheckoutUsingDirectBankTransfer -->
                  <span class="method-name">guestCheckoutUsingDirectBankTransfer</span>
                </div> <!-- method-content -->
              </div> <!-- method -->
              <div class="method">
                <div class="method-content">
                  <a name="guestCheckoutUsingDirectBankTransfer">
                  </a> <!-- guestCheckoutUsingDirectBankTransfer -->
                  <span class="method-name">guestCheckoutUsingDirectBankTransfer</span>
                </div> <!-- method-content -->
              </div> <!-- method -->
              <div class="method">
                <div class="method-content">
                  <a name="loginAndCheckoutUsingDirectBankTransfer">
                  </a> <!-- loginAndCheckoutUsingDirectBankTransfer -->
                  <span class="method-name">loginAndCheckoutUsingDirectBankTransfer</span>
                </div> <!-- method-content -->
              </div> <!-- method -->
            </div> <!-- main-panel-content rounded-window-bottom -->
          </div> <!-- suite-Default_Suite-class-passed -->
          <div class="suite-Default_Suite-class-passed">
            <div class="main-panel-header rounded-window-top">
              <img src="passed.png"/>
              <span class="class-name">org.selenium.pom.tests.CheckoutTest</span>
            </div> <!-- main-panel-header rounded-window-top -->
            <div class="main-panel-content rounded-window-bottom">
              <div class="method">
                <div class="method-content">
                  <a name="guestCheckoutUsingDirectBankTransfer(org.selenium.pom.objects.BillingAddress@3a4d861)">
                  </a> <!-- guestCheckoutUsingDirectBankTransfer(org.selenium.pom.objects.BillingAddress@3a4d861) -->
                  <span class="method-name">guestCheckoutUsingDirectBankTransfer</span>
                  <span class="parameters">(org.selenium.pom.objects.BillingAddress@3a4d861)</span>
                </div> <!-- method-content -->
              </div> <!-- method -->
              <div class="method">
                <div class="method-content">
                  <a name="guestCheckoutUsingDirectBankTransfer(org.selenium.pom.objects.BillingAddress@24fcf5e5)">
                  </a> <!-- guestCheckoutUsingDirectBankTransfer(org.selenium.pom.objects.BillingAddress@24fcf5e5) -->
                  <span class="method-name">guestCheckoutUsingDirectBankTransfer</span>
                  <span class="parameters">(org.selenium.pom.objects.BillingAddress@24fcf5e5)</span>
                </div> <!-- method-content -->
              </div> <!-- method -->
              <div class="method">
                <div class="method-content">
                  <a name="guestCheckoutUsingDirectBankTransfer(org.selenium.pom.objects.BillingAddress@64a89926)">
                  </a> <!-- guestCheckoutUsingDirectBankTransfer(org.selenium.pom.objects.BillingAddress@64a89926) -->
                  <span class="method-name">guestCheckoutUsingDirectBankTransfer</span>
                  <span class="parameters">(org.selenium.pom.objects.BillingAddress@64a89926)</span>
                </div> <!-- method-content -->
              </div> <!-- method -->
              <div class="method">
                <div class="method-content">
                  <a name="guestCheckoutUsingDirectBankTransfer(org.selenium.pom.objects.BillingAddress@7a08ae00)">
                  </a> <!-- guestCheckoutUsingDirectBankTransfer(org.selenium.pom.objects.BillingAddress@7a08ae00) -->
                  <span class="method-name">guestCheckoutUsingDirectBankTransfer</span>
                  <span class="parameters">(org.selenium.pom.objects.BillingAddress@7a08ae00)</span>
                </div> <!-- method-content -->
              </div> <!-- method -->
              <div class="method">
                <div class="method-content">
                  <a name="guestCheckoutUsingDirectBankTransfer(org.selenium.pom.objects.BillingAddress@70b102c2)">
                  </a> <!-- guestCheckoutUsingDirectBankTransfer(org.selenium.pom.objects.BillingAddress@70b102c2) -->
                  <span class="method-name">guestCheckoutUsingDirectBankTransfer</span>
                  <span class="parameters">(org.selenium.pom.objects.BillingAddress@70b102c2)</span>
                </div> <!-- method-content -->
              </div> <!-- method -->
              <div class="method">
                <div class="method-content">
                  <a name="loginAndCheckoutUsingDirectBankTransfer(org.selenium.pom.objects.BillingAddress@18c5cef3)">
                  </a> <!-- loginAndCheckoutUsingDirectBankTransfer(org.selenium.pom.objects.BillingAddress@18c5cef3) -->
                  <span class="method-name">loginAndCheckoutUsingDirectBankTransfer</span>
                  <span class="parameters">(org.selenium.pom.objects.BillingAddress@18c5cef3)</span>
                </div> <!-- method-content -->
              </div> <!-- method -->
              <div class="method">
                <div class="method-content">
                  <a name="loginAndCheckoutUsingDirectBankTransfer(org.selenium.pom.objects.BillingAddress@5497a622)">
                  </a> <!-- loginAndCheckoutUsingDirectBankTransfer(org.selenium.pom.objects.BillingAddress@5497a622) -->
                  <span class="method-name">loginAndCheckoutUsingDirectBankTransfer</span>
                  <span class="parameters">(org.selenium.pom.objects.BillingAddress@5497a622)</span>
                </div> <!-- method-content -->
              </div> <!-- method -->
              <div class="method">
                <div class="method-content">
                  <a name="loginAndCheckoutUsingDirectBankTransfer(org.selenium.pom.objects.BillingAddress@6540c038)">
                  </a> <!-- loginAndCheckoutUsingDirectBankTransfer(org.selenium.pom.objects.BillingAddress@6540c038) -->
                  <span class="method-name">loginAndCheckoutUsingDirectBankTransfer</span>
                  <span class="parameters">(org.selenium.pom.objects.BillingAddress@6540c038)</span>
                </div> <!-- method-content -->
              </div> <!-- method -->
              <div class="method">
                <div class="method-content">
                  <a name="loginAndCheckoutUsingDirectBankTransfer(org.selenium.pom.objects.BillingAddress@58d4ab3e)">
                  </a> <!-- loginAndCheckoutUsingDirectBankTransfer(org.selenium.pom.objects.BillingAddress@58d4ab3e) -->
                  <span class="method-name">loginAndCheckoutUsingDirectBankTransfer</span>
                  <span class="parameters">(org.selenium.pom.objects.BillingAddress@58d4ab3e)</span>
                </div> <!-- method-content -->
              </div> <!-- method -->
              <div class="method">
                <div class="method-content">
                  <a name="loginAndCheckoutUsingDirectBankTransfer(org.selenium.pom.objects.BillingAddress@41313cb7)">
                  </a> <!-- loginAndCheckoutUsingDirectBankTransfer(org.selenium.pom.objects.BillingAddress@41313cb7) -->
                  <span class="method-name">loginAndCheckoutUsingDirectBankTransfer</span>
                  <span class="parameters">(org.selenium.pom.objects.BillingAddress@41313cb7)</span>
                </div> <!-- method-content -->
              </div> <!-- method -->
            </div> <!-- main-panel-content rounded-window-bottom -->
          </div> <!-- suite-Default_Suite-class-passed -->
          <div class="suite-Default_Suite-class-passed">
            <div class="main-panel-header rounded-window-top">
              <img src="passed.png"/>
              <span class="class-name">org.selenium.pom.tests.AddToCartTest</span>
            </div> <!-- main-panel-header rounded-window-top -->
            <div class="main-panel-content rounded-window-bottom">
              <div class="method">
                <div class="method-content">
                  <a name="addToCartBraceletsFromStorePage(org.selenium.pom.objects.Product@388ace84)">
                  </a> <!-- addToCartBraceletsFromStorePage(org.selenium.pom.objects.Product@388ace84) -->
                  <span class="method-name">addToCartBraceletsFromStorePage</span>
                  <span class="parameters">(org.selenium.pom.objects.Product@388ace84)</span>
                </div> <!-- method-content -->
              </div> <!-- method -->
              <div class="method">
                <div class="method-content">
                  <a name="addToCartBraceletsFromStorePage(org.selenium.pom.objects.Product@ccfaee1)">
                  </a> <!-- addToCartBraceletsFromStorePage(org.selenium.pom.objects.Product@ccfaee1) -->
                  <span class="method-name">addToCartBraceletsFromStorePage</span>
                  <span class="parameters">(org.selenium.pom.objects.Product@ccfaee1)</span>
                </div> <!-- method-content -->
              </div> <!-- method -->
              <div class="method">
                <div class="method-content">
                  <a name="addToCartBraceletsFromStorePage(org.selenium.pom.objects.Product@f993fb)">
                  </a> <!-- addToCartBraceletsFromStorePage(org.selenium.pom.objects.Product@f993fb) -->
                  <span class="method-name">addToCartBraceletsFromStorePage</span>
                  <span class="parameters">(org.selenium.pom.objects.Product@f993fb)</span>
                </div> <!-- method-content -->
              </div> <!-- method -->
              <div class="method">
                <div class="method-content">
                  <a name="addToCartBraceletsFromStorePage(org.selenium.pom.objects.Product@715e9e9d)">
                  </a> <!-- addToCartBraceletsFromStorePage(org.selenium.pom.objects.Product@715e9e9d) -->
                  <span class="method-name">addToCartBraceletsFromStorePage</span>
                  <span class="parameters">(org.selenium.pom.objects.Product@715e9e9d)</span>
                </div> <!-- method-content -->
              </div> <!-- method -->
              <div class="method">
                <div class="method-content">
                  <a name="addToCartFeaturedProducts(org.selenium.pom.objects.Product@55b22d2)">
                  </a> <!-- addToCartFeaturedProducts(org.selenium.pom.objects.Product@55b22d2) -->
                  <span class="method-name">addToCartFeaturedProducts</span>
                  <span class="parameters">(org.selenium.pom.objects.Product@55b22d2)</span>
                </div> <!-- method-content -->
              </div> <!-- method -->
              <div class="method">
                <div class="method-content">
                  <a name="addToCartFeaturedProducts(org.selenium.pom.objects.Product@6e586cb2)">
                  </a> <!-- addToCartFeaturedProducts(org.selenium.pom.objects.Product@6e586cb2) -->
                  <span class="method-name">addToCartFeaturedProducts</span>
                  <span class="parameters">(org.selenium.pom.objects.Product@6e586cb2)</span>
                </div> <!-- method-content -->
              </div> <!-- method -->
              <div class="method">
                <div class="method-content">
                  <a name="addToCartFeaturedProducts(org.selenium.pom.objects.Product@613167da)">
                  </a> <!-- addToCartFeaturedProducts(org.selenium.pom.objects.Product@613167da) -->
                  <span class="method-name">addToCartFeaturedProducts</span>
                  <span class="parameters">(org.selenium.pom.objects.Product@613167da)</span>
                </div> <!-- method-content -->
              </div> <!-- method -->
              <div class="method">
                <div class="method-content">
                  <a name="addToCartFeaturedProducts(org.selenium.pom.objects.Product@164fb91e)">
                  </a> <!-- addToCartFeaturedProducts(org.selenium.pom.objects.Product@164fb91e) -->
                  <span class="method-name">addToCartFeaturedProducts</span>
                  <span class="parameters">(org.selenium.pom.objects.Product@164fb91e)</span>
                </div> <!-- method-content -->
              </div> <!-- method -->
              <div class="method">
                <div class="method-content">
                  <a name="addToCartFeaturedProducts(org.selenium.pom.objects.Product@3a3f5dd4)">
                  </a> <!-- addToCartFeaturedProducts(org.selenium.pom.objects.Product@3a3f5dd4) -->
                  <span class="method-name">addToCartFeaturedProducts</span>
                  <span class="parameters">(org.selenium.pom.objects.Product@3a3f5dd4)</span>
                </div> <!-- method-content -->
              </div> <!-- method -->
              <div class="method">
                <div class="method-content">
                  <a name="addToCartFeaturedProducts(org.selenium.pom.objects.Product@792b83d9)">
                  </a> <!-- addToCartFeaturedProducts(org.selenium.pom.objects.Product@792b83d9) -->
                  <span class="method-name">addToCartFeaturedProducts</span>
                  <span class="parameters">(org.selenium.pom.objects.Product@792b83d9)</span>
                </div> <!-- method-content -->
              </div> <!-- method -->
              <div class="method">
                <div class="method-content">
                  <a name="addToCartFeaturedProducts(org.selenium.pom.objects.Product@4ef7c085)">
                  </a> <!-- addToCartFeaturedProducts(org.selenium.pom.objects.Product@4ef7c085) -->
                  <span class="method-name">addToCartFeaturedProducts</span>
                  <span class="parameters">(org.selenium.pom.objects.Product@4ef7c085)</span>
                </div> <!-- method-content -->
              </div> <!-- method -->
              <div class="method">
                <div class="method-content">
                  <a name="addToCartFeaturedProducts(org.selenium.pom.objects.Product@5066ba4e)">
                  </a> <!-- addToCartFeaturedProducts(org.selenium.pom.objects.Product@5066ba4e) -->
                  <span class="method-name">addToCartFeaturedProducts</span>
                  <span class="parameters">(org.selenium.pom.objects.Product@5066ba4e)</span>
                </div> <!-- method-content -->
              </div> <!-- method -->
              <div class="method">
                <div class="method-content">
                  <a name="addToCartFeaturedProducts(org.selenium.pom.objects.Product@32376fa)">
                  </a> <!-- addToCartFeaturedProducts(org.selenium.pom.objects.Product@32376fa) -->
                  <span class="method-name">addToCartFeaturedProducts</span>
                  <span class="parameters">(org.selenium.pom.objects.Product@32376fa)</span>
                </div> <!-- method-content -->
              </div> <!-- method -->
              <div class="method">
                <div class="method-content">
                  <a name="addToCartFeaturedProducts(org.selenium.pom.objects.Product@2092199b)">
                  </a> <!-- addToCartFeaturedProducts(org.selenium.pom.objects.Product@2092199b) -->
                  <span class="method-name">addToCartFeaturedProducts</span>
                  <span class="parameters">(org.selenium.pom.objects.Product@2092199b)</span>
                </div> <!-- method-content -->
              </div> <!-- method -->
              <div class="method">
                <div class="method-content">
                  <a name="addToCartFromStorePage">
                  </a> <!-- addToCartFromStorePage -->
                  <span class="method-name">addToCartFromStorePage</span>
                </div> <!-- method-content -->
              </div> <!-- method -->
              <div class="method">
                <div class="method-content">
                  <a name="addToCartFromStorePage">
                  </a> <!-- addToCartFromStorePage -->
                  <span class="method-name">addToCartFromStorePage</span>
                </div> <!-- method-content -->
              </div> <!-- method -->
            </div> <!-- main-panel-content rounded-window-bottom -->
          </div> <!-- suite-Default_Suite-class-passed -->
          <div class="suite-Default_Suite-class-passed">
            <div class="main-panel-header rounded-window-top">
              <img src="passed.png"/>
              <span class="class-name">org.selenium.pom.tests.SearchTest</span>
            </div> <!-- main-panel-header rounded-window-top -->
            <div class="main-panel-content rounded-window-bottom">
              <div class="method">
                <div class="method-content">
                  <a name="searchNotExistingProduct">
                  </a> <!-- searchNotExistingProduct -->
                  <span class="method-name">searchNotExistingProduct</span>
                </div> <!-- method-content -->
              </div> <!-- method -->
              <div class="method">
                <div class="method-content">
                  <a name="searchNotExistingProduct">
                  </a> <!-- searchNotExistingProduct -->
                  <span class="method-name">searchNotExistingProduct</span>
                </div> <!-- method-content -->
              </div> <!-- method -->
              <div class="method">
                <div class="method-content">
                  <a name="searchWithExactMatch">
                  </a> <!-- searchWithExactMatch -->
                  <span class="method-name">searchWithExactMatch</span>
                </div> <!-- method-content -->
              </div> <!-- method -->
              <div class="method">
                <div class="method-content">
                  <a name="searchWithExactMatch">
                  </a> <!-- searchWithExactMatch -->
                  <span class="method-name">searchWithExactMatch</span>
                </div> <!-- method-content -->
              </div> <!-- method -->
              <div class="method">
                <div class="method-content">
                  <a name="searchWithPartialMatch">
                  </a> <!-- searchWithPartialMatch -->
                  <span class="method-name">searchWithPartialMatch</span>
                </div> <!-- method-content -->
              </div> <!-- method -->
              <div class="method">
                <div class="method-content">
                  <a name="searchWithPartialMatch">
                  </a> <!-- searchWithPartialMatch -->
                  <span class="method-name">searchWithPartialMatch</span>
                </div> <!-- method-content -->
              </div> <!-- method -->
            </div> <!-- main-panel-content rounded-window-bottom -->
          </div> <!-- suite-Default_Suite-class-passed -->
        </div> <!-- panel Default_Suite -->
        <div panel-name="test-xml-Default_Suite" class="panel">
          <div class="main-panel-header rounded-window-top">
            <span class="header-content">C:\Users\Rafał\Documents\kod\MasterSeleniumFramework\testng\testng.xml</span>
          </div> <!-- main-panel-header rounded-window-top -->
          <div class="main-panel-content rounded-window-bottom">
            <pre>
&lt;?xml version=&quot;1.0&quot; encoding=&quot;UTF-8&quot;?&gt;
&lt;!DOCTYPE suite SYSTEM &quot;https://testng.org/testng-1.0.dtd&quot;&gt;
&lt;suite thread-count=&quot;2&quot; parallel=&quot;tests&quot; name=&quot;Default Suite&quot; guice-stage=&quot;DEVELOPMENT&quot; verbose=&quot;0&quot;&gt;
  &lt;test thread-count=&quot;6&quot; parallel=&quot;methods&quot; name=&quot;Chrome&quot; verbose=&quot;0&quot;&gt;
    &lt;parameter name=&quot;browser&quot; value=&quot;CHROME&quot;/&gt;
    &lt;packages&gt;
      &lt;package name=&quot;org.selenium.pom.tests&quot;/&gt;
    &lt;/packages&gt;
    &lt;classes&gt;
      &lt;class name=&quot;org.selenium.pom.tests.AddToCartTest&quot;/&gt;
      &lt;class name=&quot;org.selenium.pom.tests.ApiTest&quot;/&gt;
      &lt;class name=&quot;org.selenium.pom.tests.CheckoutTest&quot;/&gt;
      &lt;class name=&quot;org.selenium.pom.tests.LoginTest&quot;/&gt;
      &lt;class name=&quot;org.selenium.pom.tests.MyFirstTestCase&quot;/&gt;
      &lt;class name=&quot;org.selenium.pom.tests.NavigationTest&quot;/&gt;
      &lt;class name=&quot;org.selenium.pom.tests.SearchTest&quot;/&gt;
    &lt;/classes&gt;
  &lt;/test&gt; &lt;!-- Chrome --&gt;
  &lt;test thread-count=&quot;6&quot; parallel=&quot;methods&quot; name=&quot;Firefox&quot; verbose=&quot;0&quot;&gt;
    &lt;parameter name=&quot;browser&quot; value=&quot;FIREFOX&quot;/&gt;
    &lt;packages&gt;
      &lt;package name=&quot;org.selenium.pom.tests&quot;/&gt;
    &lt;/packages&gt;
    &lt;classes&gt;
      &lt;class name=&quot;org.selenium.pom.tests.AddToCartTest&quot;/&gt;
      &lt;class name=&quot;org.selenium.pom.tests.ApiTest&quot;/&gt;
      &lt;class name=&quot;org.selenium.pom.tests.CheckoutTest&quot;/&gt;
      &lt;class name=&quot;org.selenium.pom.tests.LoginTest&quot;/&gt;
      &lt;class name=&quot;org.selenium.pom.tests.MyFirstTestCase&quot;/&gt;
      &lt;class name=&quot;org.selenium.pom.tests.NavigationTest&quot;/&gt;
      &lt;class name=&quot;org.selenium.pom.tests.SearchTest&quot;/&gt;
    &lt;/classes&gt;
  &lt;/test&gt; &lt;!-- Firefox --&gt;
&lt;/suite&gt; &lt;!-- Default Suite --&gt;
            </pre>
          </div> <!-- main-panel-content rounded-window-bottom -->
        </div> <!-- panel -->
        <div panel-name="testlist-Default_Suite" class="panel">
          <div class="main-panel-header rounded-window-top">
            <span class="header-content">Tests for Default Suite</span>
          </div> <!-- main-panel-header rounded-window-top -->
          <div class="main-panel-content rounded-window-bottom">
            <ul>
              <li>
                <span class="test-name">Chrome (7 classes)</span>
              </li>
              <li>
                <span class="test-name">Firefox (7 classes)</span>
              </li>
            </ul>
          </div> <!-- main-panel-content rounded-window-bottom -->
        </div> <!-- panel -->
        <div panel-name="group-Default_Suite" class="panel">
          <div class="main-panel-header rounded-window-top">
            <span class="header-content">Groups for Default Suite</span>
          </div> <!-- main-panel-header rounded-window-top -->
          <div class="main-panel-content rounded-window-bottom">
          </div> <!-- main-panel-content rounded-window-bottom -->
        </div> <!-- panel -->
        <div panel-name="times-Default_Suite" class="panel">
          <div class="main-panel-header rounded-window-top">
            <span class="header-content">Times for Default Suite</span>
          </div> <!-- main-panel-header rounded-window-top -->
          <div class="main-panel-content rounded-window-bottom">
            <div class="times-div">
              <script type="text/javascript">
suiteTableInitFunctions.push('tableData_Default_Suite');
function tableData_Default_Suite() {
var data = new google.visualization.DataTable();
data.addColumn('number', 'Number');
data.addColumn('string', 'Method');
data.addColumn('string', 'Class');
data.addColumn('number', 'Time (ms)');
data.addRows(48);
data.setCell(0, 0, 0)
data.setCell(0, 1, 'guestCheckoutUsingDirectBankTransfer')
data.setCell(0, 2, 'org.selenium.pom.tests.CheckoutTest')
data.setCell(0, 3, 54904);
data.setCell(1, 0, 1)
data.setCell(1, 1, 'loginAndCheckoutUsingDirectBankTransfer')
data.setCell(1, 2, 'org.selenium.pom.tests.CheckoutTest')
data.setCell(1, 3, 53979);
data.setCell(2, 0, 2)
data.setCell(2, 1, 'guestCheckoutUsingDirectBankTransfer')
data.setCell(2, 2, 'org.selenium.pom.tests.CheckoutTest')
data.setCell(2, 3, 53037);
data.setCell(3, 0, 3)
data.setCell(3, 1, 'guestCheckoutUsingDirectBankTransfer')
data.setCell(3, 2, 'org.selenium.pom.tests.CheckoutTest')
data.setCell(3, 3, 47421);
data.setCell(4, 0, 4)
data.setCell(4, 1, 'loginAndCheckoutUsingDirectBankTransfer')
data.setCell(4, 2, 'org.selenium.pom.tests.CheckoutTest')
data.setCell(4, 3, 45994);
data.setCell(5, 0, 5)
data.setCell(5, 1, 'loginAndCheckoutUsingDirectBankTransfer')
data.setCell(5, 2, 'org.selenium.pom.tests.CheckoutTest')
data.setCell(5, 3, 45945);
data.setCell(6, 0, 6)
data.setCell(6, 1, 'addToCartFeaturedProducts')
data.setCell(6, 2, 'org.selenium.pom.tests.AddToCartTest')
data.setCell(6, 3, 35373);
data.setCell(7, 0, 7)
data.setCell(7, 1, 'addToCartFeaturedProducts')
data.setCell(7, 2, 'org.selenium.pom.tests.AddToCartTest')
data.setCell(7, 3, 35232);
data.setCell(8, 0, 8)
data.setCell(8, 1, 'login')
data.setCell(8, 2, 'org.selenium.pom.tests.LoginTest')
data.setCell(8, 3, 35012);
data.setCell(9, 0, 9)
data.setCell(9, 1, 'addToCartFromStorePage')
data.setCell(9, 2, 'org.selenium.pom.tests.AddToCartTest')
data.setCell(9, 3, 34910);
data.setCell(10, 0, 10)
data.setCell(10, 1, 'addToCartFeaturedProducts')
data.setCell(10, 2, 'org.selenium.pom.tests.AddToCartTest')
data.setCell(10, 3, 34418);
data.setCell(11, 0, 11)
data.setCell(11, 1, 'addToCartFeaturedProducts')
data.setCell(11, 2, 'org.selenium.pom.tests.AddToCartTest')
data.setCell(11, 3, 33978);
data.setCell(12, 0, 12)
data.setCell(12, 1, 'addToCartBraceletsFromStorePage')
data.setCell(12, 2, 'org.selenium.pom.tests.AddToCartTest')
data.setCell(12, 3, 33482);
data.setCell(13, 0, 13)
data.setCell(13, 1, 'addToCartFeaturedProducts')
data.setCell(13, 2, 'org.selenium.pom.tests.AddToCartTest')
data.setCell(13, 3, 33444);
data.setCell(14, 0, 14)
data.setCell(14, 1, 'loginAndCheckoutUsingDirectBankTransfer')
data.setCell(14, 2, 'org.selenium.pom.tests.CheckoutTest')
data.setCell(14, 3, 31004);
data.setCell(15, 0, 15)
data.setCell(15, 1, 'addToCartBraceletsFromStorePage')
data.setCell(15, 2, 'org.selenium.pom.tests.AddToCartTest')
data.setCell(15, 3, 27654);
data.setCell(16, 0, 16)
data.setCell(16, 1, 'guestCheckoutUsingDirectBankTransfer')
data.setCell(16, 2, 'org.selenium.pom.tests.CheckoutTest')
data.setCell(16, 3, 27419);
data.setCell(17, 0, 17)
data.setCell(17, 1, 'loginAndCheckoutUsingDirectBankTransfer')
data.setCell(17, 2, 'org.selenium.pom.tests.CheckoutTest')
data.setCell(17, 3, 24751);
data.setCell(18, 0, 18)
data.setCell(18, 1, 'guestCheckoutUsingDirectBankTransfer')
data.setCell(18, 2, 'org.selenium.pom.tests.CheckoutTest')
data.setCell(18, 3, 22472);
data.setCell(19, 0, 19)
data.setCell(19, 1, 'addToCartBraceletsFromStorePage')
data.setCell(19, 2, 'org.selenium.pom.tests.AddToCartTest')
data.setCell(19, 3, 21603);
data.setCell(20, 0, 20)
data.setCell(20, 1, 'loginAndCheckoutUsingDirectBankTransfer')
data.setCell(20, 2, 'org.selenium.pom.tests.CheckoutTest')
data.setCell(20, 3, 20308);
data.setCell(21, 0, 21)
data.setCell(21, 1, 'guestCheckoutUsingDirectBankTransfer')
data.setCell(21, 2, 'org.selenium.pom.tests.MyFirstTestCase')
data.setCell(21, 3, 19621);
data.setCell(22, 0, 22)
data.setCell(22, 1, 'loginAndCheckoutUsingDirectBankTransfer')
data.setCell(22, 2, 'org.selenium.pom.tests.MyFirstTestCase')
data.setCell(22, 3, 19409);
data.setCell(23, 0, 23)
data.setCell(23, 1, 'guestCheckoutUsingDirectBankTransfer')
data.setCell(23, 2, 'org.selenium.pom.tests.CheckoutTest')
data.setCell(23, 3, 18314);
data.setCell(24, 0, 24)
data.setCell(24, 1, 'loginAndCheckoutUsingDirectBankTransfer')
data.setCell(24, 2, 'org.selenium.pom.tests.MyFirstTestCase')
data.setCell(24, 3, 18020);
data.setCell(25, 0, 25)
data.setCell(25, 1, 'guestCheckoutUsingDirectBankTransfer')
data.setCell(25, 2, 'org.selenium.pom.tests.MyFirstTestCase')
data.setCell(25, 3, 17912);
data.setCell(26, 0, 26)
data.setCell(26, 1, 'login')
data.setCell(26, 2, 'org.selenium.pom.tests.LoginTest')
data.setCell(26, 3, 16400);
data.setCell(27, 0, 27)
data.setCell(27, 1, 'loginDuringCheckout')
data.setCell(27, 2, 'org.selenium.pom.tests.LoginTest')
data.setCell(27, 3, 16284);
data.setCell(28, 0, 28)
data.setCell(28, 1, 'addToCartFromStorePage')
data.setCell(28, 2, 'org.selenium.pom.tests.AddToCartTest')
data.setCell(28, 3, 16013);
data.setCell(29, 0, 29)
data.setCell(29, 1, 'addToCartBraceletsFromStorePage')
data.setCell(29, 2, 'org.selenium.pom.tests.AddToCartTest')
data.setCell(29, 3, 15484);
data.setCell(30, 0, 30)
data.setCell(30, 1, 'addToCartFeaturedProducts')
data.setCell(30, 2, 'org.selenium.pom.tests.AddToCartTest')
data.setCell(30, 3, 15021);
data.setCell(31, 0, 31)
data.setCell(31, 1, 'addToCartFeaturedProducts')
data.setCell(31, 2, 'org.selenium.pom.tests.AddToCartTest')
data.setCell(31, 3, 13197);
data.setCell(32, 0, 32)
data.setCell(32, 1, 'addToCartFeaturedProducts')
data.setCell(32, 2, 'org.selenium.pom.tests.AddToCartTest')
data.setCell(32, 3, 13085);
data.setCell(33, 0, 33)
data.setCell(33, 1, 'addToCartFeaturedProducts')
data.setCell(33, 2, 'org.selenium.pom.tests.AddToCartTest')
data.setCell(33, 3, 12975);
data.setCell(34, 0, 34)
data.setCell(34, 1, 'addToCartFeaturedProducts')
data.setCell(34, 2, 'org.selenium.pom.tests.AddToCartTest')
data.setCell(34, 3, 11323);
data.setCell(35, 0, 35)
data.setCell(35, 1, 'navigateFromHomeToFeaturedProductPage')
data.setCell(35, 2, 'org.selenium.pom.tests.NavigationTest')
data.setCell(35, 3, 7318);
data.setCell(36, 0, 36)
data.setCell(36, 1, 'navigateFromHomeToStoreUsingMainMenu')
data.setCell(36, 2, 'org.selenium.pom.tests.NavigationTest')
data.setCell(36, 3, 6185);
data.setCell(37, 0, 37)
data.setCell(37, 1, 'navigateFromStoreToProductPage')
data.setCell(37, 2, 'org.selenium.pom.tests.NavigationTest')
data.setCell(37, 3, 5772);
data.setCell(38, 0, 38)
data.setCell(38, 1, 'searchNotExistingProduct')
data.setCell(38, 2, 'org.selenium.pom.tests.SearchTest')
data.setCell(38, 3, 4862);
data.setCell(39, 0, 39)
data.setCell(39, 1, 'navigateFromHomeToStoreUsingMainMenu')
data.setCell(39, 2, 'org.selenium.pom.tests.NavigationTest')
data.setCell(39, 3, 4845);
data.setCell(40, 0, 40)
data.setCell(40, 1, 'searchNotExistingProduct')
data.setCell(40, 2, 'org.selenium.pom.tests.SearchTest')
data.setCell(40, 3, 4267);
data.setCell(41, 0, 41)
data.setCell(41, 1, 'navigateFromHomeToFeaturedProductPage')
data.setCell(41, 2, 'org.selenium.pom.tests.NavigationTest')
data.setCell(41, 3, 4243);
data.setCell(42, 0, 42)
data.setCell(42, 1, 'searchWithExactMatch')
data.setCell(42, 2, 'org.selenium.pom.tests.SearchTest')
data.setCell(42, 3, 3956);
data.setCell(43, 0, 43)
data.setCell(43, 1, 'searchWithExactMatch')
data.setCell(43, 2, 'org.selenium.pom.tests.SearchTest')
data.setCell(43, 3, 3556);
data.setCell(44, 0, 44)
data.setCell(44, 1, 'searchWithPartialMatch')
data.setCell(44, 2, 'org.selenium.pom.tests.SearchTest')
data.setCell(44, 3, 2966);
data.setCell(45, 0, 45)
data.setCell(45, 1, 'searchWithPartialMatch')
data.setCell(45, 2, 'org.selenium.pom.tests.SearchTest')
data.setCell(45, 3, 2381);
data.setCell(46, 0, 46)
data.setCell(46, 1, 'navigateFromStoreToProductPage')
data.setCell(46, 2, 'org.selenium.pom.tests.NavigationTest')
data.setCell(46, 3, 2298);
data.setCell(47, 0, 47)
data.setCell(47, 1, 'loginDuringCheckout')
data.setCell(47, 2, 'org.selenium.pom.tests.LoginTest')
data.setCell(47, 3, 0);
window.suiteTableData['Default_Suite']= { tableData: data, tableDiv: 'times-div-Default_Suite'}
return data;
}
              </script>
              <span class="suite-total-time">Total running time: 1 minutes</span>
              <div id="times-div-Default_Suite">
              </div> <!-- times-div-Default_Suite -->
            </div> <!-- times-div -->
          </div> <!-- main-panel-content rounded-window-bottom -->
        </div> <!-- panel -->
        <div panel-name="reporter-Default_Suite" class="panel">
          <div class="main-panel-header rounded-window-top">
            <span class="header-content">Reporter output for Default Suite</span>
          </div> <!-- main-panel-header rounded-window-top -->
          <div class="main-panel-content rounded-window-bottom">
          </div> <!-- main-panel-content rounded-window-bottom -->
        </div> <!-- panel -->
        <div panel-name="ignored-methods-Default_Suite" class="panel">
          <div class="main-panel-header rounded-window-top">
            <span class="header-content">0 ignored methods</span>
          </div> <!-- main-panel-header rounded-window-top -->
          <div class="main-panel-content rounded-window-bottom">
          </div> <!-- main-panel-content rounded-window-bottom -->
        </div> <!-- panel -->
        <div panel-name="chronological-Default_Suite" class="panel">
          <div class="main-panel-header rounded-window-top">
            <span class="header-content">Methods in chronological order</span>
          </div> <!-- main-panel-header rounded-window-top -->
          <div class="main-panel-content rounded-window-bottom">
            <div class="chronological-class">
              <div class="chronological-class-name">org.selenium.pom.tests.LoginTest</div> <!-- chronological-class-name -->
              <div class="configuration-method before">
                <span class="method-name">startDriver(CHROME)</span>
                <span class="method-start">0 ms</span>
              </div> <!-- configuration-method before -->
            </div> <!-- chronological-class -->
            <div class="chronological-class">
              <div class="chronological-class-name">org.selenium.pom.tests.AddToCartTest</div> <!-- chronological-class-name -->
              <div class="configuration-method before">
                <span class="method-name">startDriver(CHROME)</span>
                <span class="method-start">0 ms</span>
              </div> <!-- configuration-method before -->
            </div> <!-- chronological-class -->
            <div class="chronological-class">
              <div class="chronological-class-name">org.selenium.pom.tests.LoginTest</div> <!-- chronological-class-name -->
              <div class="configuration-method before">
                <span class="method-name">startDriver(FIREFOX)</span>
                <span class="method-start">0 ms</span>
              </div> <!-- configuration-method before -->
            </div> <!-- chronological-class -->
            <div class="chronological-class">
              <div class="chronological-class-name">org.selenium.pom.tests.AddToCartTest</div> <!-- chronological-class-name -->
              <div class="configuration-method before">
                <span class="method-name">startDriver(FIREFOX)</span>
                <span class="method-start">0 ms</span>
              </div> <!-- configuration-method before -->
            </div> <!-- chronological-class -->
            <div class="chronological-class">
              <div class="chronological-class-name">org.selenium.pom.tests.CheckoutTest</div> <!-- chronological-class-name -->
              <div class="configuration-method before">
                <span class="method-name">startDriver(CHROME)</span>
                <span class="method-start">637 ms</span>
              </div> <!-- configuration-method before -->
              <div class="configuration-method before">
                <span class="method-name">startDriver(CHROME)</span>
                <span class="method-start">638 ms</span>
              </div> <!-- configuration-method before -->
              <div class="configuration-method before">
                <span class="method-name">startDriver(CHROME)</span>
                <span class="method-start">638 ms</span>
              </div> <!-- configuration-method before -->
              <div class="configuration-method before">
                <span class="method-name">startDriver(FIREFOX)</span>
                <span class="method-start">638 ms</span>
              </div> <!-- configuration-method before -->
              <div class="configuration-method before">
                <span class="method-name">startDriver(FIREFOX)</span>
                <span class="method-start">639 ms</span>
              </div> <!-- configuration-method before -->
              <div class="configuration-method before">
                <span class="method-name">startDriver(CHROME)</span>
                <span class="method-start">640 ms</span>
              </div> <!-- configuration-method before -->
              <div class="configuration-method before">
                <span class="method-name">startDriver(FIREFOX)</span>
                <span class="method-start">640 ms</span>
              </div> <!-- configuration-method before -->
              <div class="configuration-method before">
                <span class="method-name">startDriver(FIREFOX)</span>
                <span class="method-start">640 ms</span>
              </div> <!-- configuration-method before -->
              <div class="configuration-method before">
                <span class="method-name">startDriver(CHROME)</span>
                <span class="method-start">641 ms</span>
              </div> <!-- configuration-method before -->
              <div class="configuration-method before">
                <span class="method-name">startDriver(CHROME)</span>
                <span class="method-start">641 ms</span>
              </div> <!-- configuration-method before -->
              <div class="configuration-method before">
                <span class="method-name">startDriver(FIREFOX)</span>
                <span class="method-start">642 ms</span>
              </div> <!-- configuration-method before -->
              <div class="configuration-method before">
                <span class="method-name">startDriver(FIREFOX)</span>
                <span class="method-start">642 ms</span>
              </div> <!-- configuration-method before -->
            </div> <!-- chronological-class -->
            <div class="chronological-class">
              <div class="chronological-class-name">org.selenium.pom.tests.AddToCartTest</div> <!-- chronological-class-name -->
              <div class="configuration-method before">
                <span class="method-name">startDriver(CHROME)</span>
                <span class="method-start">645 ms</span>
              </div> <!-- configuration-method before -->
              <div class="configuration-method before">
                <span class="method-name">startDriver(FIREFOX)</span>
                <span class="method-start">645 ms</span>
              </div> <!-- configuration-method before -->
              <div class="configuration-method before">
                <span class="method-name">startDriver(CHROME)</span>
                <span class="method-start">646 ms</span>
              </div> <!-- configuration-method before -->
              <div class="configuration-method before">
                <span class="method-name">startDriver(FIREFOX)</span>
                <span class="method-start">646 ms</span>
              </div> <!-- configuration-method before -->
              <div class="configuration-method before">
                <span class="method-name">startDriver(CHROME)</span>
                <span class="method-start">647 ms</span>
              </div> <!-- configuration-method before -->
              <div class="configuration-method before">
                <span class="method-name">startDriver(FIREFOX)</span>
                <span class="method-start">647 ms</span>
              </div> <!-- configuration-method before -->
              <div class="configuration-method before">
                <span class="method-name">startDriver(CHROME)</span>
                <span class="method-start">648 ms</span>
              </div> <!-- configuration-method before -->
              <div class="configuration-method before">
                <span class="method-name">startDriver(FIREFOX)</span>
                <span class="method-start">648 ms</span>
              </div> <!-- configuration-method before -->
              <div class="configuration-method before">
                <span class="method-name">startDriver(FIREFOX)</span>
                <span class="method-start">649 ms</span>
              </div> <!-- configuration-method before -->
              <div class="configuration-method before">
                <span class="method-name">startDriver(CHROME)</span>
                <span class="method-start">650 ms</span>
              </div> <!-- configuration-method before -->
              <div class="configuration-method before">
                <span class="method-name">startDriver(FIREFOX)</span>
                <span class="method-start">650 ms</span>
              </div> <!-- configuration-method before -->
              <div class="configuration-method before">
                <span class="method-name">startDriver(CHROME)</span>
                <span class="method-start">651 ms</span>
              </div> <!-- configuration-method before -->
              <div class="configuration-method before">
                <span class="method-name">startDriver(FIREFOX)</span>
                <span class="method-start">651 ms</span>
              </div> <!-- configuration-method before -->
              <div class="configuration-method before">
                <span class="method-name">startDriver(CHROME)</span>
                <span class="method-start">652 ms</span>
              </div> <!-- configuration-method before -->
              <div class="test-method">
                <span class="method-name">addToCartBraceletsFromStorePage(org.selenium.pom.objects.Product@ccfaee1)</span>
                <span class="method-start">11846 ms</span>
              </div> <!-- test-method -->
            </div> <!-- chronological-class -->
            <div class="chronological-class">
              <div class="chronological-class-name">org.selenium.pom.tests.CheckoutTest</div> <!-- chronological-class-name -->
              <div class="test-method">
                <span class="method-name">guestCheckoutUsingDirectBankTransfer(org.selenium.pom.objects.BillingAddress@3a4d861)</span>
                <span class="method-start">13705 ms</span>
              </div> <!-- test-method -->
            </div> <!-- chronological-class -->
            <div class="chronological-class">
              <div class="chronological-class-name">org.selenium.pom.tests.AddToCartTest</div> <!-- chronological-class-name -->
              <div class="test-method">
                <span class="method-name">addToCartFeaturedProducts(org.selenium.pom.objects.Product@164fb91e)</span>
                <span class="method-start">13832 ms</span>
              </div> <!-- test-method -->
            </div> <!-- chronological-class -->
            <div class="chronological-class">
              <div class="chronological-class-name">org.selenium.pom.tests.CheckoutTest</div> <!-- chronological-class-name -->
              <div class="test-method">
                <span class="method-name">loginAndCheckoutUsingDirectBankTransfer(org.selenium.pom.objects.BillingAddress@5497a622)</span>
                <span class="method-start">13967 ms</span>
              </div> <!-- test-method -->
              <div class="test-method">
                <span class="method-name">loginAndCheckoutUsingDirectBankTransfer(org.selenium.pom.objects.BillingAddress@6540c038)</span>
                <span class="method-start">14098 ms</span>
              </div> <!-- test-method -->
            </div> <!-- chronological-class -->
            <div class="chronological-class">
              <div class="chronological-class-name">org.selenium.pom.tests.LoginTest</div> <!-- chronological-class-name -->
              <div class="test-method">
                <span class="method-name">login</span>
                <span class="method-start">14389 ms</span>
              </div> <!-- test-method -->
            </div> <!-- chronological-class -->
            <div class="chronological-class">
              <div class="chronological-class-name">org.selenium.pom.tests.AddToCartTest</div> <!-- chronological-class-name -->
              <div class="test-method">
                <span class="method-name">addToCartFeaturedProducts(org.selenium.pom.objects.Product@55b22d2)</span>
                <span class="method-start">14471 ms</span>
              </div> <!-- test-method -->
            </div> <!-- chronological-class -->
            <div class="chronological-class">
              <div class="chronological-class-name">org.selenium.pom.tests.CheckoutTest</div> <!-- chronological-class-name -->
              <div class="test-method">
                <span class="method-name">guestCheckoutUsingDirectBankTransfer(org.selenium.pom.objects.BillingAddress@24fcf5e5)</span>
                <span class="method-start">14492 ms</span>
              </div> <!-- test-method -->
              <div class="test-method">
                <span class="method-name">guestCheckoutUsingDirectBankTransfer(org.selenium.pom.objects.BillingAddress@64a89926)</span>
                <span class="method-start">14492 ms</span>
              </div> <!-- test-method -->
              <div class="test-method">
                <span class="method-name">loginAndCheckoutUsingDirectBankTransfer(org.selenium.pom.objects.BillingAddress@18c5cef3)</span>
                <span class="method-start">14498 ms</span>
              </div> <!-- test-method -->
            </div> <!-- chronological-class -->
            <div class="chronological-class">
              <div class="chronological-class-name">org.selenium.pom.tests.AddToCartTest</div> <!-- chronological-class-name -->
              <div class="test-method">
                <span class="method-name">addToCartBraceletsFromStorePage(org.selenium.pom.objects.Product@388ace84)</span>
                <span class="method-start">14566 ms</span>
              </div> <!-- test-method -->
              <div class="test-method">
                <span class="method-name">addToCartFeaturedProducts(org.selenium.pom.objects.Product@6e586cb2)</span>
                <span class="method-start">14592 ms</span>
              </div> <!-- test-method -->
              <div class="test-method">
                <span class="method-name">addToCartFeaturedProducts(org.selenium.pom.objects.Product@613167da)</span>
                <span class="method-start">14865 ms</span>
              </div> <!-- test-method -->
              <div class="test-method">
                <span class="method-name">addToCartFeaturedProducts(org.selenium.pom.objects.Product@3a3f5dd4)</span>
                <span class="method-start">14974 ms</span>
              </div> <!-- test-method -->
              <div class="test-method">
                <span class="method-name">addToCartFromStorePage</span>
                <span class="method-start">14975 ms</span>
              </div> <!-- test-method -->
            </div> <!-- chronological-class -->
            <div class="chronological-class">
              <div class="chronological-class-name">org.selenium.pom.tests.CheckoutTest</div> <!-- chronological-class-name -->
              <div class="test-method">
                <img src="failed.png">
                </img>
                <span class="method-name">loginAndCheckoutUsingDirectBankTransfer(org.selenium.pom.objects.BillingAddress@5e4ba29)</span>
                <span class="method-start">31209 ms</span>
              </div> <!-- test-method -->
            </div> <!-- chronological-class -->
            <div class="chronological-class">
              <div class="chronological-class-name">org.selenium.pom.tests.AddToCartTest</div> <!-- chronological-class-name -->
              <div class="test-method">
                <span class="method-name">addToCartBraceletsFromStorePage(org.selenium.pom.objects.Product@f993fb)</span>
                <span class="method-start">33137 ms</span>
              </div> <!-- test-method -->
              <div class="configuration-method after">
                <img src="failed.png">
                </img>
                <span class="method-name">stopDriver([TestResult name=addToCartBraceletsFromStorePage status=SUCCESS method=AddToCartTest.addToCartBracel...)</span>
                <span class="method-start">33482 ms</span>
              </div> <!-- configuration-method after -->
            </div> <!-- chronological-class -->
            <div class="chronological-class">
              <div class="chronological-class-name">org.selenium.pom.tests.CheckoutTest</div> <!-- chronological-class-name -->
              <div class="test-method">
                <img src="failed.png">
                </img>
                <span class="method-name">guestCheckoutUsingDirectBankTransfer(org.selenium.pom.objects.BillingAddress@395e0f1d)</span>
                <span class="method-start">33618 ms</span>
              </div> <!-- test-method -->
              <div class="configuration-method after">
                <img src="failed.png">
                </img>
                <span class="method-name">stopDriver([TestResult name=guestCheckoutUsingDirectBankTransfer status=SUCCESS method=CheckoutTest.guestChecko...)</span>
                <span class="method-start">43374 ms</span>
              </div> <!-- configuration-method after -->
            </div> <!-- chronological-class -->
            <div class="chronological-class">
              <div class="chronological-class-name">org.selenium.pom.tests.AddToCartTest</div> <!-- chronological-class-name -->
              <div class="test-method">
                <span class="method-name">addToCartBraceletsFromStorePage(org.selenium.pom.objects.Product@715e9e9d)</span>
                <span class="method-start">43379 ms</span>
              </div> <!-- test-method -->
              <div class="test-method">
                <span class="method-name">addToCartFeaturedProducts(org.selenium.pom.objects.Product@5066ba4e)</span>
                <span class="method-start">43390 ms</span>
              </div> <!-- test-method -->
            </div> <!-- chronological-class -->
            <div class="chronological-class">
              <div class="chronological-class-name">org.selenium.pom.tests.CheckoutTest</div> <!-- chronological-class-name -->
              <div class="configuration-method after">
                <img src="failed.png">
                </img>
                <span class="method-name">stopDriver([TestResult name=loginAndCheckoutUsingDirectBankTransfer status=SUCCESS method=CheckoutTest.loginAnd...)</span>
                <span class="method-start">44972 ms</span>
              </div> <!-- configuration-method after -->
              <div class="test-method">
                <span class="method-name">guestCheckoutUsingDirectBankTransfer(org.selenium.pom.objects.BillingAddress@70b102c2)</span>
                <span class="method-start">46550 ms</span>
              </div> <!-- test-method -->
            </div> <!-- chronological-class -->
            <div class="chronological-class">
              <div class="chronological-class-name">org.selenium.pom.tests.AddToCartTest</div> <!-- chronological-class-name -->
              <div class="test-method">
                <span class="method-name">addToCartFeaturedProducts(org.selenium.pom.objects.Product@4ef7c085)</span>
                <span class="method-start">47540 ms</span>
              </div> <!-- test-method -->
              <div class="test-method">
                <span class="method-name">addToCartFromStorePage</span>
                <span class="method-start">48022 ms</span>
              </div> <!-- test-method -->
              <div class="configuration-method after">
                <img src="failed.png">
                </img>
                <span class="method-name">stopDriver([TestResult name=addToCartFeaturedProducts status=SUCCESS method=AddToCartTest.addToCartFeaturedProd...)</span>
                <span class="method-start">48038 ms</span>
              </div> <!-- configuration-method after -->
              <div class="configuration-method after">
                <img src="failed.png">
                </img>
                <span class="method-name">stopDriver([TestResult name=addToCartBraceletsFromStorePage status=SUCCESS method=AddToCartTest.addToCartBracel...)</span>
                <span class="method-start">48049 ms</span>
              </div> <!-- configuration-method after -->
              <div class="configuration-method after">
                <img src="failed.png">
                </img>
                <span class="method-name">stopDriver([TestResult name=addToCartFeaturedProducts status=SUCCESS method=AddToCartTest.addToCartFeaturedProd...)</span>
                <span class="method-start">48255 ms</span>
              </div> <!-- configuration-method after -->
            </div> <!-- chronological-class -->
            <div class="chronological-class">
              <div class="chronological-class-name">org.selenium.pom.tests.LoginTest</div> <!-- chronological-class-name -->
              <div class="test-method">
                <span class="method-name">login</span>
                <span class="method-start">49066 ms</span>
              </div> <!-- test-method -->
            </div> <!-- chronological-class -->
            <div class="chronological-class">
              <div class="chronological-class-name">org.selenium.pom.tests.AddToCartTest</div> <!-- chronological-class-name -->
              <div class="configuration-method after">
                <img src="failed.png">
                </img>
                <span class="method-name">stopDriver([TestResult name=addToCartFeaturedProducts status=SUCCESS method=AddToCartTest.addToCartFeaturedProd...)</span>
                <span class="method-start">49086 ms</span>
              </div> <!-- configuration-method after -->
              <div class="test-method">
                <span class="method-name">addToCartFeaturedProducts(org.selenium.pom.objects.Product@792b83d9)</span>
                <span class="method-start">49354 ms</span>
              </div> <!-- test-method -->
            </div> <!-- chronological-class -->
            <div class="chronological-class">
              <div class="chronological-class-name">org.selenium.pom.tests.LoginTest</div> <!-- chronological-class-name -->
              <div class="configuration-method after">
                <img src="failed.png">
                </img>
                <span class="method-name">stopDriver([TestResult name=login status=SUCCESS method=LoginTest.login()[pri:0, instance:org.selenium.pom.test...)</span>
                <span class="method-start">49405 ms</span>
              </div> <!-- configuration-method after -->
            </div> <!-- chronological-class -->
            <div class="chronological-class">
              <div class="chronological-class-name">org.selenium.pom.tests.AddToCartTest</div> <!-- chronological-class-name -->
              <div class="test-method">
                <span class="method-name">addToCartFeaturedProducts(org.selenium.pom.objects.Product@32376fa)</span>
                <span class="method-start">49422 ms</span>
              </div> <!-- test-method -->
              <div class="test-method">
                <span class="method-name">addToCartFeaturedProducts(org.selenium.pom.objects.Product@2092199b)</span>
                <span class="method-start">49734 ms</span>
              </div> <!-- test-method -->
              <div class="configuration-method after">
                <img src="failed.png">
                </img>
                <span class="method-name">stopDriver([TestResult name=addToCartFromStorePage status=SUCCESS method=AddToCartTest.addToCartFromStorePage()...)</span>
                <span class="method-start">49887 ms</span>
              </div> <!-- configuration-method after -->
              <div class="configuration-method after">
                <img src="failed.png">
                </img>
                <span class="method-name">stopDriver([TestResult name=addToCartFeaturedProducts status=SUCCESS method=AddToCartTest.addToCartFeaturedProd...)</span>
                <span class="method-start">50208 ms</span>
              </div> <!-- configuration-method after -->
              <div class="configuration-method after">
                <img src="failed.png">
                </img>
                <span class="method-name">stopDriver([TestResult name=addToCartFeaturedProducts status=SUCCESS method=AddToCartTest.addToCartFeaturedProd...)</span>
                <span class="method-start">50240 ms</span>
              </div> <!-- configuration-method after -->
            </div> <!-- chronological-class -->
            <div class="chronological-class">
              <div class="chronological-class-name">org.selenium.pom.tests.CheckoutTest</div> <!-- chronological-class-name -->
              <div class="test-method">
                <span class="method-name">loginAndCheckoutUsingDirectBankTransfer(org.selenium.pom.objects.BillingAddress@58d4ab3e)</span>
                <span class="method-start">50327 ms</span>
              </div> <!-- test-method -->
              <div class="test-method">
                <span class="method-name">loginAndCheckoutUsingDirectBankTransfer(org.selenium.pom.objects.BillingAddress@41313cb7)</span>
                <span class="method-start">50354 ms</span>
              </div> <!-- test-method -->
              <div class="test-method">
                <span class="method-name">guestCheckoutUsingDirectBankTransfer(org.selenium.pom.objects.BillingAddress@7a08ae00)</span>
                <span class="method-start">55702 ms</span>
              </div> <!-- test-method -->
            </div> <!-- chronological-class -->
            <div class="chronological-class">
              <div class="chronological-class-name">org.selenium.pom.tests.AddToCartTest</div> <!-- chronological-class-name -->
              <div class="configuration-method after">
                <span class="method-name">stopDriver([TestResult name=addToCartFeaturedProducts status=SUCCESS method=AddToCartTest.addToCartFeaturedProd...)</span>
                <span class="method-start">58587 ms</span>
              </div> <!-- configuration-method after -->
              <div class="configuration-method after">
                <span class="method-name">stopDriver([TestResult name=addToCartBraceletsFromStorePage status=SUCCESS method=AddToCartTest.addToCartBracel...)</span>
                <span class="method-start">59127 ms</span>
              </div> <!-- configuration-method after -->
              <div class="configuration-method after">
                <span class="method-name">stopDriver([TestResult name=addToCartFeaturedProducts status=SUCCESS method=AddToCartTest.addToCartFeaturedProd...)</span>
                <span class="method-start">59134 ms</span>
              </div> <!-- configuration-method after -->
            </div> <!-- chronological-class -->
            <div class="chronological-class">
              <div class="chronological-class-name">org.selenium.pom.tests.CheckoutTest</div> <!-- chronological-class-name -->
              <div class="configuration-method after">
                <span class="method-name">stopDriver([TestResult name=loginAndCheckoutUsingDirectBankTransfer status=SUCCESS method=CheckoutTest.loginAnd...)</span>
                <span class="method-start">60049 ms</span>
              </div> <!-- configuration-method after -->
            </div> <!-- chronological-class -->
            <div class="chronological-class">
              <div class="chronological-class-name">org.selenium.pom.tests.AddToCartTest</div> <!-- chronological-class-name -->
              <div class="configuration-method after">
                <span class="method-name">stopDriver([TestResult name=addToCartBraceletsFromStorePage status=SUCCESS method=AddToCartTest.addToCartBracel...)</span>
                <span class="method-start">60792 ms</span>
              </div> <!-- configuration-method after -->
              <div class="configuration-method after">
                <span class="method-name">stopDriver([TestResult name=addToCartFeaturedProducts status=SUCCESS method=AddToCartTest.addToCartFeaturedProd...)</span>
                <span class="method-start">62398 ms</span>
              </div> <!-- configuration-method after -->
              <div class="configuration-method after">
                <span class="method-name">stopDriver([TestResult name=addToCartFeaturedProducts status=SUCCESS method=AddToCartTest.addToCartFeaturedProd...)</span>
                <span class="method-start">63286 ms</span>
              </div> <!-- configuration-method after -->
              <div class="configuration-method after">
                <span class="method-name">stopDriver([TestResult name=addToCartFeaturedProducts status=SUCCESS method=AddToCartTest.addToCartFeaturedProd...)</span>
                <span class="method-start">63286 ms</span>
              </div> <!-- configuration-method after -->
              <div class="configuration-method after">
                <span class="method-name">stopDriver([TestResult name=addToCartFromStorePage status=SUCCESS method=AddToCartTest.addToCartFromStorePage()...)</span>
                <span class="method-start">66325 ms</span>
              </div> <!-- configuration-method after -->
            </div> <!-- chronological-class -->
            <div class="chronological-class">
              <div class="chronological-class-name">org.selenium.pom.tests.LoginTest</div> <!-- chronological-class-name -->
              <div class="configuration-method after">
                <span class="method-name">stopDriver([TestResult name=login status=SUCCESS method=LoginTest.login()[pri:0, instance:org.selenium.pom.test...)</span>
                <span class="method-start">67528 ms</span>
              </div> <!-- configuration-method after -->
            </div> <!-- chronological-class -->
            <div class="chronological-class">
              <div class="chronological-class-name">org.selenium.pom.tests.CheckoutTest</div> <!-- chronological-class-name -->
              <div class="configuration-method after">
                <span class="method-name">stopDriver([TestResult name=loginAndCheckoutUsingDirectBankTransfer status=SUCCESS method=CheckoutTest.loginAnd...)</span>
                <span class="method-start">71484 ms</span>
              </div> <!-- configuration-method after -->
              <div class="configuration-method after">
                <span class="method-name">stopDriver([TestResult name=guestCheckoutUsingDirectBankTransfer status=SUCCESS method=CheckoutTest.guestChecko...)</span>
                <span class="method-start">71838 ms</span>
              </div> <!-- configuration-method after -->
              <div class="configuration-method after">
                <span class="method-name">stopDriver([TestResult name=guestCheckoutUsingDirectBankTransfer status=SUCCESS method=CheckoutTest.guestChecko...)</span>
                <span class="method-start">71838 ms</span>
              </div> <!-- configuration-method after -->
              <div class="configuration-method after">
                <span class="method-name">stopDriver([TestResult name=loginAndCheckoutUsingDirectBankTransfer status=SUCCESS method=CheckoutTest.loginAnd...)</span>
                <span class="method-start">71845 ms</span>
              </div> <!-- configuration-method after -->
            </div> <!-- chronological-class -->
            <div class="chronological-class">
              <div class="chronological-class-name">org.selenium.pom.tests.LoginTest</div> <!-- chronological-class-name -->
              <div class="configuration-method before">
                <span class="method-name">startDriver(FIREFOX)</span>
                <span class="method-start">72227 ms</span>
              </div> <!-- configuration-method before -->
            </div> <!-- chronological-class -->
            <div class="chronological-class">
              <div class="chronological-class-name">org.selenium.pom.tests.CheckoutTest</div> <!-- chronological-class-name -->
              <div class="configuration-method after">
                <img src="failed.png">
                </img>
                <span class="method-name">stopDriver([TestResult name=guestCheckoutUsingDirectBankTransfer status=SUCCESS method=CheckoutTest.guestChecko...)</span>
                <span class="method-start">73465 ms</span>
              </div> <!-- configuration-method after -->
            </div> <!-- chronological-class -->
            <div class="chronological-class">
              <div class="chronological-class-name">org.selenium.pom.tests.LoginTest</div> <!-- chronological-class-name -->
              <div class="configuration-method before">
                <span class="method-name">startDriver(CHROME)</span>
                <span class="method-start">73480 ms</span>
              </div> <!-- configuration-method before -->
            </div> <!-- chronological-class -->
            <div class="chronological-class">
              <div class="chronological-class-name">org.selenium.pom.tests.MyFirstTestCase</div> <!-- chronological-class-name -->
              <div class="configuration-method before">
                <span class="method-name">startDriver(CHROME)</span>
                <span class="method-start">73502 ms</span>
              </div> <!-- configuration-method before -->
              <div class="configuration-method before">
                <span class="method-name">startDriver(CHROME)</span>
                <span class="method-start">73503 ms</span>
              </div> <!-- configuration-method before -->
            </div> <!-- chronological-class -->
            <div class="chronological-class">
              <div class="chronological-class-name">org.selenium.pom.tests.NavigationTest</div> <!-- chronological-class-name -->
              <div class="configuration-method before">
                <span class="method-name">startDriver(CHROME)</span>
                <span class="method-start">73506 ms</span>
              </div> <!-- configuration-method before -->
              <div class="configuration-method before">
                <span class="method-name">startDriver(CHROME)</span>
                <span class="method-start">73666 ms</span>
              </div> <!-- configuration-method before -->
            </div> <!-- chronological-class -->
            <div class="chronological-class">
              <div class="chronological-class-name">org.selenium.pom.tests.MyFirstTestCase</div> <!-- chronological-class-name -->
              <div class="configuration-method before">
                <span class="method-name">startDriver(FIREFOX)</span>
                <span class="method-start">73670 ms</span>
              </div> <!-- configuration-method before -->
              <div class="configuration-method before">
                <span class="method-name">startDriver(FIREFOX)</span>
                <span class="method-start">73733 ms</span>
              </div> <!-- configuration-method before -->
            </div> <!-- chronological-class -->
            <div class="chronological-class">
              <div class="chronological-class-name">org.selenium.pom.tests.NavigationTest</div> <!-- chronological-class-name -->
              <div class="configuration-method before">
                <span class="method-name">startDriver(FIREFOX)</span>
                <span class="method-start">73742 ms</span>
              </div> <!-- configuration-method before -->
            </div> <!-- chronological-class -->
            <div class="chronological-class">
              <div class="chronological-class-name">org.selenium.pom.tests.CheckoutTest</div> <!-- chronological-class-name -->
              <div class="configuration-method after">
                <span class="method-name">stopDriver([TestResult name=loginAndCheckoutUsingDirectBankTransfer status=SUCCESS method=CheckoutTest.loginAnd...)</span>
                <span class="method-start">77321 ms</span>
              </div> <!-- configuration-method after -->
              <div class="configuration-method after">
                <span class="method-name">stopDriver([TestResult name=guestCheckoutUsingDirectBankTransfer status=SUCCESS method=CheckoutTest.guestChecko...)</span>
                <span class="method-start">78838 ms</span>
              </div> <!-- configuration-method after -->
              <div class="configuration-method after">
                <span class="method-name">stopDriver([TestResult name=loginAndCheckoutUsingDirectBankTransfer status=FAILURE method=CheckoutTest.loginAnd...)</span>
                <span class="method-start">81162 ms</span>
              </div> <!-- configuration-method after -->
              <div class="configuration-method after">
                <span class="method-name">stopDriver([TestResult name=guestCheckoutUsingDirectBankTransfer status=FAILURE method=CheckoutTest.guestChecko...)</span>
                <span class="method-start">83795 ms</span>
              </div> <!-- configuration-method after -->
            </div> <!-- chronological-class -->
            <div class="chronological-class">
              <div class="chronological-class-name">org.selenium.pom.tests.MyFirstTestCase</div> <!-- chronological-class-name -->
              <div class="test-method">
                <span class="method-name">loginAndCheckoutUsingDirectBankTransfer</span>
                <span class="method-start">85003 ms</span>
              </div> <!-- test-method -->
              <div class="test-method">
                <span class="method-name">guestCheckoutUsingDirectBankTransfer</span>
                <span class="method-start">85480 ms</span>
              </div> <!-- test-method -->
            </div> <!-- chronological-class -->
            <div class="chronological-class">
              <div class="chronological-class-name">org.selenium.pom.tests.NavigationTest</div> <!-- chronological-class-name -->
              <div class="test-method">
                <span class="method-name">navigateFromHomeToFeaturedProductPage</span>
                <span class="method-start">85480 ms</span>
              </div> <!-- test-method -->
            </div> <!-- chronological-class -->
            <div class="chronological-class">
              <div class="chronological-class-name">org.selenium.pom.tests.MyFirstTestCase</div> <!-- chronological-class-name -->
              <div class="test-method">
                <span class="method-name">guestCheckoutUsingDirectBankTransfer</span>
                <span class="method-start">85481 ms</span>
              </div> <!-- test-method -->
              <div class="test-method">
                <img src="failed.png">
                </img>
                <span class="method-name">loginAndCheckoutUsingDirectBankTransfer</span>
                <span class="method-start">85482 ms</span>
              </div> <!-- test-method -->
            </div> <!-- chronological-class -->
            <div class="chronological-class">
              <div class="chronological-class-name">org.selenium.pom.tests.NavigationTest</div> <!-- chronological-class-name -->
              <div class="test-method">
                <span class="method-name">navigateFromHomeToFeaturedProductPage</span>
                <span class="method-start">85482 ms</span>
              </div> <!-- test-method -->
              <div class="test-method">
                <span class="method-name">navigateFromHomeToStoreUsingMainMenu</span>
                <span class="method-start">85482 ms</span>
              </div> <!-- test-method -->
            </div> <!-- chronological-class -->
            <div class="chronological-class">
              <div class="chronological-class-name">org.selenium.pom.tests.LoginTest</div> <!-- chronological-class-name -->
              <div class="test-method">
                <span class="method-name">loginDuringCheckout</span>
                <span class="method-start">85482 ms</span>
              </div> <!-- test-method -->
              <div class="test-method">
                <span class="method-name">loginDuringCheckout</span>
                <span class="method-start">85483 ms</span>
              </div> <!-- test-method -->
            </div> <!-- chronological-class -->
            <div class="chronological-class">
              <div class="chronological-class-name">org.selenium.pom.tests.NavigationTest</div> <!-- chronological-class-name -->
              <div class="configuration-method before">
                <span class="method-name">startDriver(FIREFOX)</span>
                <span class="method-start">86815 ms</span>
              </div> <!-- configuration-method before -->
              <div class="configuration-method before">
                <span class="method-name">startDriver(FIREFOX)</span>
                <span class="method-start">87820 ms</span>
              </div> <!-- configuration-method before -->
            </div> <!-- chronological-class -->
            <div class="chronological-class">
              <div class="chronological-class-name">org.selenium.pom.tests.LoginTest</div> <!-- chronological-class-name -->
              <div class="configuration-method after">
                <span class="method-name">stopDriver</span>
                <span class="method-start">92741 ms</span>
              </div> <!-- configuration-method after -->
            </div> <!-- chronological-class -->
            <div class="chronological-class">
              <div class="chronological-class-name">org.selenium.pom.tests.NavigationTest</div> <!-- chronological-class-name -->
              <div class="configuration-method after">
                <span class="method-name">stopDriver([TestResult name=navigateFromHomeToStoreUsingMainMenu status=SUCCESS method=NavigationTest.navigateF...)</span>
                <span class="method-start">92741 ms</span>
              </div> <!-- configuration-method after -->
              <div class="configuration-method before">
                <span class="method-name">startDriver(CHROME)</span>
                <span class="method-start">92742 ms</span>
              </div> <!-- configuration-method before -->
              <div class="configuration-method after">
                <span class="method-name">stopDriver([TestResult name=navigateFromHomeToFeaturedProductPage status=SUCCESS method=NavigationTest.navigate...)</span>
                <span class="method-start">92965 ms</span>
              </div> <!-- configuration-method after -->
              <div class="configuration-method after">
                <span class="method-name">stopDriver([TestResult name=navigateFromHomeToFeaturedProductPage status=SUCCESS method=NavigationTest.navigate...)</span>
                <span class="method-start">94319 ms</span>
              </div> <!-- configuration-method after -->
              <div class="test-method">
                <span class="method-name">navigateFromStoreToProductPage</span>
                <span class="method-start">94947 ms</span>
              </div> <!-- test-method -->
              <div class="test-method">
                <span class="method-name">navigateFromHomeToStoreUsingMainMenu</span>
                <span class="method-start">98658 ms</span>
              </div> <!-- test-method -->
              <div class="configuration-method after">
                <span class="method-name">stopDriver([TestResult name=navigateFromStoreToProductPage status=SUCCESS method=NavigationTest.navigateFromSto...)</span>
                <span class="method-start">100985 ms</span>
              </div> <!-- configuration-method after -->
            </div> <!-- chronological-class -->
            <div class="chronological-class">
              <div class="chronological-class-name">org.selenium.pom.tests.SearchTest</div> <!-- chronological-class-name -->
              <div class="configuration-method before">
                <span class="method-name">startDriver(FIREFOX)</span>
                <span class="method-start">101555 ms</span>
              </div> <!-- configuration-method before -->
            </div> <!-- chronological-class -->
            <div class="chronological-class">
              <div class="chronological-class-name">org.selenium.pom.tests.LoginTest</div> <!-- chronological-class-name -->
              <div class="configuration-method after">
                <span class="method-name">stopDriver([TestResult name=loginDuringCheckout status=SUCCESS method=LoginTest.loginDuringCheckout()[pri:0, in...)</span>
                <span class="method-start">102338 ms</span>
              </div> <!-- configuration-method after -->
            </div> <!-- chronological-class -->
            <div class="chronological-class">
              <div class="chronological-class-name">org.selenium.pom.tests.SearchTest</div> <!-- chronological-class-name -->
              <div class="configuration-method before">
                <span class="method-name">startDriver(CHROME)</span>
                <span class="method-start">102340 ms</span>
              </div> <!-- configuration-method before -->
              <div class="configuration-method before">
                <span class="method-name">startDriver(CHROME)</span>
                <span class="method-start">102599 ms</span>
              </div> <!-- configuration-method before -->
            </div> <!-- chronological-class -->
            <div class="chronological-class">
              <div class="chronological-class-name">org.selenium.pom.tests.MyFirstTestCase</div> <!-- chronological-class-name -->
              <div class="configuration-method after">
                <span class="method-name">stopDriver([TestResult name=loginAndCheckoutUsingDirectBankTransfer status=FAILURE method=MyFirstTestCase.login...)</span>
                <span class="method-start">105187 ms</span>
              </div> <!-- configuration-method after -->
            </div> <!-- chronological-class -->
            <div class="chronological-class">
              <div class="chronological-class-name">org.selenium.pom.tests.NavigationTest</div> <!-- chronological-class-name -->
              <div class="configuration-method after">
                <span class="method-name">stopDriver([TestResult name=navigateFromHomeToStoreUsingMainMenu status=SUCCESS method=NavigationTest.navigateF...)</span>
                <span class="method-start">105187 ms</span>
              </div> <!-- configuration-method after -->
            </div> <!-- chronological-class -->
            <div class="chronological-class">
              <div class="chronological-class-name">org.selenium.pom.tests.MyFirstTestCase</div> <!-- chronological-class-name -->
              <div class="configuration-method after">
                <span class="method-name">stopDriver([TestResult name=guestCheckoutUsingDirectBankTransfer status=SUCCESS method=MyFirstTestCase.guestChe...)</span>
                <span class="method-start">105188 ms</span>
              </div> <!-- configuration-method after -->
            </div> <!-- chronological-class -->
            <div class="chronological-class">
              <div class="chronological-class-name">org.selenium.pom.tests.NavigationTest</div> <!-- chronological-class-name -->
              <div class="test-method">
                <img src="failed.png">
                </img>
                <span class="method-name">navigateFromStoreToProductPage</span>
                <span class="method-start">105674 ms</span>
              </div> <!-- test-method -->
            </div> <!-- chronological-class -->
            <div class="chronological-class">
              <div class="chronological-class-name">org.selenium.pom.tests.MyFirstTestCase</div> <!-- chronological-class-name -->
              <div class="configuration-method after">
                <span class="method-name">stopDriver([TestResult name=guestCheckoutUsingDirectBankTransfer status=SUCCESS method=MyFirstTestCase.guestChe...)</span>
                <span class="method-start">105921 ms</span>
              </div> <!-- configuration-method after -->
              <div class="configuration-method after">
                <span class="method-name">stopDriver([TestResult name=loginAndCheckoutUsingDirectBankTransfer status=SUCCESS method=MyFirstTestCase.login...)</span>
                <span class="method-start">105921 ms</span>
              </div> <!-- configuration-method after -->
            </div> <!-- chronological-class -->
            <div class="chronological-class">
              <div class="chronological-class-name">org.selenium.pom.tests.SearchTest</div> <!-- chronological-class-name -->
              <div class="configuration-method before">
                <span class="method-name">startDriver(FIREFOX)</span>
                <span class="method-start">105967 ms</span>
              </div> <!-- configuration-method before -->
              <div class="test-method">
                <span class="method-name">searchWithExactMatch</span>
                <span class="method-start">106283 ms</span>
              </div> <!-- test-method -->
              <div class="test-method">
                <span class="method-name">searchNotExistingProduct</span>
                <span class="method-start">106574 ms</span>
              </div> <!-- test-method -->
              <div class="configuration-method before">
                <span class="method-name">startDriver(FIREFOX)</span>
                <span class="method-start">107646 ms</span>
              </div> <!-- configuration-method before -->
            </div> <!-- chronological-class -->
            <div class="chronological-class">
              <div class="chronological-class-name">org.selenium.pom.tests.NavigationTest</div> <!-- chronological-class-name -->
              <div class="configuration-method after">
                <span class="method-name">stopDriver([TestResult name=navigateFromStoreToProductPage status=FAILURE method=NavigationTest.navigateFromSto...)</span>
                <span class="method-start">107975 ms</span>
              </div> <!-- configuration-method after -->
            </div> <!-- chronological-class -->
            <div class="chronological-class">
              <div class="chronological-class-name">org.selenium.pom.tests.SearchTest</div> <!-- chronological-class-name -->
              <div class="test-method">
                <span class="method-name">searchNotExistingProduct</span>
                <span class="method-start">109345 ms</span>
              </div> <!-- test-method -->
              <div class="configuration-method after">
                <span class="method-name">stopDriver([TestResult name=searchWithExactMatch status=SUCCESS method=SearchTest.searchWithExactMatch()[pri:0,...)</span>
                <span class="method-start">110241 ms</span>
              </div> <!-- configuration-method after -->
              <div class="configuration-method before">
                <span class="method-name">startDriver(CHROME)</span>
                <span class="method-start">110627 ms</span>
              </div> <!-- configuration-method before -->
              <div class="configuration-method after">
                <span class="method-name">stopDriver([TestResult name=searchNotExistingProduct status=SUCCESS method=SearchTest.searchNotExistingProduct(...)</span>
                <span class="method-start">110842 ms</span>
              </div> <!-- configuration-method after -->
              <div class="test-method">
                <span class="method-name">searchWithPartialMatch</span>
                <span class="method-start">111673 ms</span>
              </div> <!-- test-method -->
              <div class="test-method">
                <span class="method-name">searchWithExactMatch</span>
                <span class="method-start">112845 ms</span>
              </div> <!-- test-method -->
              <div class="configuration-method after">
                <span class="method-name">stopDriver([TestResult name=searchNotExistingProduct status=SUCCESS method=SearchTest.searchNotExistingProduct(...)</span>
                <span class="method-start">114220 ms</span>
              </div> <!-- configuration-method after -->
              <div class="configuration-method after">
                <span class="method-name">stopDriver([TestResult name=searchWithPartialMatch status=SUCCESS method=SearchTest.searchWithPartialMatch()[pr...)</span>
                <span class="method-start">114640 ms</span>
              </div> <!-- configuration-method after -->
              <div class="test-method">
                <span class="method-name">searchWithPartialMatch</span>
                <span class="method-start">114665 ms</span>
              </div> <!-- test-method -->
              <div class="configuration-method after">
                <span class="method-name">stopDriver([TestResult name=searchWithExactMatch status=SUCCESS method=SearchTest.searchWithExactMatch()[pri:0,...)</span>
                <span class="method-start">116402 ms</span>
              </div> <!-- configuration-method after -->
              <div class="configuration-method after">
                <span class="method-name">stopDriver([TestResult name=searchWithPartialMatch status=SUCCESS method=SearchTest.searchWithPartialMatch()[pr...)</span>
                <span class="method-start">117047 ms</span>
              </div> <!-- configuration-method after -->
          </div> <!-- main-panel-content rounded-window-bottom -->
        </div> <!-- panel -->
      </div> <!-- main-panel-root -->
    </div> <!-- wrapper -->
  </body>
<script type="text/javascript" src="testng-reports2.js"></script>
</html>
