<?xml version="1.0" encoding="UTF-8"?>
<testng-results ignored="0" total="8" passed="8" failed="0" skipped="0">
  <reporter-output>
  </reporter-output>
  <suite started-at="2022-01-19T16:51:39 CET" name="Command line suite" finished-at="2022-01-19T16:52:42 CET" duration-ms="62939">
    <groups>
    </groups>
    <test started-at="2022-01-19T16:51:39 CET" name="Command line test" finished-at="2022-01-19T16:52:42 CET" duration-ms="62939">
      <class name="org.selenium.pom.tests.NavigationTest">
        <test-method is-config="true" signature="startDriver(java.lang.String)[pri:0, instance:org.selenium.pom.tests.NavigationTest@6b419da]" started-at="2022-01-19T16:52:36 CET" name="startDriver" finished-at="2022-01-19T16:52:37 CET" duration-ms="953" status="PASS">
          <params>
            <param index="0">
              <value>
                <![CDATA[CHROME]]>
              </value>
            </param>
          </params>
          <reporter-output>
          </reporter-output>
        </test-method> <!-- startDriver -->
        <test-method signature="navigateFromHomeToStoreUsingMainMenu()[pri:0, instance:org.selenium.pom.tests.NavigationTest@6b419da]" started-at="2022-01-19T16:52:37 CET" name="navigateFromHomeToStoreUsingMainMenu" finished-at="2022-01-19T16:52:39 CET" duration-ms="1752" status="PASS">
          <reporter-output>
          </reporter-output>
        </test-method> <!-- navigateFromHomeToStoreUsingMainMenu -->
        <test-method is-config="true" signature="stopDriver()[pri:0, instance:org.selenium.pom.tests.NavigationTest@6b419da]" started-at="2022-01-19T16:52:39 CET" name="stopDriver" finished-at="2022-01-19T16:52:39 CET" duration-ms="118" status="PASS">
          <reporter-output>
          </reporter-output>
        </test-method> <!-- stopDriver -->
      </class> <!-- org.selenium.pom.tests.NavigationTest -->
      <class name="org.selenium.pom.tests.CheckoutTest">
        <test-method is-config="true" signature="startDriver(java.lang.String)[pri:0, instance:org.selenium.pom.tests.CheckoutTest@1a84f40f]" started-at="2022-01-19T16:51:45 CET" name="startDriver" finished-at="2022-01-19T16:51:46 CET" duration-ms="1147" status="PASS">
          <params>
            <param index="0">
              <value>
                <![CDATA[CHROME]]>
              </value>
            </param>
          </params>
          <reporter-output>
          </reporter-output>
        </test-method> <!-- startDriver -->
        <test-method signature="guestCheckoutUsingDirectBankTransfer()[pri:0, instance:org.selenium.pom.tests.CheckoutTest@1a84f40f]" started-at="2022-01-19T16:51:46 CET" name="guestCheckoutUsingDirectBankTransfer" finished-at="2022-01-19T16:51:55 CET" duration-ms="8978" status="PASS">
          <reporter-output>
          </reporter-output>
        </test-method> <!-- guestCheckoutUsingDirectBankTransfer -->
        <test-method is-config="true" signature="stopDriver()[pri:0, instance:org.selenium.pom.tests.CheckoutTest@1a84f40f]" started-at="2022-01-19T16:51:55 CET" name="stopDriver" finished-at="2022-01-19T16:51:55 CET" duration-ms="178" status="PASS">
          <reporter-output>
          </reporter-output>
        </test-method> <!-- stopDriver -->
        <test-method is-config="true" signature="startDriver(java.lang.String)[pri:0, instance:org.selenium.pom.tests.CheckoutTest@1a84f40f]" started-at="2022-01-19T16:51:55 CET" name="startDriver" finished-at="2022-01-19T16:51:56 CET" duration-ms="976" status="PASS">
          <params>
            <param index="0">
              <value>
                <![CDATA[CHROME]]>
              </value>
            </param>
          </params>
          <reporter-output>
          </reporter-output>
        </test-method> <!-- startDriver -->
        <test-method signature="loginAndCheckoutUsingDirectBankTransfer()[pri:0, instance:org.selenium.pom.tests.CheckoutTest@1a84f40f]" started-at="2022-01-19T16:51:56 CET" name="loginAndCheckoutUsingDirectBankTransfer" finished-at="2022-01-19T16:52:04 CET" duration-ms="8041" status="PASS">
          <reporter-output>
          </reporter-output>
        </test-method> <!-- loginAndCheckoutUsingDirectBankTransfer -->
        <test-method is-config="true" signature="stopDriver()[pri:0, instance:org.selenium.pom.tests.CheckoutTest@1a84f40f]" started-at="2022-01-19T16:52:04 CET" name="stopDriver" finished-at="2022-01-19T16:52:04 CET" duration-ms="126" status="PASS">
          <reporter-output>
          </reporter-output>
        </test-method> <!-- stopDriver -->
      </class> <!-- org.selenium.pom.tests.CheckoutTest -->
      <class name="org.selenium.pom.tests.SearchTest">
        <test-method is-config="true" signature="startDriver(java.lang.String)[pri:0, instance:org.selenium.pom.tests.SearchTest@3b2da18f]" started-at="2022-01-19T16:52:39 CET" name="startDriver" finished-at="2022-01-19T16:52:40 CET" duration-ms="929" status="PASS">
          <params>
            <param index="0">
              <value>
                <![CDATA[CHROME]]>
              </value>
            </param>
          </params>
          <reporter-output>
          </reporter-output>
        </test-method> <!-- startDriver -->
        <test-method signature="searchWithPartialMatch()[pri:0, instance:org.selenium.pom.tests.SearchTest@3b2da18f]" started-at="2022-01-19T16:52:40 CET" name="searchWithPartialMatch" finished-at="2022-01-19T16:52:42 CET" duration-ms="2203" status="PASS">
          <reporter-output>
          </reporter-output>
        </test-method> <!-- searchWithPartialMatch -->
        <test-method is-config="true" signature="stopDriver()[pri:0, instance:org.selenium.pom.tests.SearchTest@3b2da18f]" started-at="2022-01-19T16:52:42 CET" name="stopDriver" finished-at="2022-01-19T16:52:42 CET" duration-ms="178" status="PASS">
          <reporter-output>
          </reporter-output>
        </test-method> <!-- stopDriver -->
      </class> <!-- org.selenium.pom.tests.SearchTest -->
      <class name="org.selenium.pom.tests.AddToCartTest">
        <test-method is-config="true" signature="startDriver(java.lang.String)[pri:0, instance:org.selenium.pom.tests.AddToCartTest@4b168fa9]" started-at="2022-01-19T16:51:39 CET" name="startDriver" finished-at="2022-01-19T16:51:41 CET" duration-ms="2125" status="PASS">
          <params>
            <param index="0">
              <value>
                <![CDATA[CHROME]]>
              </value>
            </param>
          </params>
          <reporter-output>
          </reporter-output>
        </test-method> <!-- startDriver -->
        <test-method signature="addToCartFromStorePage()[pri:0, instance:org.selenium.pom.tests.AddToCartTest@4b168fa9]" started-at="2022-01-19T16:51:41 CET" name="addToCartFromStorePage" finished-at="2022-01-19T16:51:45 CET" duration-ms="3437" status="PASS">
          <reporter-output>
          </reporter-output>
        </test-method> <!-- addToCartFromStorePage -->
        <test-method is-config="true" signature="stopDriver()[pri:0, instance:org.selenium.pom.tests.AddToCartTest@4b168fa9]" started-at="2022-01-19T16:51:45 CET" name="stopDriver" finished-at="2022-01-19T16:51:45 CET" duration-ms="163" status="PASS">
          <reporter-output>
          </reporter-output>
        </test-method> <!-- stopDriver -->
      </class> <!-- org.selenium.pom.tests.AddToCartTest -->
      <class name="org.selenium.pom.tests.LoginTest">
        <test-method is-config="true" signature="startDriver(java.lang.String)[pri:0, instance:org.selenium.pom.tests.LoginTest@23282c25]" started-at="2022-01-19T16:52:04 CET" name="startDriver" finished-at="2022-01-19T16:52:05 CET" duration-ms="963" status="PASS">
          <params>
            <param index="0">
              <value>
                <![CDATA[CHROME]]>
              </value>
            </param>
          </params>
          <reporter-output>
          </reporter-output>
        </test-method> <!-- startDriver -->
        <test-method signature="loginDuringCheckout()[pri:0, instance:org.selenium.pom.tests.LoginTest@23282c25]" started-at="2022-01-19T16:52:05 CET" name="loginDuringCheckout" finished-at="2022-01-19T16:52:14 CET" duration-ms="8374" status="PASS">
          <reporter-output>
          </reporter-output>
        </test-method> <!-- loginDuringCheckout -->
        <test-method is-config="true" signature="stopDriver()[pri:0, instance:org.selenium.pom.tests.LoginTest@23282c25]" started-at="2022-01-19T16:52:14 CET" name="stopDriver" finished-at="2022-01-19T16:52:14 CET" duration-ms="127" status="PASS">
          <reporter-output>
          </reporter-output>
        </test-method> <!-- stopDriver -->
      </class> <!-- org.selenium.pom.tests.LoginTest -->
      <class name="org.selenium.pom.tests.MyFirstTestCase">
        <test-method is-config="true" signature="startDriver(java.lang.String)[pri:0, instance:org.selenium.pom.tests.MyFirstTestCase@7920ba90]" started-at="2022-01-19T16:52:14 CET" name="startDriver" finished-at="2022-01-19T16:52:15 CET" duration-ms="1133" status="PASS">
          <params>
            <param index="0">
              <value>
                <![CDATA[CHROME]]>
              </value>
            </param>
          </params>
          <reporter-output>
          </reporter-output>
        </test-method> <!-- startDriver -->
        <test-method signature="guestCheckoutUsingDirectBankTransfer()[pri:0, instance:org.selenium.pom.tests.MyFirstTestCase@7920ba90]" started-at="2022-01-19T16:52:15 CET" name="guestCheckoutUsingDirectBankTransfer" finished-at="2022-01-19T16:52:24 CET" duration-ms="8941" status="PASS">
          <reporter-output>
          </reporter-output>
        </test-method> <!-- guestCheckoutUsingDirectBankTransfer -->
        <test-method is-config="true" signature="stopDriver()[pri:0, instance:org.selenium.pom.tests.MyFirstTestCase@7920ba90]" started-at="2022-01-19T16:52:24 CET" name="stopDriver" finished-at="2022-01-19T16:52:24 CET" duration-ms="2" status="PASS">
          <reporter-output>
          </reporter-output>
        </test-method> <!-- stopDriver -->
        <test-method is-config="true" signature="startDriver(java.lang.String)[pri:0, instance:org.selenium.pom.tests.MyFirstTestCase@7920ba90]" started-at="2022-01-19T16:52:24 CET" name="startDriver" finished-at="2022-01-19T16:52:25 CET" duration-ms="969" status="PASS">
          <params>
            <param index="0">
              <value>
                <![CDATA[CHROME]]>
              </value>
            </param>
          </params>
          <reporter-output>
          </reporter-output>
        </test-method> <!-- startDriver -->
        <test-method signature="loginAndCheckoutUsingDirectBankTransfer()[pri:0, instance:org.selenium.pom.tests.MyFirstTestCase@7920ba90]" started-at="2022-01-19T16:52:25 CET" name="loginAndCheckoutUsingDirectBankTransfer" finished-at="2022-01-19T16:52:36 CET" duration-ms="11085" status="PASS">
          <reporter-output>
          </reporter-output>
        </test-method> <!-- loginAndCheckoutUsingDirectBankTransfer -->
        <test-method is-config="true" signature="stopDriver()[pri:0, instance:org.selenium.pom.tests.MyFirstTestCase@7920ba90]" started-at="2022-01-19T16:52:36 CET" name="stopDriver" finished-at="2022-01-19T16:52:36 CET" duration-ms="1" status="PASS">
          <reporter-output>
          </reporter-output>
        </test-method> <!-- stopDriver -->
      </class> <!-- org.selenium.pom.tests.MyFirstTestCase -->
    </test> <!-- Command line test -->
  </suite> <!-- Command line suite -->
</testng-results>
