<?xml version="1.0" encoding="UTF-8"?>
<testng-results ignored="0" total="48" passed="43" failed="4" skipped="1">
  <reporter-output>
  </reporter-output>
  <suite started-at="2022-01-22T01:11:14 CET" name="Default Suite" finished-at="2022-01-22T01:13:11 CET" duration-ms="117883">
    <groups>
    </groups>
    <test started-at="2022-01-22T01:11:14 CET" name="Chrome" finished-at="2022-01-22T01:13:09 CET" duration-ms="115119">
      <class name="org.selenium.pom.tests.NavigationTest">
        <test-method is-config="true" signature="startDriver(java.lang.String)[pri:0, instance:org.selenium.pom.tests.NavigationTest@27b22f74]" started-at="2022-01-22T01:12:27 CET" name="startDriver" finished-at="2022-01-22T01:12:39 CET" duration-ms="11972" status="PASS">
          <params>
            <param index="0">
              <value>
                <![CDATA[CHROME]]>
              </value>
            </param>
          </params>
          <reporter-output>
          </reporter-output>
        </test-method> <!-- startDriver -->
        <test-method is-config="true" signature="startDriver(java.lang.String)[pri:0, instance:org.selenium.pom.tests.NavigationTest@27b22f74]" started-at="2022-01-22T01:12:27 CET" name="startDriver" finished-at="2022-01-22T01:12:39 CET" duration-ms="11812" status="PASS">
          <params>
            <param index="0">
              <value>
                <![CDATA[CHROME]]>
              </value>
            </param>
          </params>
          <reporter-output>
          </reporter-output>
        </test-method> <!-- startDriver -->
        <test-method signature="navigateFromHomeToFeaturedProductPage()[pri:0, instance:org.selenium.pom.tests.NavigationTest@27b22f74]" started-at="2022-01-22T01:12:39 CET" name="navigateFromHomeToFeaturedProductPage" finished-at="2022-01-22T01:12:46 CET" duration-ms="7318" status="PASS">
          <reporter-output>
          </reporter-output>
        </test-method> <!-- navigateFromHomeToFeaturedProductPage -->
        <test-method signature="navigateFromHomeToStoreUsingMainMenu()[pri:0, instance:org.selenium.pom.tests.NavigationTest@27b22f74]" started-at="2022-01-22T01:12:39 CET" name="navigateFromHomeToStoreUsingMainMenu" finished-at="2022-01-22T01:12:45 CET" duration-ms="6185" status="PASS">
          <reporter-output>
          </reporter-output>
        </test-method> <!-- navigateFromHomeToStoreUsingMainMenu -->
        <test-method is-config="true" signature="stopDriver(org.testng.ITestResult,java.lang.String)[pri:0, instance:org.selenium.pom.tests.NavigationTest@27b22f74]" started-at="2022-01-22T01:12:46 CET" name="stopDriver" finished-at="2022-01-22T01:13:04 CET" duration-ms="17884" status="PASS">
          <params>
            <param index="0">
              <value>
                <![CDATA[[TestResult name=navigateFromHomeToStoreUsingMainMenu status=SUCCESS method=NavigationTest.navigateFromHomeToStoreUsingMainMenu()[pri:0, instance:org.selenium.pom.tests.NavigationTest@27b22f74] output={null}]]]>
              </value>
            </param>
            <param index="1">
              <value>
                <![CDATA[CHROME]]>
              </value>
            </param>
          </params>
          <reporter-output>
          </reporter-output>
        </test-method> <!-- stopDriver -->
        <test-method is-config="true" signature="startDriver(java.lang.String)[pri:0, instance:org.selenium.pom.tests.NavigationTest@27b22f74]" started-at="2022-01-22T01:12:46 CET" name="startDriver" finished-at="2022-01-22T01:12:49 CET" duration-ms="2204" status="PASS">
          <params>
            <param index="0">
              <value>
                <![CDATA[CHROME]]>
              </value>
            </param>
          </params>
          <reporter-output>
          </reporter-output>
        </test-method> <!-- startDriver -->
        <test-method is-config="true" signature="stopDriver(org.testng.ITestResult,java.lang.String)[pri:0, instance:org.selenium.pom.tests.NavigationTest@27b22f74]" started-at="2022-01-22T01:12:48 CET" name="stopDriver" finished-at="2022-01-22T01:13:04 CET" duration-ms="16473" status="PASS">
          <params>
            <param index="0">
              <value>
                <![CDATA[[TestResult name=navigateFromHomeToFeaturedProductPage status=SUCCESS method=NavigationTest.navigateFromHomeToFeaturedProductPage()[pri:0, instance:org.selenium.pom.tests.NavigationTest@27b22f74] output={null}]]]>
              </value>
            </param>
            <param index="1">
              <value>
                <![CDATA[CHROME]]>
              </value>
            </param>
          </params>
          <reporter-output>
          </reporter-output>
        </test-method> <!-- stopDriver -->
        <test-method signature="navigateFromStoreToProductPage()[pri:0, instance:org.selenium.pom.tests.NavigationTest@27b22f74]" started-at="2022-01-22T01:12:49 CET" name="navigateFromStoreToProductPage" finished-at="2022-01-22T01:12:54 CET" duration-ms="5772" status="PASS">
          <reporter-output>
          </reporter-output>
        </test-method> <!-- navigateFromStoreToProductPage -->
        <test-method is-config="true" signature="stopDriver(org.testng.ITestResult,java.lang.String)[pri:0, instance:org.selenium.pom.tests.NavigationTest@27b22f74]" started-at="2022-01-22T01:12:55 CET" name="stopDriver" finished-at="2022-01-22T01:12:56 CET" duration-ms="1613" status="PASS">
          <params>
            <param index="0">
              <value>
                <![CDATA[[TestResult name=navigateFromStoreToProductPage status=SUCCESS method=NavigationTest.navigateFromStoreToProductPage()[pri:0, instance:org.selenium.pom.tests.NavigationTest@27b22f74] output={null}]]]>
              </value>
            </param>
            <param index="1">
              <value>
                <![CDATA[CHROME]]>
              </value>
            </param>
          </params>
          <reporter-output>
          </reporter-output>
        </test-method> <!-- stopDriver -->
      </class> <!-- org.selenium.pom.tests.NavigationTest -->
      <class name="org.selenium.pom.tests.CheckoutTest">
        <test-method is-config="true" signature="startDriver(java.lang.String)[pri:0, instance:org.selenium.pom.tests.CheckoutTest@54da32dc]" started-at="2022-01-22T01:11:14 CET" name="startDriver" finished-at="2022-01-22T01:11:28 CET" duration-ms="13854" status="PASS">
          <params>
            <param index="0">
              <value>
                <![CDATA[CHROME]]>
              </value>
            </param>
          </params>
          <reporter-output>
          </reporter-output>
        </test-method> <!-- startDriver -->
        <test-method is-config="true" signature="startDriver(java.lang.String)[pri:0, instance:org.selenium.pom.tests.CheckoutTest@54da32dc]" started-at="2022-01-22T01:11:14 CET" name="startDriver" finished-at="2022-01-22T01:11:28 CET" duration-ms="13859" status="PASS">
          <params>
            <param index="0">
              <value>
                <![CDATA[CHROME]]>
              </value>
            </param>
          </params>
          <reporter-output>
          </reporter-output>
        </test-method> <!-- startDriver -->
        <test-method is-config="true" signature="startDriver(java.lang.String)[pri:0, instance:org.selenium.pom.tests.CheckoutTest@54da32dc]" started-at="2022-01-22T01:11:14 CET" name="startDriver" finished-at="2022-01-22T01:11:28 CET" duration-ms="13459" status="PASS">
          <params>
            <param index="0">
              <value>
                <![CDATA[CHROME]]>
              </value>
            </param>
          </params>
          <reporter-output>
          </reporter-output>
        </test-method> <!-- startDriver -->
        <test-method is-config="true" signature="startDriver(java.lang.String)[pri:0, instance:org.selenium.pom.tests.CheckoutTest@54da32dc]" started-at="2022-01-22T01:11:14 CET" name="startDriver" finished-at="2022-01-22T01:11:27 CET" duration-ms="13062" status="PASS">
          <params>
            <param index="0">
              <value>
                <![CDATA[CHROME]]>
              </value>
            </param>
          </params>
          <reporter-output>
          </reporter-output>
        </test-method> <!-- startDriver -->
        <test-method is-config="true" signature="startDriver(java.lang.String)[pri:0, instance:org.selenium.pom.tests.CheckoutTest@54da32dc]" started-at="2022-01-22T01:11:14 CET" name="startDriver" finished-at="2022-01-22T01:11:28 CET" duration-ms="13850" status="PASS">
          <params>
            <param index="0">
              <value>
                <![CDATA[CHROME]]>
              </value>
            </param>
          </params>
          <reporter-output>
          </reporter-output>
        </test-method> <!-- startDriver -->
        <test-method is-config="true" signature="startDriver(java.lang.String)[pri:0, instance:org.selenium.pom.tests.CheckoutTest@54da32dc]" started-at="2022-01-22T01:11:14 CET" name="startDriver" finished-at="2022-01-22T01:11:28 CET" duration-ms="13242" status="PASS">
          <params>
            <param index="0">
              <value>
                <![CDATA[CHROME]]>
              </value>
            </param>
          </params>
          <reporter-output>
          </reporter-output>
        </test-method> <!-- startDriver -->
        <test-method signature="guestCheckoutUsingDirectBankTransfer(org.selenium.pom.objects.BillingAddress)[pri:0, instance:org.selenium.pom.tests.CheckoutTest@54da32dc]" started-at="2022-01-22T01:11:27 CET" name="guestCheckoutUsingDirectBankTransfer" data-provider="getBillingAddress" finished-at="2022-01-22T01:11:55 CET" duration-ms="27419" status="PASS">
          <params>
            <param index="0">
              <value>
                <![CDATA[org.selenium.pom.objects.BillingAddress@3a4d861]]>
              </value>
            </param>
          </params>
          <reporter-output>
          </reporter-output>
        </test-method> <!-- guestCheckoutUsingDirectBankTransfer -->
        <test-method signature="loginAndCheckoutUsingDirectBankTransfer(org.selenium.pom.objects.BillingAddress)[pri:0, instance:org.selenium.pom.tests.CheckoutTest@54da32dc]" started-at="2022-01-22T01:11:28 CET" name="loginAndCheckoutUsingDirectBankTransfer" data-provider="getBillingAddress" finished-at="2022-01-22T01:11:59 CET" duration-ms="31004" status="PASS">
          <params>
            <param index="0">
              <value>
                <![CDATA[org.selenium.pom.objects.BillingAddress@5497a622]]>
              </value>
            </param>
          </params>
          <reporter-output>
          </reporter-output>
        </test-method> <!-- loginAndCheckoutUsingDirectBankTransfer -->
        <test-method signature="loginAndCheckoutUsingDirectBankTransfer(org.selenium.pom.objects.BillingAddress)[pri:0, instance:org.selenium.pom.tests.CheckoutTest@54da32dc]" started-at="2022-01-22T01:11:28 CET" name="loginAndCheckoutUsingDirectBankTransfer" data-provider="getBillingAddress" finished-at="2022-01-22T01:12:14 CET" duration-ms="45945" status="PASS">
          <params>
            <param index="0">
              <value>
                <![CDATA[org.selenium.pom.objects.BillingAddress@6540c038]]>
              </value>
            </param>
          </params>
          <reporter-output>
          </reporter-output>
        </test-method> <!-- loginAndCheckoutUsingDirectBankTransfer -->
        <test-method signature="guestCheckoutUsingDirectBankTransfer(org.selenium.pom.objects.BillingAddress)[pri:0, instance:org.selenium.pom.tests.CheckoutTest@54da32dc]" started-at="2022-01-22T01:11:28 CET" name="guestCheckoutUsingDirectBankTransfer" data-provider="getBillingAddress" finished-at="2022-01-22T01:12:23 CET" duration-ms="54904" status="PASS">
          <params>
            <param index="0">
              <value>
                <![CDATA[org.selenium.pom.objects.BillingAddress@24fcf5e5]]>
              </value>
            </param>
          </params>
          <reporter-output>
          </reporter-output>
        </test-method> <!-- guestCheckoutUsingDirectBankTransfer -->
        <test-method signature="guestCheckoutUsingDirectBankTransfer(org.selenium.pom.objects.BillingAddress)[pri:0, instance:org.selenium.pom.tests.CheckoutTest@54da32dc]" started-at="2022-01-22T01:11:28 CET" name="guestCheckoutUsingDirectBankTransfer" data-provider="getBillingAddress" finished-at="2022-01-22T01:12:21 CET" duration-ms="53037" status="PASS">
          <params>
            <param index="0">
              <value>
                <![CDATA[org.selenium.pom.objects.BillingAddress@64a89926]]>
              </value>
            </param>
          </params>
          <reporter-output>
          </reporter-output>
        </test-method> <!-- guestCheckoutUsingDirectBankTransfer -->
        <test-method signature="loginAndCheckoutUsingDirectBankTransfer(org.selenium.pom.objects.BillingAddress)[pri:0, instance:org.selenium.pom.tests.CheckoutTest@54da32dc]" started-at="2022-01-22T01:11:28 CET" name="loginAndCheckoutUsingDirectBankTransfer" data-provider="getBillingAddress" finished-at="2022-01-22T01:12:22 CET" duration-ms="53979" status="PASS">
          <params>
            <param index="0">
              <value>
                <![CDATA[org.selenium.pom.objects.BillingAddress@18c5cef3]]>
              </value>
            </param>
          </params>
          <reporter-output>
          </reporter-output>
        </test-method> <!-- loginAndCheckoutUsingDirectBankTransfer -->
        <test-method is-config="true" signature="stopDriver(org.testng.ITestResult,java.lang.String)[pri:0, instance:org.selenium.pom.tests.CheckoutTest@54da32dc]" started-at="2022-01-22T01:11:57 CET" name="stopDriver" finished-at="2022-01-22T01:12:25 CET" duration-ms="28471" status="FAIL">
          <params>
            <param index="0">
              <value>
                <![CDATA[[TestResult name=guestCheckoutUsingDirectBankTransfer status=SUCCESS method=CheckoutTest.guestCheckoutUsingDirectBankTransfer(org.selenium.pom.objects.BillingAddress)[pri:0, instance:org.selenium.pom.tests.CheckoutTest@54da32dc] output={null}]]]>
              </value>
            </param>
            <param index="1">
              <value>
                <![CDATA[CHROME]]>
              </value>
            </param>
          </params>
          <exception class="org.openqa.selenium.WebDriverException">
            <message>
              <![CDATA[Timed out waiting for driver server to stop.
Build info: version: '4.1.1', revision: 'e8fcc2cecf'
System info: host: 'LAPTOP-6HTOKEIU', ip: '169.254.38.81', os.name: 'Windows 10', os.arch: 'amd64', os.version: '10.0', java.version: '17'
Driver info: org.openqa.selenium.chrome.ChromeDriver
Command: [77680eccc6f7b406dd5cfc47e93cf5d9, quit {}]
Capabilities {acceptInsecureCerts: false, browserName: chrome, browserVersion: 97.0.4692.71, chrome: {chromedriverVersion: 97.0.4692.71 (adefa7837d02a..., userDataDir: C:\Users\RAFA~1\AppData\Loc...}, goog:chromeOptions: {debuggerAddress: localhost:63675}, javascriptEnabled: true, networkConnectionEnabled: false, pageLoadStrategy: normal, platform: WINDOWS, platformName: WINDOWS, proxy: Proxy(), se:cdp: ws://localhost:63675/devtoo..., se:cdpVersion: 97.0.4692.71, setWindowRect: true, strictFileInteractability: false, timeouts: {implicit: 0, pageLoad: 300000, script: 30000}, unhandledPromptBehavior: dismiss and notify, webauthn:extension:credBlob: true, webauthn:extension:largeBlob: true, webauthn:virtualAuthenticators: true}
Session ID: 77680eccc6f7b406dd5cfc47e93cf5d9]]>
            </message>
            <full-stacktrace>
              <![CDATA[org.openqa.selenium.WebDriverException: Timed out waiting for driver server to stop.
Build info: version: '4.1.1', revision: 'e8fcc2cecf'
System info: host: 'LAPTOP-6HTOKEIU', ip: '169.254.38.81', os.name: 'Windows 10', os.arch: 'amd64', os.version: '10.0', java.version: '17'
Driver info: org.openqa.selenium.chrome.ChromeDriver
Command: [77680eccc6f7b406dd5cfc47e93cf5d9, quit {}]
Capabilities {acceptInsecureCerts: false, browserName: chrome, browserVersion: 97.0.4692.71, chrome: {chromedriverVersion: 97.0.4692.71 (adefa7837d02a..., userDataDir: C:\Users\RAFA~1\AppData\Loc...}, goog:chromeOptions: {debuggerAddress: localhost:63675}, javascriptEnabled: true, networkConnectionEnabled: false, pageLoadStrategy: normal, platform: WINDOWS, platformName: WINDOWS, proxy: Proxy(), se:cdp: ws://localhost:63675/devtoo..., se:cdpVersion: 97.0.4692.71, setWindowRect: true, strictFileInteractability: false, timeouts: {implicit: 0, pageLoad: 300000, script: 30000}, unhandledPromptBehavior: dismiss and notify, webauthn:extension:credBlob: true, webauthn:extension:largeBlob: true, webauthn:virtualAuthenticators: true}
Session ID: 77680eccc6f7b406dd5cfc47e93cf5d9
at org.openqa.selenium.remote.service.DriverCommandExecutor.execute(DriverCommandExecutor.java:132)
at org.openqa.selenium.remote.RemoteWebDriver.execute(RemoteWebDriver.java:543)
at org.openqa.selenium.remote.RemoteWebDriver.execute(RemoteWebDriver.java:598)
at org.openqa.selenium.remote.RemoteWebDriver.execute(RemoteWebDriver.java:602)
at org.openqa.selenium.remote.RemoteWebDriver.quit(RemoteWebDriver.java:439)
at org.openqa.selenium.chromium.ChromiumDriver.quit(ChromiumDriver.java:287)
at org.selenium.pom.base.BaseTest.stopDriver(BaseTest.java:62)
at java.base/jdk.internal.reflect.NativeMethodAccessorImpl.invoke0(Native Method)
at java.base/jdk.internal.reflect.NativeMethodAccessorImpl.invoke(NativeMethodAccessorImpl.java:77)
at java.base/jdk.internal.reflect.DelegatingMethodAccessorImpl.invoke(DelegatingMethodAccessorImpl.java:43)
at java.base/java.lang.reflect.Method.invoke(Method.java:568)
at org.testng.internal.invokers.MethodInvocationHelper.invokeMethod(MethodInvocationHelper.java:135)
at org.testng.internal.invokers.MethodInvocationHelper.invokeMethodConsideringTimeout(MethodInvocationHelper.java:65)
at org.testng.internal.invokers.ConfigInvoker.invokeConfigurationMethod(ConfigInvoker.java:381)
at org.testng.internal.invokers.ConfigInvoker.invokeConfigurations(ConfigInvoker.java:319)
at org.testng.internal.invokers.TestInvoker.runConfigMethods(TestInvoker.java:803)
at org.testng.internal.invokers.TestInvoker.runAfterConfigurations(TestInvoker.java:772)
at org.testng.internal.invokers.TestInvoker.invokeMethod(TestInvoker.java:748)
at org.testng.internal.invokers.TestInvoker.invokeTestMethod(TestInvoker.java:220)
at org.testng.internal.invokers.TestMethodWithDataProviderMethodWorker.call(TestMethodWithDataProviderMethodWorker.java:80)
at org.testng.internal.invokers.TestMethodWithDataProviderMethodWorker.call(TestMethodWithDataProviderMethodWorker.java:17)
at java.base/java.util.concurrent.FutureTask.run(FutureTask.java:264)
at java.base/java.util.concurrent.Executors$RunnableAdapter.call(Executors.java:539)
at java.base/java.util.concurrent.FutureTask.run(FutureTask.java:264)
at java.base/java.util.concurrent.ThreadPoolExecutor.runWorker(ThreadPoolExecutor.java:1136)
at java.base/java.util.concurrent.ThreadPoolExecutor$Worker.run(ThreadPoolExecutor.java:635)
at java.base/java.lang.Thread.run(Thread.java:833)
Caused by: java.util.concurrent.ExecutionException: org.openqa.selenium.TimeoutException: Process timed out after waiting for 20000 ms.
Build info: version: '4.1.1', revision: 'e8fcc2cecf'
System info: host: 'LAPTOP-6HTOKEIU', ip: '169.254.38.81', os.name: 'Windows 10', os.arch: 'amd64', os.version: '10.0', java.version: '17'
Driver info: driver.version: unknown
at java.base/java.util.concurrent.CompletableFuture.reportGet(CompletableFuture.java:396)
at java.base/java.util.concurrent.CompletableFuture.get(CompletableFuture.java:2096)
at org.openqa.selenium.remote.service.DriverCommandExecutor.execute(DriverCommandExecutor.java:128)
... 26 more
Caused by: org.openqa.selenium.TimeoutException: Process timed out after waiting for 20000 ms.
Build info: version: '4.1.1', revision: 'e8fcc2cecf'
System info: host: 'LAPTOP-6HTOKEIU', ip: '169.254.38.81', os.name: 'Windows 10', os.arch: 'amd64', os.version: '10.0', java.version: '17'
Driver info: driver.version: unknown
at org.openqa.selenium.os.OsProcess.waitFor(OsProcess.java:174)
at org.openqa.selenium.os.CommandLine.waitFor(CommandLine.java:127)
at org.openqa.selenium.remote.service.DriverCommandExecutor.lambda$execute$2(DriverCommandExecutor.java:122)
at java.base/java.util.concurrent.CompletableFuture$AsyncSupply.run(CompletableFuture.java:1768)
... 3 more
]]>
            </full-stacktrace>
          </exception> <!-- org.openqa.selenium.WebDriverException -->
          <reporter-output>
          </reporter-output>
        </test-method> <!-- stopDriver -->
        <test-method is-config="true" signature="stopDriver(org.testng.ITestResult,java.lang.String)[pri:0, instance:org.selenium.pom.tests.CheckoutTest@54da32dc]" started-at="2022-01-22T01:11:59 CET" name="stopDriver" finished-at="2022-01-22T01:12:25 CET" duration-ms="26874" status="FAIL">
          <params>
            <param index="0">
              <value>
                <![CDATA[[TestResult name=loginAndCheckoutUsingDirectBankTransfer status=SUCCESS method=CheckoutTest.loginAndCheckoutUsingDirectBankTransfer(org.selenium.pom.objects.BillingAddress)[pri:0, instance:org.selenium.pom.tests.CheckoutTest@54da32dc] output={null}]]]>
              </value>
            </param>
            <param index="1">
              <value>
                <![CDATA[CHROME]]>
              </value>
            </param>
          </params>
          <exception class="org.openqa.selenium.WebDriverException">
            <message>
              <![CDATA[Timed out waiting for driver server to stop.
Build info: version: '4.1.1', revision: 'e8fcc2cecf'
System info: host: 'LAPTOP-6HTOKEIU', ip: '169.254.38.81', os.name: 'Windows 10', os.arch: 'amd64', os.version: '10.0', java.version: '17'
Driver info: org.openqa.selenium.chrome.ChromeDriver
Command: [4d0a1d8647b0d120cde2efd147ced93c, quit {}]
Capabilities {acceptInsecureCerts: false, browserName: chrome, browserVersion: 97.0.4692.71, chrome: {chromedriverVersion: 97.0.4692.71 (adefa7837d02a..., userDataDir: C:\Users\RAFA~1\AppData\Loc...}, goog:chromeOptions: {debuggerAddress: localhost:63700}, javascriptEnabled: true, networkConnectionEnabled: false, pageLoadStrategy: normal, platform: WINDOWS, platformName: WINDOWS, proxy: Proxy(), se:cdp: ws://localhost:63700/devtoo..., se:cdpVersion: 97.0.4692.71, setWindowRect: true, strictFileInteractability: false, timeouts: {implicit: 0, pageLoad: 300000, script: 30000}, unhandledPromptBehavior: dismiss and notify, webauthn:extension:credBlob: true, webauthn:extension:largeBlob: true, webauthn:virtualAuthenticators: true}
Session ID: 4d0a1d8647b0d120cde2efd147ced93c]]>
            </message>
            <full-stacktrace>
              <![CDATA[org.openqa.selenium.WebDriverException: Timed out waiting for driver server to stop.
Build info: version: '4.1.1', revision: 'e8fcc2cecf'
System info: host: 'LAPTOP-6HTOKEIU', ip: '169.254.38.81', os.name: 'Windows 10', os.arch: 'amd64', os.version: '10.0', java.version: '17'
Driver info: org.openqa.selenium.chrome.ChromeDriver
Command: [4d0a1d8647b0d120cde2efd147ced93c, quit {}]
Capabilities {acceptInsecureCerts: false, browserName: chrome, browserVersion: 97.0.4692.71, chrome: {chromedriverVersion: 97.0.4692.71 (adefa7837d02a..., userDataDir: C:\Users\RAFA~1\AppData\Loc...}, goog:chromeOptions: {debuggerAddress: localhost:63700}, javascriptEnabled: true, networkConnectionEnabled: false, pageLoadStrategy: normal, platform: WINDOWS, platformName: WINDOWS, proxy: Proxy(), se:cdp: ws://localhost:63700/devtoo..., se:cdpVersion: 97.0.4692.71, setWindowRect: true, strictFileInteractability: false, timeouts: {implicit: 0, pageLoad: 300000, script: 30000}, unhandledPromptBehavior: dismiss and notify, webauthn:extension:credBlob: true, webauthn:extension:largeBlob: true, webauthn:virtualAuthenticators: true}
Session ID: 4d0a1d8647b0d120cde2efd147ced93c
at org.openqa.selenium.remote.service.DriverCommandExecutor.execute(DriverCommandExecutor.java:132)
at org.openqa.selenium.remote.RemoteWebDriver.execute(RemoteWebDriver.java:543)
at org.openqa.selenium.remote.RemoteWebDriver.execute(RemoteWebDriver.java:598)
at org.openqa.selenium.remote.RemoteWebDriver.execute(RemoteWebDriver.java:602)
at org.openqa.selenium.remote.RemoteWebDriver.quit(RemoteWebDriver.java:439)
at org.openqa.selenium.chromium.ChromiumDriver.quit(ChromiumDriver.java:287)
at org.selenium.pom.base.BaseTest.stopDriver(BaseTest.java:62)
at java.base/jdk.internal.reflect.NativeMethodAccessorImpl.invoke0(Native Method)
at java.base/jdk.internal.reflect.NativeMethodAccessorImpl.invoke(NativeMethodAccessorImpl.java:77)
at java.base/jdk.internal.reflect.DelegatingMethodAccessorImpl.invoke(DelegatingMethodAccessorImpl.java:43)
at java.base/java.lang.reflect.Method.invoke(Method.java:568)
at org.testng.internal.invokers.MethodInvocationHelper.invokeMethod(MethodInvocationHelper.java:135)
at org.testng.internal.invokers.MethodInvocationHelper.invokeMethodConsideringTimeout(MethodInvocationHelper.java:65)
at org.testng.internal.invokers.ConfigInvoker.invokeConfigurationMethod(ConfigInvoker.java:381)
at org.testng.internal.invokers.ConfigInvoker.invokeConfigurations(ConfigInvoker.java:319)
at org.testng.internal.invokers.TestInvoker.runConfigMethods(TestInvoker.java:803)
at org.testng.internal.invokers.TestInvoker.runAfterConfigurations(TestInvoker.java:772)
at org.testng.internal.invokers.TestInvoker.invokeMethod(TestInvoker.java:748)
at org.testng.internal.invokers.TestInvoker.invokeTestMethod(TestInvoker.java:220)
at org.testng.internal.invokers.TestMethodWithDataProviderMethodWorker.call(TestMethodWithDataProviderMethodWorker.java:80)
at org.testng.internal.invokers.TestMethodWithDataProviderMethodWorker.call(TestMethodWithDataProviderMethodWorker.java:17)
at java.base/java.util.concurrent.FutureTask.run(FutureTask.java:264)
at java.base/java.util.concurrent.Executors$RunnableAdapter.call(Executors.java:539)
at java.base/java.util.concurrent.FutureTask.run(FutureTask.java:264)
at java.base/java.util.concurrent.ThreadPoolExecutor.runWorker(ThreadPoolExecutor.java:1136)
at java.base/java.util.concurrent.ThreadPoolExecutor$Worker.run(ThreadPoolExecutor.java:635)
at java.base/java.lang.Thread.run(Thread.java:833)
Caused by: java.util.concurrent.ExecutionException: org.openqa.selenium.TimeoutException: Process timed out after waiting for 20000 ms.
Build info: version: '4.1.1', revision: 'e8fcc2cecf'
System info: host: 'LAPTOP-6HTOKEIU', ip: '169.254.38.81', os.name: 'Windows 10', os.arch: 'amd64', os.version: '10.0', java.version: '17'
Driver info: driver.version: unknown
at java.base/java.util.concurrent.CompletableFuture.reportGet(CompletableFuture.java:396)
at java.base/java.util.concurrent.CompletableFuture.get(CompletableFuture.java:2096)
at org.openqa.selenium.remote.service.DriverCommandExecutor.execute(DriverCommandExecutor.java:128)
... 26 more
Caused by: org.openqa.selenium.TimeoutException: Process timed out after waiting for 20000 ms.
Build info: version: '4.1.1', revision: 'e8fcc2cecf'
System info: host: 'LAPTOP-6HTOKEIU', ip: '169.254.38.81', os.name: 'Windows 10', os.arch: 'amd64', os.version: '10.0', java.version: '17'
Driver info: driver.version: unknown
at org.openqa.selenium.os.OsProcess.waitFor(OsProcess.java:174)
at org.openqa.selenium.os.CommandLine.waitFor(CommandLine.java:127)
at org.openqa.selenium.remote.service.DriverCommandExecutor.lambda$execute$2(DriverCommandExecutor.java:122)
at java.base/java.util.concurrent.CompletableFuture$AsyncSupply.run(CompletableFuture.java:1768)
... 3 more
]]>
            </full-stacktrace>
          </exception> <!-- org.openqa.selenium.WebDriverException -->
          <reporter-output>
          </reporter-output>
        </test-method> <!-- stopDriver -->
        <test-method is-config="true" signature="stopDriver(org.testng.ITestResult,java.lang.String)[pri:0, instance:org.selenium.pom.tests.CheckoutTest@54da32dc]" started-at="2022-01-22T01:12:14 CET" name="stopDriver" finished-at="2022-01-22T01:12:27 CET" duration-ms="13426" status="PASS">
          <params>
            <param index="0">
              <value>
                <![CDATA[[TestResult name=loginAndCheckoutUsingDirectBankTransfer status=SUCCESS method=CheckoutTest.loginAndCheckoutUsingDirectBankTransfer(org.selenium.pom.objects.BillingAddress)[pri:0, instance:org.selenium.pom.tests.CheckoutTest@54da32dc] output={null}]]]>
              </value>
            </param>
            <param index="1">
              <value>
                <![CDATA[CHROME]]>
              </value>
            </param>
          </params>
          <reporter-output>
          </reporter-output>
        </test-method> <!-- stopDriver -->
        <test-method is-config="true" signature="stopDriver(org.testng.ITestResult,java.lang.String)[pri:0, instance:org.selenium.pom.tests.CheckoutTest@54da32dc]" started-at="2022-01-22T01:12:25 CET" name="stopDriver" finished-at="2022-01-22T01:12:27 CET" duration-ms="1576" status="PASS">
          <params>
            <param index="0">
              <value>
                <![CDATA[[TestResult name=guestCheckoutUsingDirectBankTransfer status=SUCCESS method=CheckoutTest.guestCheckoutUsingDirectBankTransfer(org.selenium.pom.objects.BillingAddress)[pri:0, instance:org.selenium.pom.tests.CheckoutTest@54da32dc] output={null}]]]>
              </value>
            </param>
            <param index="1">
              <value>
                <![CDATA[CHROME]]>
              </value>
            </param>
          </params>
          <reporter-output>
          </reporter-output>
        </test-method> <!-- stopDriver -->
        <test-method is-config="true" signature="stopDriver(org.testng.ITestResult,java.lang.String)[pri:0, instance:org.selenium.pom.tests.CheckoutTest@54da32dc]" started-at="2022-01-22T01:12:25 CET" name="stopDriver" finished-at="2022-01-22T01:12:27 CET" duration-ms="1682" status="PASS">
          <params>
            <param index="0">
              <value>
                <![CDATA[[TestResult name=loginAndCheckoutUsingDirectBankTransfer status=SUCCESS method=CheckoutTest.loginAndCheckoutUsingDirectBankTransfer(org.selenium.pom.objects.BillingAddress)[pri:0, instance:org.selenium.pom.tests.CheckoutTest@54da32dc] output={null}]]]>
              </value>
            </param>
            <param index="1">
              <value>
                <![CDATA[CHROME]]>
              </value>
            </param>
          </params>
          <reporter-output>
          </reporter-output>
        </test-method> <!-- stopDriver -->
        <test-method is-config="true" signature="stopDriver(org.testng.ITestResult,java.lang.String)[pri:0, instance:org.selenium.pom.tests.CheckoutTest@54da32dc]" started-at="2022-01-22T01:12:27 CET" name="stopDriver" finished-at="2022-01-22T01:12:54 CET" duration-ms="26589" status="FAIL">
          <params>
            <param index="0">
              <value>
                <![CDATA[[TestResult name=guestCheckoutUsingDirectBankTransfer status=SUCCESS method=CheckoutTest.guestCheckoutUsingDirectBankTransfer(org.selenium.pom.objects.BillingAddress)[pri:0, instance:org.selenium.pom.tests.CheckoutTest@54da32dc] output={null}]]]>
              </value>
            </param>
            <param index="1">
              <value>
                <![CDATA[CHROME]]>
              </value>
            </param>
          </params>
          <exception class="org.openqa.selenium.WebDriverException">
            <message>
              <![CDATA[Timed out waiting for driver server to stop.
Build info: version: '4.1.1', revision: 'e8fcc2cecf'
System info: host: 'LAPTOP-6HTOKEIU', ip: '169.254.38.81', os.name: 'Windows 10', os.arch: 'amd64', os.version: '10.0', java.version: '17'
Driver info: org.openqa.selenium.chrome.ChromeDriver
Command: [7f783239aa37c1fe6da362b81fb223b2, quit {}]
Capabilities {acceptInsecureCerts: false, browserName: chrome, browserVersion: 97.0.4692.71, chrome: {chromedriverVersion: 97.0.4692.71 (adefa7837d02a..., userDataDir: C:\Users\RAFA~1\AppData\Loc...}, goog:chromeOptions: {debuggerAddress: localhost:63663}, javascriptEnabled: true, networkConnectionEnabled: false, pageLoadStrategy: normal, platform: WINDOWS, platformName: WINDOWS, proxy: Proxy(), se:cdp: ws://localhost:63663/devtoo..., se:cdpVersion: 97.0.4692.71, setWindowRect: true, strictFileInteractability: false, timeouts: {implicit: 0, pageLoad: 300000, script: 30000}, unhandledPromptBehavior: dismiss and notify, webauthn:extension:credBlob: true, webauthn:extension:largeBlob: true, webauthn:virtualAuthenticators: true}
Session ID: 7f783239aa37c1fe6da362b81fb223b2]]>
            </message>
            <full-stacktrace>
              <![CDATA[org.openqa.selenium.WebDriverException: Timed out waiting for driver server to stop.
Build info: version: '4.1.1', revision: 'e8fcc2cecf'
System info: host: 'LAPTOP-6HTOKEIU', ip: '169.254.38.81', os.name: 'Windows 10', os.arch: 'amd64', os.version: '10.0', java.version: '17'
Driver info: org.openqa.selenium.chrome.ChromeDriver
Command: [7f783239aa37c1fe6da362b81fb223b2, quit {}]
Capabilities {acceptInsecureCerts: false, browserName: chrome, browserVersion: 97.0.4692.71, chrome: {chromedriverVersion: 97.0.4692.71 (adefa7837d02a..., userDataDir: C:\Users\RAFA~1\AppData\Loc...}, goog:chromeOptions: {debuggerAddress: localhost:63663}, javascriptEnabled: true, networkConnectionEnabled: false, pageLoadStrategy: normal, platform: WINDOWS, platformName: WINDOWS, proxy: Proxy(), se:cdp: ws://localhost:63663/devtoo..., se:cdpVersion: 97.0.4692.71, setWindowRect: true, strictFileInteractability: false, timeouts: {implicit: 0, pageLoad: 300000, script: 30000}, unhandledPromptBehavior: dismiss and notify, webauthn:extension:credBlob: true, webauthn:extension:largeBlob: true, webauthn:virtualAuthenticators: true}
Session ID: 7f783239aa37c1fe6da362b81fb223b2
at org.openqa.selenium.remote.service.DriverCommandExecutor.execute(DriverCommandExecutor.java:132)
at org.openqa.selenium.remote.RemoteWebDriver.execute(RemoteWebDriver.java:543)
at org.openqa.selenium.remote.RemoteWebDriver.execute(RemoteWebDriver.java:598)
at org.openqa.selenium.remote.RemoteWebDriver.execute(RemoteWebDriver.java:602)
at org.openqa.selenium.remote.RemoteWebDriver.quit(RemoteWebDriver.java:439)
at org.openqa.selenium.chromium.ChromiumDriver.quit(ChromiumDriver.java:287)
at org.selenium.pom.base.BaseTest.stopDriver(BaseTest.java:62)
at jdk.internal.reflect.GeneratedMethodAccessor207.invoke(Unknown Source)
at java.base/jdk.internal.reflect.DelegatingMethodAccessorImpl.invoke(DelegatingMethodAccessorImpl.java:43)
at java.base/java.lang.reflect.Method.invoke(Method.java:568)
at org.testng.internal.invokers.MethodInvocationHelper.invokeMethod(MethodInvocationHelper.java:135)
at org.testng.internal.invokers.MethodInvocationHelper.invokeMethodConsideringTimeout(MethodInvocationHelper.java:65)
at org.testng.internal.invokers.ConfigInvoker.invokeConfigurationMethod(ConfigInvoker.java:381)
at org.testng.internal.invokers.ConfigInvoker.invokeConfigurations(ConfigInvoker.java:319)
at org.testng.internal.invokers.TestInvoker.runConfigMethods(TestInvoker.java:803)
at org.testng.internal.invokers.TestInvoker.runAfterConfigurations(TestInvoker.java:772)
at org.testng.internal.invokers.TestInvoker.invokeMethod(TestInvoker.java:748)
at org.testng.internal.invokers.TestInvoker.invokeTestMethod(TestInvoker.java:220)
at org.testng.internal.invokers.TestMethodWithDataProviderMethodWorker.call(TestMethodWithDataProviderMethodWorker.java:80)
at org.testng.internal.invokers.TestMethodWithDataProviderMethodWorker.call(TestMethodWithDataProviderMethodWorker.java:17)
at java.base/java.util.concurrent.FutureTask.run(FutureTask.java:264)
at java.base/java.util.concurrent.Executors$RunnableAdapter.call(Executors.java:539)
at java.base/java.util.concurrent.FutureTask.run(FutureTask.java:264)
at java.base/java.util.concurrent.ThreadPoolExecutor.runWorker(ThreadPoolExecutor.java:1136)
at java.base/java.util.concurrent.ThreadPoolExecutor$Worker.run(ThreadPoolExecutor.java:635)
at java.base/java.lang.Thread.run(Thread.java:833)
Caused by: java.util.concurrent.ExecutionException: org.openqa.selenium.TimeoutException: Process timed out after waiting for 20000 ms.
Build info: version: '4.1.1', revision: 'e8fcc2cecf'
System info: host: 'LAPTOP-6HTOKEIU', ip: '169.254.38.81', os.name: 'Windows 10', os.arch: 'amd64', os.version: '10.0', java.version: '17'
Driver info: driver.version: unknown
at java.base/java.util.concurrent.CompletableFuture.reportGet(CompletableFuture.java:396)
at java.base/java.util.concurrent.CompletableFuture.get(CompletableFuture.java:2096)
at org.openqa.selenium.remote.service.DriverCommandExecutor.execute(DriverCommandExecutor.java:128)
... 25 more
Caused by: org.openqa.selenium.TimeoutException: Process timed out after waiting for 20000 ms.
Build info: version: '4.1.1', revision: 'e8fcc2cecf'
System info: host: 'LAPTOP-6HTOKEIU', ip: '169.254.38.81', os.name: 'Windows 10', os.arch: 'amd64', os.version: '10.0', java.version: '17'
Driver info: driver.version: unknown
at org.openqa.selenium.os.OsProcess.waitFor(OsProcess.java:174)
at org.openqa.selenium.os.CommandLine.waitFor(CommandLine.java:127)
at org.openqa.selenium.remote.service.DriverCommandExecutor.lambda$execute$2(DriverCommandExecutor.java:122)
at java.base/java.util.concurrent.CompletableFuture$AsyncSupply.run(CompletableFuture.java:1768)
... 3 more
]]>
            </full-stacktrace>
          </exception> <!-- org.openqa.selenium.WebDriverException -->
          <reporter-output>
          </reporter-output>
        </test-method> <!-- stopDriver -->
      </class> <!-- org.selenium.pom.tests.CheckoutTest -->
      <class name="org.selenium.pom.tests.SearchTest">
        <test-method is-config="true" signature="startDriver(java.lang.String)[pri:0, instance:org.selenium.pom.tests.SearchTest@22fba58c]" started-at="2022-01-22T01:12:56 CET" name="startDriver" finished-at="2022-01-22T01:13:00 CET" duration-ms="4233" status="PASS">
          <params>
            <param index="0">
              <value>
                <![CDATA[CHROME]]>
              </value>
            </param>
          </params>
          <reporter-output>
          </reporter-output>
        </test-method> <!-- startDriver -->
        <test-method is-config="true" signature="startDriver(java.lang.String)[pri:0, instance:org.selenium.pom.tests.SearchTest@22fba58c]" started-at="2022-01-22T01:12:56 CET" name="startDriver" finished-at="2022-01-22T01:13:00 CET" duration-ms="3683" status="PASS">
          <params>
            <param index="0">
              <value>
                <![CDATA[CHROME]]>
              </value>
            </param>
          </params>
          <reporter-output>
          </reporter-output>
        </test-method> <!-- startDriver -->
        <test-method signature="searchWithExactMatch()[pri:0, instance:org.selenium.pom.tests.SearchTest@22fba58c]" started-at="2022-01-22T01:13:00 CET" name="searchWithExactMatch" finished-at="2022-01-22T01:13:04 CET" duration-ms="3956" status="PASS">
          <reporter-output>
          </reporter-output>
        </test-method> <!-- searchWithExactMatch -->
        <test-method signature="searchNotExistingProduct()[pri:0, instance:org.selenium.pom.tests.SearchTest@22fba58c]" started-at="2022-01-22T01:13:00 CET" name="searchNotExistingProduct" finished-at="2022-01-22T01:13:04 CET" duration-ms="4267" status="PASS">
          <reporter-output>
          </reporter-output>
        </test-method> <!-- searchNotExistingProduct -->
        <test-method is-config="true" signature="stopDriver(org.testng.ITestResult,java.lang.String)[pri:0, instance:org.selenium.pom.tests.SearchTest@22fba58c]" started-at="2022-01-22T01:13:04 CET" name="stopDriver" finished-at="2022-01-22T01:13:05 CET" duration-ms="1322" status="PASS">
          <params>
            <param index="0">
              <value>
                <![CDATA[[TestResult name=searchWithExactMatch status=SUCCESS method=SearchTest.searchWithExactMatch()[pri:0, instance:org.selenium.pom.tests.SearchTest@22fba58c] output={null}]]]>
              </value>
            </param>
            <param index="1">
              <value>
                <![CDATA[CHROME]]>
              </value>
            </param>
          </params>
          <reporter-output>
          </reporter-output>
        </test-method> <!-- stopDriver -->
        <test-method is-config="true" signature="startDriver(java.lang.String)[pri:0, instance:org.selenium.pom.tests.SearchTest@22fba58c]" started-at="2022-01-22T01:13:04 CET" name="startDriver" finished-at="2022-01-22T01:13:05 CET" duration-ms="1045" status="PASS">
          <params>
            <param index="0">
              <value>
                <![CDATA[CHROME]]>
              </value>
            </param>
          </params>
          <reporter-output>
          </reporter-output>
        </test-method> <!-- startDriver -->
        <test-method is-config="true" signature="stopDriver(org.testng.ITestResult,java.lang.String)[pri:0, instance:org.selenium.pom.tests.SearchTest@22fba58c]" started-at="2022-01-22T01:13:04 CET" name="stopDriver" finished-at="2022-01-22T01:13:07 CET" duration-ms="2201" status="PASS">
          <params>
            <param index="0">
              <value>
                <![CDATA[[TestResult name=searchNotExistingProduct status=SUCCESS method=SearchTest.searchNotExistingProduct()[pri:0, instance:org.selenium.pom.tests.SearchTest@22fba58c] output={null}]]]>
              </value>
            </param>
            <param index="1">
              <value>
                <![CDATA[CHROME]]>
              </value>
            </param>
          </params>
          <reporter-output>
          </reporter-output>
        </test-method> <!-- stopDriver -->
        <test-method signature="searchWithPartialMatch()[pri:0, instance:org.selenium.pom.tests.SearchTest@22fba58c]" started-at="2022-01-22T01:13:05 CET" name="searchWithPartialMatch" finished-at="2022-01-22T01:13:08 CET" duration-ms="2966" status="PASS">
          <reporter-output>
          </reporter-output>
        </test-method> <!-- searchWithPartialMatch -->
        <test-method is-config="true" signature="stopDriver(org.testng.ITestResult,java.lang.String)[pri:0, instance:org.selenium.pom.tests.SearchTest@22fba58c]" started-at="2022-01-22T01:13:08 CET" name="stopDriver" finished-at="2022-01-22T01:13:09 CET" duration-ms="369" status="PASS">
          <params>
            <param index="0">
              <value>
                <![CDATA[[TestResult name=searchWithPartialMatch status=SUCCESS method=SearchTest.searchWithPartialMatch()[pri:0, instance:org.selenium.pom.tests.SearchTest@22fba58c] output={null}]]]>
              </value>
            </param>
            <param index="1">
              <value>
                <![CDATA[CHROME]]>
              </value>
            </param>
          </params>
          <reporter-output>
          </reporter-output>
        </test-method> <!-- stopDriver -->
      </class> <!-- org.selenium.pom.tests.SearchTest -->
      <class name="org.selenium.pom.tests.AddToCartTest">
        <test-method is-config="true" signature="startDriver(java.lang.String)[pri:0, instance:org.selenium.pom.tests.AddToCartTest@588ffeb]" started-at="2022-01-22T01:11:14 CET" name="startDriver" finished-at="2022-01-22T01:11:29 CET" duration-ms="14961" status="PASS">
          <params>
            <param index="0">
              <value>
                <![CDATA[CHROME]]>
              </value>
            </param>
          </params>
          <reporter-output>
          </reporter-output>
        </test-method> <!-- startDriver -->
        <test-method is-config="true" signature="startDriver(java.lang.String)[pri:0, instance:org.selenium.pom.tests.AddToCartTest@588ffeb]" started-at="2022-01-22T01:11:14 CET" name="startDriver" finished-at="2022-01-22T01:11:25 CET" duration-ms="10846" status="PASS">
          <params>
            <param index="0">
              <value>
                <![CDATA[CHROME]]>
              </value>
            </param>
          </params>
          <reporter-output>
          </reporter-output>
        </test-method> <!-- startDriver -->
        <test-method is-config="true" signature="startDriver(java.lang.String)[pri:0, instance:org.selenium.pom.tests.AddToCartTest@588ffeb]" started-at="2022-01-22T01:11:14 CET" name="startDriver" finished-at="2022-01-22T01:11:29 CET" duration-ms="14218" status="PASS">
          <params>
            <param index="0">
              <value>
                <![CDATA[CHROME]]>
              </value>
            </param>
          </params>
          <reporter-output>
          </reporter-output>
        </test-method> <!-- startDriver -->
        <test-method is-config="true" signature="startDriver(java.lang.String)[pri:0, instance:org.selenium.pom.tests.AddToCartTest@588ffeb]" started-at="2022-01-22T01:11:14 CET" name="startDriver" finished-at="2022-01-22T01:11:27 CET" duration-ms="13184" status="PASS">
          <params>
            <param index="0">
              <value>
                <![CDATA[CHROME]]>
              </value>
            </param>
          </params>
          <reporter-output>
          </reporter-output>
        </test-method> <!-- startDriver -->
        <test-method is-config="true" signature="startDriver(java.lang.String)[pri:0, instance:org.selenium.pom.tests.AddToCartTest@588ffeb]" started-at="2022-01-22T01:11:14 CET" name="startDriver" finished-at="2022-01-22T01:11:28 CET" duration-ms="13917" status="PASS">
          <params>
            <param index="0">
              <value>
                <![CDATA[CHROME]]>
              </value>
            </param>
          </params>
          <reporter-output>
          </reporter-output>
        </test-method> <!-- startDriver -->
        <test-method is-config="true" signature="startDriver(java.lang.String)[pri:0, instance:org.selenium.pom.tests.AddToCartTest@588ffeb]" started-at="2022-01-22T01:11:14 CET" name="startDriver" finished-at="2022-01-22T01:11:28 CET" duration-ms="13940" status="PASS">
          <params>
            <param index="0">
              <value>
                <![CDATA[CHROME]]>
              </value>
            </param>
          </params>
          <reporter-output>
          </reporter-output>
        </test-method> <!-- startDriver -->
        <test-method is-config="true" signature="startDriver(java.lang.String)[pri:0, instance:org.selenium.pom.tests.AddToCartTest@588ffeb]" started-at="2022-01-22T01:11:14 CET" name="startDriver" finished-at="2022-01-22T01:11:28 CET" duration-ms="13817" status="PASS">
          <params>
            <param index="0">
              <value>
                <![CDATA[CHROME]]>
              </value>
            </param>
          </params>
          <reporter-output>
          </reporter-output>
        </test-method> <!-- startDriver -->
        <test-method is-config="true" signature="startDriver(java.lang.String)[pri:0, instance:org.selenium.pom.tests.AddToCartTest@588ffeb]" started-at="2022-01-22T01:11:14 CET" name="startDriver" finished-at="2022-01-22T01:11:29 CET" duration-ms="14305" status="PASS">
          <params>
            <param index="0">
              <value>
                <![CDATA[CHROME]]>
              </value>
            </param>
          </params>
          <reporter-output>
          </reporter-output>
        </test-method> <!-- startDriver -->
        <test-method signature="addToCartBraceletsFromStorePage(org.selenium.pom.objects.Product)[pri:0, instance:org.selenium.pom.tests.AddToCartTest@588ffeb]" started-at="2022-01-22T01:11:25 CET" name="addToCartBraceletsFromStorePage" data-provider="getBraceletProducts" finished-at="2022-01-22T01:11:47 CET" duration-ms="21603" status="PASS">
          <params>
            <param index="0">
              <value>
                <![CDATA[org.selenium.pom.objects.Product@ccfaee1]]>
              </value>
            </param>
          </params>
          <reporter-output>
          </reporter-output>
        </test-method> <!-- addToCartBraceletsFromStorePage -->
        <test-method signature="addToCartFeaturedProducts(org.selenium.pom.objects.Product)[pri:0, instance:org.selenium.pom.tests.AddToCartTest@588ffeb]" started-at="2022-01-22T01:11:27 CET" name="addToCartFeaturedProducts" data-provider="getFeaturedProducts" finished-at="2022-01-22T01:12:02 CET" duration-ms="34418" status="PASS">
          <params>
            <param index="0">
              <value>
                <![CDATA[org.selenium.pom.objects.Product@164fb91e]]>
              </value>
            </param>
          </params>
          <reporter-output>
          </reporter-output>
        </test-method> <!-- addToCartFeaturedProducts -->
        <test-method signature="addToCartFeaturedProducts(org.selenium.pom.objects.Product)[pri:0, instance:org.selenium.pom.tests.AddToCartTest@588ffeb]" started-at="2022-01-22T01:11:28 CET" name="addToCartFeaturedProducts" data-provider="getFeaturedProducts" finished-at="2022-01-22T01:12:02 CET" duration-ms="33978" status="PASS">
          <params>
            <param index="0">
              <value>
                <![CDATA[org.selenium.pom.objects.Product@55b22d2]]>
              </value>
            </param>
          </params>
          <reporter-output>
          </reporter-output>
        </test-method> <!-- addToCartFeaturedProducts -->
        <test-method signature="addToCartBraceletsFromStorePage(org.selenium.pom.objects.Product)[pri:0, instance:org.selenium.pom.tests.AddToCartTest@588ffeb]" started-at="2022-01-22T01:11:28 CET" name="addToCartBraceletsFromStorePage" data-provider="getBraceletProducts" finished-at="2022-01-22T01:12:02 CET" duration-ms="33482" status="PASS">
          <params>
            <param index="0">
              <value>
                <![CDATA[org.selenium.pom.objects.Product@388ace84]]>
              </value>
            </param>
          </params>
          <reporter-output>
          </reporter-output>
        </test-method> <!-- addToCartBraceletsFromStorePage -->
        <test-method signature="addToCartFeaturedProducts(org.selenium.pom.objects.Product)[pri:0, instance:org.selenium.pom.tests.AddToCartTest@588ffeb]" started-at="2022-01-22T01:11:28 CET" name="addToCartFeaturedProducts" data-provider="getFeaturedProducts" finished-at="2022-01-22T01:12:02 CET" duration-ms="33444" status="PASS">
          <params>
            <param index="0">
              <value>
                <![CDATA[org.selenium.pom.objects.Product@6e586cb2]]>
              </value>
            </param>
          </params>
          <reporter-output>
          </reporter-output>
        </test-method> <!-- addToCartFeaturedProducts -->
        <test-method signature="addToCartFeaturedProducts(org.selenium.pom.objects.Product)[pri:0, instance:org.selenium.pom.tests.AddToCartTest@588ffeb]" started-at="2022-01-22T01:11:29 CET" name="addToCartFeaturedProducts" data-provider="getFeaturedProducts" finished-at="2022-01-22T01:12:04 CET" duration-ms="35373" status="PASS">
          <params>
            <param index="0">
              <value>
                <![CDATA[org.selenium.pom.objects.Product@613167da]]>
              </value>
            </param>
          </params>
          <reporter-output>
          </reporter-output>
        </test-method> <!-- addToCartFeaturedProducts -->
        <test-method signature="addToCartFeaturedProducts(org.selenium.pom.objects.Product)[pri:0, instance:org.selenium.pom.tests.AddToCartTest@588ffeb]" started-at="2022-01-22T01:11:29 CET" name="addToCartFeaturedProducts" data-provider="getFeaturedProducts" finished-at="2022-01-22T01:12:04 CET" duration-ms="35232" status="PASS">
          <params>
            <param index="0">
              <value>
                <![CDATA[org.selenium.pom.objects.Product@3a3f5dd4]]>
              </value>
            </param>
          </params>
          <reporter-output>
          </reporter-output>
        </test-method> <!-- addToCartFeaturedProducts -->
        <test-method signature="addToCartFromStorePage()[pri:0, instance:org.selenium.pom.tests.AddToCartTest@588ffeb]" started-at="2022-01-22T01:11:29 CET" name="addToCartFromStorePage" finished-at="2022-01-22T01:12:04 CET" duration-ms="34910" status="PASS">
          <reporter-output>
          </reporter-output>
        </test-method> <!-- addToCartFromStorePage -->
        <test-method is-config="true" signature="stopDriver(org.testng.ITestResult,java.lang.String)[pri:0, instance:org.selenium.pom.tests.AddToCartTest@588ffeb]" started-at="2022-01-22T01:11:47 CET" name="stopDriver" finished-at="2022-01-22T01:12:13 CET" duration-ms="25596" status="FAIL">
          <params>
            <param index="0">
              <value>
                <![CDATA[[TestResult name=addToCartBraceletsFromStorePage status=SUCCESS method=AddToCartTest.addToCartBraceletsFromStorePage(org.selenium.pom.objects.Product)[pri:0, instance:org.selenium.pom.tests.AddToCartTest@588ffeb] output={null}]]]>
              </value>
            </param>
            <param index="1">
              <value>
                <![CDATA[CHROME]]>
              </value>
            </param>
          </params>
          <exception class="org.openqa.selenium.WebDriverException">
            <message>
              <![CDATA[Timed out waiting for driver server to stop.
Build info: version: '4.1.1', revision: 'e8fcc2cecf'
System info: host: 'LAPTOP-6HTOKEIU', ip: '169.254.38.81', os.name: 'Windows 10', os.arch: 'amd64', os.version: '10.0', java.version: '17'
Driver info: org.openqa.selenium.chrome.ChromeDriver
Command: [51677ae386d70055269bd83fcae3a9a7, quit {}]
Capabilities {acceptInsecureCerts: false, browserName: chrome, browserVersion: 97.0.4692.71, chrome: {chromedriverVersion: 97.0.4692.71 (adefa7837d02a..., userDataDir: C:\Users\RAFA~1\AppData\Loc...}, goog:chromeOptions: {debuggerAddress: localhost:63618}, javascriptEnabled: true, networkConnectionEnabled: false, pageLoadStrategy: normal, platform: WINDOWS, platformName: WINDOWS, proxy: Proxy(), se:cdp: ws://localhost:63618/devtoo..., se:cdpVersion: 97.0.4692.71, setWindowRect: true, strictFileInteractability: false, timeouts: {implicit: 0, pageLoad: 300000, script: 30000}, unhandledPromptBehavior: dismiss and notify, webauthn:extension:credBlob: true, webauthn:extension:largeBlob: true, webauthn:virtualAuthenticators: true}
Session ID: 51677ae386d70055269bd83fcae3a9a7]]>
            </message>
            <full-stacktrace>
              <![CDATA[org.openqa.selenium.WebDriverException: Timed out waiting for driver server to stop.
Build info: version: '4.1.1', revision: 'e8fcc2cecf'
System info: host: 'LAPTOP-6HTOKEIU', ip: '169.254.38.81', os.name: 'Windows 10', os.arch: 'amd64', os.version: '10.0', java.version: '17'
Driver info: org.openqa.selenium.chrome.ChromeDriver
Command: [51677ae386d70055269bd83fcae3a9a7, quit {}]
Capabilities {acceptInsecureCerts: false, browserName: chrome, browserVersion: 97.0.4692.71, chrome: {chromedriverVersion: 97.0.4692.71 (adefa7837d02a..., userDataDir: C:\Users\RAFA~1\AppData\Loc...}, goog:chromeOptions: {debuggerAddress: localhost:63618}, javascriptEnabled: true, networkConnectionEnabled: false, pageLoadStrategy: normal, platform: WINDOWS, platformName: WINDOWS, proxy: Proxy(), se:cdp: ws://localhost:63618/devtoo..., se:cdpVersion: 97.0.4692.71, setWindowRect: true, strictFileInteractability: false, timeouts: {implicit: 0, pageLoad: 300000, script: 30000}, unhandledPromptBehavior: dismiss and notify, webauthn:extension:credBlob: true, webauthn:extension:largeBlob: true, webauthn:virtualAuthenticators: true}
Session ID: 51677ae386d70055269bd83fcae3a9a7
at org.openqa.selenium.remote.service.DriverCommandExecutor.execute(DriverCommandExecutor.java:132)
at org.openqa.selenium.remote.RemoteWebDriver.execute(RemoteWebDriver.java:543)
at org.openqa.selenium.remote.RemoteWebDriver.execute(RemoteWebDriver.java:598)
at org.openqa.selenium.remote.RemoteWebDriver.execute(RemoteWebDriver.java:602)
at org.openqa.selenium.remote.RemoteWebDriver.quit(RemoteWebDriver.java:439)
at org.openqa.selenium.chromium.ChromiumDriver.quit(ChromiumDriver.java:287)
at org.selenium.pom.base.BaseTest.stopDriver(BaseTest.java:62)
at java.base/jdk.internal.reflect.NativeMethodAccessorImpl.invoke0(Native Method)
at java.base/jdk.internal.reflect.NativeMethodAccessorImpl.invoke(NativeMethodAccessorImpl.java:77)
at java.base/jdk.internal.reflect.DelegatingMethodAccessorImpl.invoke(DelegatingMethodAccessorImpl.java:43)
at java.base/java.lang.reflect.Method.invoke(Method.java:568)
at org.testng.internal.invokers.MethodInvocationHelper.invokeMethod(MethodInvocationHelper.java:135)
at org.testng.internal.invokers.MethodInvocationHelper.invokeMethodConsideringTimeout(MethodInvocationHelper.java:65)
at org.testng.internal.invokers.ConfigInvoker.invokeConfigurationMethod(ConfigInvoker.java:381)
at org.testng.internal.invokers.ConfigInvoker.invokeConfigurations(ConfigInvoker.java:319)
at org.testng.internal.invokers.TestInvoker.runConfigMethods(TestInvoker.java:803)
at org.testng.internal.invokers.TestInvoker.runAfterConfigurations(TestInvoker.java:772)
at org.testng.internal.invokers.TestInvoker.invokeMethod(TestInvoker.java:748)
at org.testng.internal.invokers.TestInvoker.invokeTestMethod(TestInvoker.java:220)
at org.testng.internal.invokers.TestMethodWithDataProviderMethodWorker.call(TestMethodWithDataProviderMethodWorker.java:80)
at org.testng.internal.invokers.TestMethodWithDataProviderMethodWorker.call(TestMethodWithDataProviderMethodWorker.java:17)
at java.base/java.util.concurrent.FutureTask.run(FutureTask.java:264)
at java.base/java.util.concurrent.Executors$RunnableAdapter.call(Executors.java:539)
at java.base/java.util.concurrent.FutureTask.run(FutureTask.java:264)
at java.base/java.util.concurrent.ThreadPoolExecutor.runWorker(ThreadPoolExecutor.java:1136)
at java.base/java.util.concurrent.ThreadPoolExecutor$Worker.run(ThreadPoolExecutor.java:635)
at java.base/java.lang.Thread.run(Thread.java:833)
Caused by: java.util.concurrent.ExecutionException: org.openqa.selenium.TimeoutException: Process timed out after waiting for 20000 ms.
Build info: version: '4.1.1', revision: 'e8fcc2cecf'
System info: host: 'LAPTOP-6HTOKEIU', ip: '169.254.38.81', os.name: 'Windows 10', os.arch: 'amd64', os.version: '10.0', java.version: '17'
Driver info: driver.version: unknown
at java.base/java.util.concurrent.CompletableFuture.reportGet(CompletableFuture.java:396)
at java.base/java.util.concurrent.CompletableFuture.get(CompletableFuture.java:2096)
at org.openqa.selenium.remote.service.DriverCommandExecutor.execute(DriverCommandExecutor.java:128)
... 26 more
Caused by: org.openqa.selenium.TimeoutException: Process timed out after waiting for 20000 ms.
Build info: version: '4.1.1', revision: 'e8fcc2cecf'
System info: host: 'LAPTOP-6HTOKEIU', ip: '169.254.38.81', os.name: 'Windows 10', os.arch: 'amd64', os.version: '10.0', java.version: '17'
Driver info: driver.version: unknown
at org.openqa.selenium.os.OsProcess.waitFor(OsProcess.java:174)
at org.openqa.selenium.os.CommandLine.waitFor(CommandLine.java:127)
at org.openqa.selenium.remote.service.DriverCommandExecutor.lambda$execute$2(DriverCommandExecutor.java:122)
at java.base/java.util.concurrent.CompletableFuture$AsyncSupply.run(CompletableFuture.java:1768)
... 3 more
]]>
            </full-stacktrace>
          </exception> <!-- org.openqa.selenium.WebDriverException -->
          <reporter-output>
          </reporter-output>
        </test-method> <!-- stopDriver -->
        <test-method is-config="true" signature="stopDriver(org.testng.ITestResult,java.lang.String)[pri:0, instance:org.selenium.pom.tests.AddToCartTest@588ffeb]" started-at="2022-01-22T01:12:02 CET" name="stopDriver" finished-at="2022-01-22T01:12:27 CET" duration-ms="25063" status="FAIL">
          <params>
            <param index="0">
              <value>
                <![CDATA[[TestResult name=addToCartFeaturedProducts status=SUCCESS method=AddToCartTest.addToCartFeaturedProducts(org.selenium.pom.objects.Product)[pri:0, instance:org.selenium.pom.tests.AddToCartTest@588ffeb] output={null}]]]>
              </value>
            </param>
            <param index="1">
              <value>
                <![CDATA[CHROME]]>
              </value>
            </param>
          </params>
          <exception class="org.openqa.selenium.WebDriverException">
            <message>
              <![CDATA[Timed out waiting for driver server to stop.
Build info: version: '4.1.1', revision: 'e8fcc2cecf'
System info: host: 'LAPTOP-6HTOKEIU', ip: '169.254.38.81', os.name: 'Windows 10', os.arch: 'amd64', os.version: '10.0', java.version: '17'
Driver info: org.openqa.selenium.chrome.ChromeDriver
Command: [04fa49edd77bcd5bdbb93fcfdeace69b, quit {}]
Capabilities {acceptInsecureCerts: false, browserName: chrome, browserVersion: 97.0.4692.71, chrome: {chromedriverVersion: 97.0.4692.71 (adefa7837d02a..., userDataDir: C:\Users\RAFA~1\AppData\Loc...}, goog:chromeOptions: {debuggerAddress: localhost:63672}, javascriptEnabled: true, networkConnectionEnabled: false, pageLoadStrategy: normal, platform: WINDOWS, platformName: WINDOWS, proxy: Proxy(), se:cdp: ws://localhost:63672/devtoo..., se:cdpVersion: 97.0.4692.71, setWindowRect: true, strictFileInteractability: false, timeouts: {implicit: 0, pageLoad: 300000, script: 30000}, unhandledPromptBehavior: dismiss and notify, webauthn:extension:credBlob: true, webauthn:extension:largeBlob: true, webauthn:virtualAuthenticators: true}
Session ID: 04fa49edd77bcd5bdbb93fcfdeace69b]]>
            </message>
            <full-stacktrace>
              <![CDATA[org.openqa.selenium.WebDriverException: Timed out waiting for driver server to stop.
Build info: version: '4.1.1', revision: 'e8fcc2cecf'
System info: host: 'LAPTOP-6HTOKEIU', ip: '169.254.38.81', os.name: 'Windows 10', os.arch: 'amd64', os.version: '10.0', java.version: '17'
Driver info: org.openqa.selenium.chrome.ChromeDriver
Command: [04fa49edd77bcd5bdbb93fcfdeace69b, quit {}]
Capabilities {acceptInsecureCerts: false, browserName: chrome, browserVersion: 97.0.4692.71, chrome: {chromedriverVersion: 97.0.4692.71 (adefa7837d02a..., userDataDir: C:\Users\RAFA~1\AppData\Loc...}, goog:chromeOptions: {debuggerAddress: localhost:63672}, javascriptEnabled: true, networkConnectionEnabled: false, pageLoadStrategy: normal, platform: WINDOWS, platformName: WINDOWS, proxy: Proxy(), se:cdp: ws://localhost:63672/devtoo..., se:cdpVersion: 97.0.4692.71, setWindowRect: true, strictFileInteractability: false, timeouts: {implicit: 0, pageLoad: 300000, script: 30000}, unhandledPromptBehavior: dismiss and notify, webauthn:extension:credBlob: true, webauthn:extension:largeBlob: true, webauthn:virtualAuthenticators: true}
Session ID: 04fa49edd77bcd5bdbb93fcfdeace69b
at org.openqa.selenium.remote.service.DriverCommandExecutor.execute(DriverCommandExecutor.java:132)
at org.openqa.selenium.remote.RemoteWebDriver.execute(RemoteWebDriver.java:543)
at org.openqa.selenium.remote.RemoteWebDriver.execute(RemoteWebDriver.java:598)
at org.openqa.selenium.remote.RemoteWebDriver.execute(RemoteWebDriver.java:602)
at org.openqa.selenium.remote.RemoteWebDriver.quit(RemoteWebDriver.java:439)
at org.openqa.selenium.chromium.ChromiumDriver.quit(ChromiumDriver.java:287)
at org.selenium.pom.base.BaseTest.stopDriver(BaseTest.java:62)
at java.base/jdk.internal.reflect.NativeMethodAccessorImpl.invoke0(Native Method)
at java.base/jdk.internal.reflect.NativeMethodAccessorImpl.invoke(NativeMethodAccessorImpl.java:77)
at java.base/jdk.internal.reflect.DelegatingMethodAccessorImpl.invoke(DelegatingMethodAccessorImpl.java:43)
at java.base/java.lang.reflect.Method.invoke(Method.java:568)
at org.testng.internal.invokers.MethodInvocationHelper.invokeMethod(MethodInvocationHelper.java:135)
at org.testng.internal.invokers.MethodInvocationHelper.invokeMethodConsideringTimeout(MethodInvocationHelper.java:65)
at org.testng.internal.invokers.ConfigInvoker.invokeConfigurationMethod(ConfigInvoker.java:381)
at org.testng.internal.invokers.ConfigInvoker.invokeConfigurations(ConfigInvoker.java:319)
at org.testng.internal.invokers.TestInvoker.runConfigMethods(TestInvoker.java:803)
at org.testng.internal.invokers.TestInvoker.runAfterConfigurations(TestInvoker.java:772)
at org.testng.internal.invokers.TestInvoker.invokeMethod(TestInvoker.java:748)
at org.testng.internal.invokers.TestInvoker.invokeTestMethod(TestInvoker.java:220)
at org.testng.internal.invokers.TestMethodWithDataProviderMethodWorker.call(TestMethodWithDataProviderMethodWorker.java:80)
at org.testng.internal.invokers.TestMethodWithDataProviderMethodWorker.call(TestMethodWithDataProviderMethodWorker.java:17)
at java.base/java.util.concurrent.FutureTask.run(FutureTask.java:264)
at java.base/java.util.concurrent.Executors$RunnableAdapter.call(Executors.java:539)
at java.base/java.util.concurrent.FutureTask.run(FutureTask.java:264)
at java.base/java.util.concurrent.ThreadPoolExecutor.runWorker(ThreadPoolExecutor.java:1136)
at java.base/java.util.concurrent.ThreadPoolExecutor$Worker.run(ThreadPoolExecutor.java:635)
at java.base/java.lang.Thread.run(Thread.java:833)
Caused by: java.util.concurrent.ExecutionException: org.openqa.selenium.TimeoutException: Process timed out after waiting for 20000 ms.
Build info: version: '4.1.1', revision: 'e8fcc2cecf'
System info: host: 'LAPTOP-6HTOKEIU', ip: '169.254.38.81', os.name: 'Windows 10', os.arch: 'amd64', os.version: '10.0', java.version: '17'
Driver info: driver.version: unknown
at java.base/java.util.concurrent.CompletableFuture.reportGet(CompletableFuture.java:396)
at java.base/java.util.concurrent.CompletableFuture.get(CompletableFuture.java:2096)
at org.openqa.selenium.remote.service.DriverCommandExecutor.execute(DriverCommandExecutor.java:128)
... 26 more
Caused by: org.openqa.selenium.TimeoutException: Process timed out after waiting for 20000 ms.
Build info: version: '4.1.1', revision: 'e8fcc2cecf'
System info: host: 'LAPTOP-6HTOKEIU', ip: '169.254.38.81', os.name: 'Windows 10', os.arch: 'amd64', os.version: '10.0', java.version: '17'
Driver info: driver.version: unknown
at org.openqa.selenium.os.OsProcess.waitFor(OsProcess.java:174)
at org.openqa.selenium.os.CommandLine.waitFor(CommandLine.java:127)
at org.openqa.selenium.remote.service.DriverCommandExecutor.lambda$execute$2(DriverCommandExecutor.java:122)
at java.base/java.util.concurrent.CompletableFuture$AsyncSupply.run(CompletableFuture.java:1768)
... 3 more
]]>
            </full-stacktrace>
          </exception> <!-- org.openqa.selenium.WebDriverException -->
          <reporter-output>
          </reporter-output>
        </test-method> <!-- stopDriver -->
        <test-method is-config="true" signature="stopDriver(org.testng.ITestResult,java.lang.String)[pri:0, instance:org.selenium.pom.tests.AddToCartTest@588ffeb]" started-at="2022-01-22T01:12:02 CET" name="stopDriver" finished-at="2022-01-22T01:12:27 CET" duration-ms="25239" status="FAIL">
          <params>
            <param index="0">
              <value>
                <![CDATA[[TestResult name=addToCartBraceletsFromStorePage status=SUCCESS method=AddToCartTest.addToCartBraceletsFromStorePage(org.selenium.pom.objects.Product)[pri:0, instance:org.selenium.pom.tests.AddToCartTest@588ffeb] output={null}]]]>
              </value>
            </param>
            <param index="1">
              <value>
                <![CDATA[CHROME]]>
              </value>
            </param>
          </params>
          <exception class="org.openqa.selenium.WebDriverException">
            <message>
              <![CDATA[Timed out waiting for driver server to stop.
Build info: version: '4.1.1', revision: 'e8fcc2cecf'
System info: host: 'LAPTOP-6HTOKEIU', ip: '169.254.38.81', os.name: 'Windows 10', os.arch: 'amd64', os.version: '10.0', java.version: '17'
Driver info: org.openqa.selenium.chrome.ChromeDriver
Command: [a266f00c87121aeb93dfc1de07913b4d, quit {}]
Capabilities {acceptInsecureCerts: false, browserName: chrome, browserVersion: 97.0.4692.71, chrome: {chromedriverVersion: 97.0.4692.71 (adefa7837d02a..., userDataDir: C:\Users\RAFA~1\AppData\Loc...}, goog:chromeOptions: {debuggerAddress: localhost:63689}, javascriptEnabled: true, networkConnectionEnabled: false, pageLoadStrategy: normal, platform: WINDOWS, platformName: WINDOWS, proxy: Proxy(), se:cdp: ws://localhost:63689/devtoo..., se:cdpVersion: 97.0.4692.71, setWindowRect: true, strictFileInteractability: false, timeouts: {implicit: 0, pageLoad: 300000, script: 30000}, unhandledPromptBehavior: dismiss and notify, webauthn:extension:credBlob: true, webauthn:extension:largeBlob: true, webauthn:virtualAuthenticators: true}
Session ID: a266f00c87121aeb93dfc1de07913b4d]]>
            </message>
            <full-stacktrace>
              <![CDATA[org.openqa.selenium.WebDriverException: Timed out waiting for driver server to stop.
Build info: version: '4.1.1', revision: 'e8fcc2cecf'
System info: host: 'LAPTOP-6HTOKEIU', ip: '169.254.38.81', os.name: 'Windows 10', os.arch: 'amd64', os.version: '10.0', java.version: '17'
Driver info: org.openqa.selenium.chrome.ChromeDriver
Command: [a266f00c87121aeb93dfc1de07913b4d, quit {}]
Capabilities {acceptInsecureCerts: false, browserName: chrome, browserVersion: 97.0.4692.71, chrome: {chromedriverVersion: 97.0.4692.71 (adefa7837d02a..., userDataDir: C:\Users\RAFA~1\AppData\Loc...}, goog:chromeOptions: {debuggerAddress: localhost:63689}, javascriptEnabled: true, networkConnectionEnabled: false, pageLoadStrategy: normal, platform: WINDOWS, platformName: WINDOWS, proxy: Proxy(), se:cdp: ws://localhost:63689/devtoo..., se:cdpVersion: 97.0.4692.71, setWindowRect: true, strictFileInteractability: false, timeouts: {implicit: 0, pageLoad: 300000, script: 30000}, unhandledPromptBehavior: dismiss and notify, webauthn:extension:credBlob: true, webauthn:extension:largeBlob: true, webauthn:virtualAuthenticators: true}
Session ID: a266f00c87121aeb93dfc1de07913b4d
at org.openqa.selenium.remote.service.DriverCommandExecutor.execute(DriverCommandExecutor.java:132)
at org.openqa.selenium.remote.RemoteWebDriver.execute(RemoteWebDriver.java:543)
at org.openqa.selenium.remote.RemoteWebDriver.execute(RemoteWebDriver.java:598)
at org.openqa.selenium.remote.RemoteWebDriver.execute(RemoteWebDriver.java:602)
at org.openqa.selenium.remote.RemoteWebDriver.quit(RemoteWebDriver.java:439)
at org.openqa.selenium.chromium.ChromiumDriver.quit(ChromiumDriver.java:287)
at org.selenium.pom.base.BaseTest.stopDriver(BaseTest.java:62)
at java.base/jdk.internal.reflect.NativeMethodAccessorImpl.invoke0(Native Method)
at java.base/jdk.internal.reflect.NativeMethodAccessorImpl.invoke(NativeMethodAccessorImpl.java:77)
at java.base/jdk.internal.reflect.DelegatingMethodAccessorImpl.invoke(DelegatingMethodAccessorImpl.java:43)
at java.base/java.lang.reflect.Method.invoke(Method.java:568)
at org.testng.internal.invokers.MethodInvocationHelper.invokeMethod(MethodInvocationHelper.java:135)
at org.testng.internal.invokers.MethodInvocationHelper.invokeMethodConsideringTimeout(MethodInvocationHelper.java:65)
at org.testng.internal.invokers.ConfigInvoker.invokeConfigurationMethod(ConfigInvoker.java:381)
at org.testng.internal.invokers.ConfigInvoker.invokeConfigurations(ConfigInvoker.java:319)
at org.testng.internal.invokers.TestInvoker.runConfigMethods(TestInvoker.java:803)
at org.testng.internal.invokers.TestInvoker.runAfterConfigurations(TestInvoker.java:772)
at org.testng.internal.invokers.TestInvoker.invokeMethod(TestInvoker.java:748)
at org.testng.internal.invokers.TestInvoker.invokeTestMethod(TestInvoker.java:220)
at org.testng.internal.invokers.TestMethodWithDataProviderMethodWorker.call(TestMethodWithDataProviderMethodWorker.java:80)
at org.testng.internal.invokers.TestMethodWithDataProviderMethodWorker.call(TestMethodWithDataProviderMethodWorker.java:17)
at java.base/java.util.concurrent.FutureTask.run(FutureTask.java:264)
at java.base/java.util.concurrent.Executors$RunnableAdapter.call(Executors.java:539)
at java.base/java.util.concurrent.FutureTask.run(FutureTask.java:264)
at java.base/java.util.concurrent.ThreadPoolExecutor.runWorker(ThreadPoolExecutor.java:1136)
at java.base/java.util.concurrent.ThreadPoolExecutor$Worker.run(ThreadPoolExecutor.java:635)
at java.base/java.lang.Thread.run(Thread.java:833)
Caused by: java.util.concurrent.ExecutionException: org.openqa.selenium.TimeoutException: Process timed out after waiting for 20000 ms.
Build info: version: '4.1.1', revision: 'e8fcc2cecf'
System info: host: 'LAPTOP-6HTOKEIU', ip: '169.254.38.81', os.name: 'Windows 10', os.arch: 'amd64', os.version: '10.0', java.version: '17'
Driver info: driver.version: unknown
at java.base/java.util.concurrent.CompletableFuture.reportGet(CompletableFuture.java:396)
at java.base/java.util.concurrent.CompletableFuture.get(CompletableFuture.java:2096)
at org.openqa.selenium.remote.service.DriverCommandExecutor.execute(DriverCommandExecutor.java:128)
... 26 more
Caused by: org.openqa.selenium.TimeoutException: Process timed out after waiting for 20000 ms.
Build info: version: '4.1.1', revision: 'e8fcc2cecf'
System info: host: 'LAPTOP-6HTOKEIU', ip: '169.254.38.81', os.name: 'Windows 10', os.arch: 'amd64', os.version: '10.0', java.version: '17'
Driver info: driver.version: unknown
at org.openqa.selenium.os.OsProcess.waitFor(OsProcess.java:174)
at org.openqa.selenium.os.CommandLine.waitFor(CommandLine.java:127)
at org.openqa.selenium.remote.service.DriverCommandExecutor.lambda$execute$2(DriverCommandExecutor.java:122)
at java.base/java.util.concurrent.CompletableFuture$AsyncSupply.run(CompletableFuture.java:1768)
... 3 more
]]>
            </full-stacktrace>
          </exception> <!-- org.openqa.selenium.WebDriverException -->
          <reporter-output>
          </reporter-output>
        </test-method> <!-- stopDriver -->
        <test-method is-config="true" signature="stopDriver(org.testng.ITestResult,java.lang.String)[pri:0, instance:org.selenium.pom.tests.AddToCartTest@588ffeb]" started-at="2022-01-22T01:12:02 CET" name="stopDriver" finished-at="2022-01-22T01:12:27 CET" duration-ms="24680" status="FAIL">
          <params>
            <param index="0">
              <value>
                <![CDATA[[TestResult name=addToCartFeaturedProducts status=SUCCESS method=AddToCartTest.addToCartFeaturedProducts(org.selenium.pom.objects.Product)[pri:0, instance:org.selenium.pom.tests.AddToCartTest@588ffeb] output={null}]]]>
              </value>
            </param>
            <param index="1">
              <value>
                <![CDATA[CHROME]]>
              </value>
            </param>
          </params>
          <exception class="org.openqa.selenium.WebDriverException">
            <message>
              <![CDATA[Timed out waiting for driver server to stop.
Build info: version: '4.1.1', revision: 'e8fcc2cecf'
System info: host: 'LAPTOP-6HTOKEIU', ip: '169.254.38.81', os.name: 'Windows 10', os.arch: 'amd64', os.version: '10.0', java.version: '17'
Driver info: org.openqa.selenium.chrome.ChromeDriver
Command: [136bedc8d3776dcd46ae50b230b63bf2, quit {}]
Capabilities {acceptInsecureCerts: false, browserName: chrome, browserVersion: 97.0.4692.71, chrome: {chromedriverVersion: 97.0.4692.71 (adefa7837d02a..., userDataDir: C:\Users\RAFA~1\AppData\Loc...}, goog:chromeOptions: {debuggerAddress: localhost:63636}, javascriptEnabled: true, networkConnectionEnabled: false, pageLoadStrategy: normal, platform: WINDOWS, platformName: WINDOWS, proxy: Proxy(), se:cdp: ws://localhost:63636/devtoo..., se:cdpVersion: 97.0.4692.71, setWindowRect: true, strictFileInteractability: false, timeouts: {implicit: 0, pageLoad: 300000, script: 30000}, unhandledPromptBehavior: dismiss and notify, webauthn:extension:credBlob: true, webauthn:extension:largeBlob: true, webauthn:virtualAuthenticators: true}
Session ID: 136bedc8d3776dcd46ae50b230b63bf2]]>
            </message>
            <full-stacktrace>
              <![CDATA[org.openqa.selenium.WebDriverException: Timed out waiting for driver server to stop.
Build info: version: '4.1.1', revision: 'e8fcc2cecf'
System info: host: 'LAPTOP-6HTOKEIU', ip: '169.254.38.81', os.name: 'Windows 10', os.arch: 'amd64', os.version: '10.0', java.version: '17'
Driver info: org.openqa.selenium.chrome.ChromeDriver
Command: [136bedc8d3776dcd46ae50b230b63bf2, quit {}]
Capabilities {acceptInsecureCerts: false, browserName: chrome, browserVersion: 97.0.4692.71, chrome: {chromedriverVersion: 97.0.4692.71 (adefa7837d02a..., userDataDir: C:\Users\RAFA~1\AppData\Loc...}, goog:chromeOptions: {debuggerAddress: localhost:63636}, javascriptEnabled: true, networkConnectionEnabled: false, pageLoadStrategy: normal, platform: WINDOWS, platformName: WINDOWS, proxy: Proxy(), se:cdp: ws://localhost:63636/devtoo..., se:cdpVersion: 97.0.4692.71, setWindowRect: true, strictFileInteractability: false, timeouts: {implicit: 0, pageLoad: 300000, script: 30000}, unhandledPromptBehavior: dismiss and notify, webauthn:extension:credBlob: true, webauthn:extension:largeBlob: true, webauthn:virtualAuthenticators: true}
Session ID: 136bedc8d3776dcd46ae50b230b63bf2
at org.openqa.selenium.remote.service.DriverCommandExecutor.execute(DriverCommandExecutor.java:132)
at org.openqa.selenium.remote.RemoteWebDriver.execute(RemoteWebDriver.java:543)
at org.openqa.selenium.remote.RemoteWebDriver.execute(RemoteWebDriver.java:598)
at org.openqa.selenium.remote.RemoteWebDriver.execute(RemoteWebDriver.java:602)
at org.openqa.selenium.remote.RemoteWebDriver.quit(RemoteWebDriver.java:439)
at org.openqa.selenium.chromium.ChromiumDriver.quit(ChromiumDriver.java:287)
at org.selenium.pom.base.BaseTest.stopDriver(BaseTest.java:62)
at java.base/jdk.internal.reflect.NativeMethodAccessorImpl.invoke0(Native Method)
at java.base/jdk.internal.reflect.NativeMethodAccessorImpl.invoke(NativeMethodAccessorImpl.java:77)
at java.base/jdk.internal.reflect.DelegatingMethodAccessorImpl.invoke(DelegatingMethodAccessorImpl.java:43)
at java.base/java.lang.reflect.Method.invoke(Method.java:568)
at org.testng.internal.invokers.MethodInvocationHelper.invokeMethod(MethodInvocationHelper.java:135)
at org.testng.internal.invokers.MethodInvocationHelper.invokeMethodConsideringTimeout(MethodInvocationHelper.java:65)
at org.testng.internal.invokers.ConfigInvoker.invokeConfigurationMethod(ConfigInvoker.java:381)
at org.testng.internal.invokers.ConfigInvoker.invokeConfigurations(ConfigInvoker.java:319)
at org.testng.internal.invokers.TestInvoker.runConfigMethods(TestInvoker.java:803)
at org.testng.internal.invokers.TestInvoker.runAfterConfigurations(TestInvoker.java:772)
at org.testng.internal.invokers.TestInvoker.invokeMethod(TestInvoker.java:748)
at org.testng.internal.invokers.TestInvoker.invokeTestMethod(TestInvoker.java:220)
at org.testng.internal.invokers.TestMethodWithDataProviderMethodWorker.call(TestMethodWithDataProviderMethodWorker.java:80)
at org.testng.internal.invokers.TestMethodWithDataProviderMethodWorker.call(TestMethodWithDataProviderMethodWorker.java:17)
at java.base/java.util.concurrent.FutureTask.run(FutureTask.java:264)
at java.base/java.util.concurrent.Executors$RunnableAdapter.call(Executors.java:539)
at java.base/java.util.concurrent.FutureTask.run(FutureTask.java:264)
at java.base/java.util.concurrent.ThreadPoolExecutor.runWorker(ThreadPoolExecutor.java:1136)
at java.base/java.util.concurrent.ThreadPoolExecutor$Worker.run(ThreadPoolExecutor.java:635)
at java.base/java.lang.Thread.run(Thread.java:833)
[...]
            <param index="0">
              <value>
                <![CDATA[FIREFOX]]>
              </value>
            </param>
          </params>
          <reporter-output>
          </reporter-output>
        </test-method> <!-- startDriver -->
        <test-method signature="addToCartBraceletsFromStorePage(org.selenium.pom.objects.Product)[pri:0, instance:org.selenium.pom.tests.AddToCartTest@777c350f]" started-at="2022-01-22T01:11:47 CET" name="addToCartBraceletsFromStorePage" data-provider="getBraceletProducts" finished-at="2022-01-22T01:12:14 CET" duration-ms="27654" status="PASS">
          <params>
            <param index="0">
              <value>
                <![CDATA[org.selenium.pom.objects.Product@f993fb]]>
              </value>
            </param>
          </params>
          <reporter-output>
          </reporter-output>
        </test-method> <!-- addToCartBraceletsFromStorePage -->
        <test-method signature="addToCartBraceletsFromStorePage(org.selenium.pom.objects.Product)[pri:0, instance:org.selenium.pom.tests.AddToCartTest@777c350f]" started-at="2022-01-22T01:11:57 CET" name="addToCartBraceletsFromStorePage" data-provider="getBraceletProducts" finished-at="2022-01-22T01:12:13 CET" duration-ms="15484" status="PASS">
          <params>
            <param index="0">
              <value>
                <![CDATA[org.selenium.pom.objects.Product@715e9e9d]]>
              </value>
            </param>
          </params>
          <reporter-output>
          </reporter-output>
        </test-method> <!-- addToCartBraceletsFromStorePage -->
        <test-method signature="addToCartFeaturedProducts(org.selenium.pom.objects.Product)[pri:0, instance:org.selenium.pom.tests.AddToCartTest@777c350f]" started-at="2022-01-22T01:11:57 CET" name="addToCartFeaturedProducts" data-provider="getFeaturedProducts" finished-at="2022-01-22T01:12:12 CET" duration-ms="15021" status="PASS">
          <params>
            <param index="0">
              <value>
                <![CDATA[org.selenium.pom.objects.Product@5066ba4e]]>
              </value>
            </param>
          </params>
          <reporter-output>
          </reporter-output>
        </test-method> <!-- addToCartFeaturedProducts -->
        <test-method signature="addToCartFeaturedProducts(org.selenium.pom.objects.Product)[pri:0, instance:org.selenium.pom.tests.AddToCartTest@777c350f]" started-at="2022-01-22T01:12:01 CET" name="addToCartFeaturedProducts" data-provider="getFeaturedProducts" finished-at="2022-01-22T01:12:13 CET" duration-ms="11323" status="PASS">
          <params>
            <param index="0">
              <value>
                <![CDATA[org.selenium.pom.objects.Product@4ef7c085]]>
              </value>
            </param>
          </params>
          <reporter-output>
          </reporter-output>
        </test-method> <!-- addToCartFeaturedProducts -->
        <test-method signature="addToCartFromStorePage()[pri:0, instance:org.selenium.pom.tests.AddToCartTest@777c350f]" started-at="2022-01-22T01:12:02 CET" name="addToCartFromStorePage" finished-at="2022-01-22T01:12:18 CET" duration-ms="16013" status="PASS">
          <reporter-output>
          </reporter-output>
        </test-method> <!-- addToCartFromStorePage -->
        <test-method signature="addToCartFeaturedProducts(org.selenium.pom.objects.Product)[pri:0, instance:org.selenium.pom.tests.AddToCartTest@777c350f]" started-at="2022-01-22T01:12:03 CET" name="addToCartFeaturedProducts" data-provider="getFeaturedProducts" finished-at="2022-01-22T01:12:16 CET" duration-ms="13197" status="PASS">
          <params>
            <param index="0">
              <value>
                <![CDATA[org.selenium.pom.objects.Product@792b83d9]]>
              </value>
            </param>
          </params>
          <reporter-output>
          </reporter-output>
        </test-method> <!-- addToCartFeaturedProducts -->
        <test-method signature="addToCartFeaturedProducts(org.selenium.pom.objects.Product)[pri:0, instance:org.selenium.pom.tests.AddToCartTest@777c350f]" started-at="2022-01-22T01:12:03 CET" name="addToCartFeaturedProducts" data-provider="getFeaturedProducts" finished-at="2022-01-22T01:12:16 CET" duration-ms="12975" status="PASS">
          <params>
            <param index="0">
              <value>
                <![CDATA[org.selenium.pom.objects.Product@32376fa]]>
              </value>
            </param>
          </params>
          <reporter-output>
          </reporter-output>
        </test-method> <!-- addToCartFeaturedProducts -->
        <test-method signature="addToCartFeaturedProducts(org.selenium.pom.objects.Product)[pri:0, instance:org.selenium.pom.tests.AddToCartTest@777c350f]" started-at="2022-01-22T01:12:03 CET" name="addToCartFeaturedProducts" data-provider="getFeaturedProducts" finished-at="2022-01-22T01:12:16 CET" duration-ms="13085" status="PASS">
          <params>
            <param index="0">
              <value>
                <![CDATA[org.selenium.pom.objects.Product@2092199b]]>
              </value>
            </param>
          </params>
          <reporter-output>
          </reporter-output>
        </test-method> <!-- addToCartFeaturedProducts -->
        <test-method is-config="true" signature="stopDriver(org.testng.ITestResult,java.lang.String)[pri:0, instance:org.selenium.pom.tests.AddToCartTest@777c350f]" started-at="2022-01-22T01:12:12 CET" name="stopDriver" finished-at="2022-01-22T01:12:27 CET" duration-ms="15152" status="PASS">
          <params>
            <param index="0">
              <value>
                <![CDATA[[TestResult name=addToCartFeaturedProducts status=SUCCESS method=AddToCartTest.addToCartFeaturedProducts(org.selenium.pom.objects.Product)[pri:0, instance:org.selenium.pom.tests.AddToCartTest@777c350f] output={null}]]]>
              </value>
            </param>
            <param index="1">
              <value>
                <![CDATA[FIREFOX]]>
              </value>
            </param>
          </params>
          <reporter-output>
          </reporter-output>
        </test-method> <!-- stopDriver -->
        <test-method is-config="true" signature="stopDriver(org.testng.ITestResult,java.lang.String)[pri:0, instance:org.selenium.pom.tests.AddToCartTest@777c350f]" started-at="2022-01-22T01:12:13 CET" name="stopDriver" finished-at="2022-01-22T01:12:26 CET" duration-ms="13094" status="PASS">
          <params>
            <param index="0">
              <value>
                <![CDATA[[TestResult name=addToCartBraceletsFromStorePage status=SUCCESS method=AddToCartTest.addToCartBraceletsFromStorePage(org.selenium.pom.objects.Product)[pri:0, instance:org.selenium.pom.tests.AddToCartTest@777c350f] output={null}]]]>
              </value>
            </param>
            <param index="1">
              <value>
                <![CDATA[FIREFOX]]>
              </value>
            </param>
          </params>
          <reporter-output>
          </reporter-output>
        </test-method> <!-- stopDriver -->
        <test-method is-config="true" signature="stopDriver(org.testng.ITestResult,java.lang.String)[pri:0, instance:org.selenium.pom.tests.AddToCartTest@777c350f]" started-at="2022-01-22T01:12:13 CET" name="stopDriver" finished-at="2022-01-22T01:12:26 CET" duration-ms="13593" status="PASS">
          <params>
            <param index="0">
              <value>
                <![CDATA[[TestResult name=addToCartFeaturedProducts status=SUCCESS method=AddToCartTest.addToCartFeaturedProducts(org.selenium.pom.objects.Product)[pri:0, instance:org.selenium.pom.tests.AddToCartTest@777c350f] output={null}]]]>
              </value>
            </param>
            <param index="1">
              <value>
                <![CDATA[FIREFOX]]>
              </value>
            </param>
          </params>
          <reporter-output>
          </reporter-output>
        </test-method> <!-- stopDriver -->
        <test-method is-config="true" signature="stopDriver(org.testng.ITestResult,java.lang.String)[pri:0, instance:org.selenium.pom.tests.AddToCartTest@777c350f]" started-at="2022-01-22T01:12:14 CET" name="stopDriver" finished-at="2022-01-22T01:12:26 CET" duration-ms="11433" status="PASS">
          <params>
            <param index="0">
              <value>
                <![CDATA[[TestResult name=addToCartBraceletsFromStorePage status=SUCCESS method=AddToCartTest.addToCartBraceletsFromStorePage(org.selenium.pom.objects.Product)[pri:0, instance:org.selenium.pom.tests.AddToCartTest@777c350f] output={null}]]]>
              </value>
            </param>
            <param index="1">
              <value>
                <![CDATA[FIREFOX]]>
              </value>
            </param>
          </params>
          <reporter-output>
          </reporter-output>
        </test-method> <!-- stopDriver -->
        <test-method is-config="true" signature="stopDriver(org.testng.ITestResult,java.lang.String)[pri:0, instance:org.selenium.pom.tests.AddToCartTest@777c350f]" started-at="2022-01-22T01:12:16 CET" name="stopDriver" finished-at="2022-01-22T01:12:27 CET" duration-ms="11078" status="PASS">
          <params>
            <param index="0">
              <value>
                <![CDATA[[TestResult name=addToCartFeaturedProducts status=SUCCESS method=AddToCartTest.addToCartFeaturedProducts(org.selenium.pom.objects.Product)[pri:0, instance:org.selenium.pom.tests.AddToCartTest@777c350f] output={null}]]]>
              </value>
            </param>
            <param index="1">
              <value>
                <![CDATA[FIREFOX]]>
              </value>
            </param>
          </params>
          <reporter-output>
          </reporter-output>
        </test-method> <!-- stopDriver -->
        <test-method is-config="true" signature="stopDriver(org.testng.ITestResult,java.lang.String)[pri:0, instance:org.selenium.pom.tests.AddToCartTest@777c350f]" started-at="2022-01-22T01:12:17 CET" name="stopDriver" finished-at="2022-01-22T01:12:27 CET" duration-ms="10336" status="PASS">
          <params>
            <param index="0">
              <value>
                <![CDATA[[TestResult name=addToCartFeaturedProducts status=SUCCESS method=AddToCartTest.addToCartFeaturedProducts(org.selenium.pom.objects.Product)[pri:0, instance:org.selenium.pom.tests.AddToCartTest@777c350f] output={null}]]]>
              </value>
            </param>
            <param index="1">
              <value>
                <![CDATA[FIREFOX]]>
              </value>
            </param>
          </params>
          <reporter-output>
          </reporter-output>
        </test-method> <!-- stopDriver -->
        <test-method is-config="true" signature="stopDriver(org.testng.ITestResult,java.lang.String)[pri:0, instance:org.selenium.pom.tests.AddToCartTest@777c350f]" started-at="2022-01-22T01:12:17 CET" name="stopDriver" finished-at="2022-01-22T01:12:26 CET" duration-ms="8656" status="PASS">
          <params>
            <param index="0">
              <value>
                <![CDATA[[TestResult name=addToCartFeaturedProducts status=SUCCESS method=AddToCartTest.addToCartFeaturedProducts(org.selenium.pom.objects.Product)[pri:0, instance:org.selenium.pom.tests.AddToCartTest@777c350f] output={null}]]]>
              </value>
            </param>
            <param index="1">
              <value>
                <![CDATA[FIREFOX]]>
              </value>
            </param>
          </params>
          <reporter-output>
          </reporter-output>
        </test-method> <!-- stopDriver -->
        <test-method is-config="true" signature="stopDriver(org.testng.ITestResult,java.lang.String)[pri:0, instance:org.selenium.pom.tests.AddToCartTest@777c350f]" started-at="2022-01-22T01:12:20 CET" name="stopDriver" finished-at="2022-01-22T01:12:27 CET" duration-ms="7405" status="PASS">
          <params>
            <param index="0">
              <value>
                <![CDATA[[TestResult name=addToCartFromStorePage status=SUCCESS method=AddToCartTest.addToCartFromStorePage()[pri:0, instance:org.selenium.pom.tests.AddToCartTest@777c350f] output={null}]]]>
              </value>
            </param>
            <param index="1">
              <value>
                <![CDATA[FIREFOX]]>
              </value>
            </param>
          </params>
          <reporter-output>
          </reporter-output>
        </test-method> <!-- stopDriver -->
      </class> <!-- org.selenium.pom.tests.AddToCartTest -->
      <class name="org.selenium.pom.tests.LoginTest">
        <test-method is-config="true" signature="startDriver(java.lang.String)[pri:0, instance:org.selenium.pom.tests.LoginTest@4c9e38]" started-at="2022-01-22T01:11:14 CET" name="startDriver" finished-at="2022-01-22T01:12:03 CET" duration-ms="49064" status="PASS">
          <params>
            <param index="0">
              <value>
                <![CDATA[FIREFOX]]>
              </value>
            </param>
          </params>
          <reporter-output>
          </reporter-output>
        </test-method> <!-- startDriver -->
        <test-method signature="login()[pri:0, instance:org.selenium.pom.tests.LoginTest@4c9e38]" started-at="2022-01-22T01:12:03 CET" name="login" finished-at="2022-01-22T01:12:19 CET" duration-ms="16400" status="PASS">
          <reporter-output>
          </reporter-output>
        </test-method> <!-- login -->
        <test-method is-config="true" signature="stopDriver(org.testng.ITestResult,java.lang.String)[pri:0, instance:org.selenium.pom.tests.LoginTest@4c9e38]" started-at="2022-01-22T01:12:21 CET" name="stopDriver" finished-at="2022-01-22T01:12:27 CET" duration-ms="6140" status="PASS">
          <params>
            <param index="0">
              <value>
                <![CDATA[[TestResult name=login status=SUCCESS method=LoginTest.login()[pri:0, instance:org.selenium.pom.tests.LoginTest@4c9e38] output={null}]]]>
              </value>
            </param>
            <param index="1">
              <value>
                <![CDATA[FIREFOX]]>
              </value>
            </param>
          </params>
          <reporter-output>
          </reporter-output>
        </test-method> <!-- stopDriver -->
        <test-method is-config="true" signature="startDriver(java.lang.String)[pri:0, instance:org.selenium.pom.tests.LoginTest@4c9e38]" started-at="2022-01-22T01:12:26 CET" name="startDriver" finished-at="2022-01-22T01:12:39 CET" duration-ms="13251" status="PASS">
          <params>
            <param index="0">
              <value>
                <![CDATA[FIREFOX]]>
              </value>
            </param>
          </params>
          <reporter-output>
          </reporter-output>
        </test-method> <!-- startDriver -->
        <test-method signature="loginDuringCheckout()[pri:0, instance:org.selenium.pom.tests.LoginTest@4c9e38]" started-at="2022-01-22T01:12:39 CET" name="loginDuringCheckout" finished-at="2022-01-22T01:12:55 CET" duration-ms="16284" status="PASS">
          <reporter-output>
          </reporter-output>
        </test-method> <!-- loginDuringCheckout -->
        <test-method is-config="true" signature="stopDriver(org.testng.ITestResult,java.lang.String)[pri:0, instance:org.selenium.pom.tests.LoginTest@4c9e38]" started-at="2022-01-22T01:12:56 CET" name="stopDriver" finished-at="2022-01-22T01:13:00 CET" duration-ms="3627" status="PASS">
          <params>
            <param index="0">
              <value>
                <![CDATA[[TestResult name=loginDuringCheckout status=SUCCESS method=LoginTest.loginDuringCheckout()[pri:0, instance:org.selenium.pom.tests.LoginTest@4c9e38] output={null}]]]>
              </value>
            </param>
            <param index="1">
              <value>
                <![CDATA[FIREFOX]]>
              </value>
            </param>
          </params>
          <reporter-output>
          </reporter-output>
        </test-method> <!-- stopDriver -->
      </class> <!-- org.selenium.pom.tests.LoginTest -->
      <class name="org.selenium.pom.tests.MyFirstTestCase">
        <test-method is-config="true" signature="startDriver(java.lang.String)[pri:0, instance:org.selenium.pom.tests.MyFirstTestCase@5d1e09bc]" started-at="2022-01-22T01:12:27 CET" name="startDriver" finished-at="2022-01-22T01:12:39 CET" duration-ms="11808" status="PASS">
          <params>
            <param index="0">
              <value>
                <![CDATA[FIREFOX]]>
              </value>
            </param>
          </params>
          <reporter-output>
          </reporter-output>
        </test-method> <!-- startDriver -->
        <test-method is-config="true" signature="startDriver(java.lang.String)[pri:0, instance:org.selenium.pom.tests.MyFirstTestCase@5d1e09bc]" started-at="2022-01-22T01:12:27 CET" name="startDriver" finished-at="2022-01-22T01:12:39 CET" duration-ms="11268" status="PASS">
          <params>
            <param index="0">
              <value>
                <![CDATA[FIREFOX]]>
              </value>
            </param>
          </params>
          <reporter-output>
          </reporter-output>
        </test-method> <!-- startDriver -->
        <test-method signature="loginAndCheckoutUsingDirectBankTransfer()[pri:0, instance:org.selenium.pom.tests.MyFirstTestCase@5d1e09bc]" started-at="2022-01-22T01:12:39 CET" name="loginAndCheckoutUsingDirectBankTransfer" finished-at="2022-01-22T01:12:58 CET" duration-ms="19409" status="PASS">
          <reporter-output>
          </reporter-output>
        </test-method> <!-- loginAndCheckoutUsingDirectBankTransfer -->
        <test-method signature="guestCheckoutUsingDirectBankTransfer()[pri:0, instance:org.selenium.pom.tests.MyFirstTestCase@5d1e09bc]" started-at="2022-01-22T01:12:39 CET" name="guestCheckoutUsingDirectBankTransfer" finished-at="2022-01-22T01:12:57 CET" duration-ms="17912" status="PASS">
          <reporter-output>
          </reporter-output>
        </test-method> <!-- guestCheckoutUsingDirectBankTransfer -->
        <test-method is-config="true" signature="stopDriver(org.testng.ITestResult,java.lang.String)[pri:0, instance:org.selenium.pom.tests.MyFirstTestCase@5d1e09bc]" started-at="2022-01-22T01:12:59 CET" name="stopDriver" finished-at="2022-01-22T01:13:02 CET" duration-ms="2779" status="PASS">
          <params>
            <param index="0">
              <value>
                <![CDATA[[TestResult name=guestCheckoutUsingDirectBankTransfer status=SUCCESS method=MyFirstTestCase.guestCheckoutUsingDirectBankTransfer()[pri:0, instance:org.selenium.pom.tests.MyFirstTestCase@5d1e09bc] output={null}]]]>
              </value>
            </param>
            <param index="1">
              <value>
                <![CDATA[FIREFOX]]>
              </value>
            </param>
          </params>
          <reporter-output>
          </reporter-output>
        </test-method> <!-- stopDriver -->
        <test-method is-config="true" signature="stopDriver(org.testng.ITestResult,java.lang.String)[pri:0, instance:org.selenium.pom.tests.MyFirstTestCase@5d1e09bc]" started-at="2022-01-22T01:13:00 CET" name="stopDriver" finished-at="2022-01-22T01:13:02 CET" duration-ms="2258" status="PASS">
          <params>
            <param index="0">
              <value>
                <![CDATA[[TestResult name=loginAndCheckoutUsingDirectBankTransfer status=SUCCESS method=MyFirstTestCase.loginAndCheckoutUsingDirectBankTransfer()[pri:0, instance:org.selenium.pom.tests.MyFirstTestCase@5d1e09bc] output={null}]]]>
              </value>
            </param>
            <param index="1">
              <value>
                <![CDATA[FIREFOX]]>
              </value>
            </param>
          </params>
          <reporter-output>
          </reporter-output>
        </test-method> <!-- stopDriver -->
      </class> <!-- org.selenium.pom.tests.MyFirstTestCase -->
    </test> <!-- Firefox -->
  </suite> <!-- Default Suite -->
</testng-results>
