<?xml version="1.0" encoding="UTF-8" ?>
<testsuite tests="8" failures="0" name="TestSuite" time="52.809" errors="0" skipped="0">
  <properties>
[...]
</properties>
  <testcase classname="org.selenium.pom.tests.AddToCartTest" name="addToCartFromStorePage" time="3.439"/>
  <testcase classname="org.selenium.pom.tests.CheckoutTest" name="guestCheckoutUsingDirectBankTransfer" time="8.978"/>
  <testcase classname="org.selenium.pom.tests.CheckoutTest" name="loginAndCheckoutUsingDirectBankTransfer" time="8.041"/>
  <testcase classname="org.selenium.pom.tests.LoginTest" name="loginDuringCheckout" time="8.373"/>
  <testcase classname="org.selenium.pom.tests.MyFirstTestCase" name="guestCheckoutUsingDirectBankTransfer" time="8.94"/>
  <testcase classname="org.selenium.pom.tests.MyFirstTestCase" name="loginAndCheckoutUsingDirectBankTransfer" time="11.084"/>
  <testcase classname="org.selenium.pom.tests.NavigationTest" name="navigateFromHomeToStoreUsingMainMenu" time="1.752"/>
  <testcase classname="org.selenium.pom.tests.SearchTest" name="searchWithPartialMatch" time="2.202"/>
</testsuite>